#
# There is insufficient memory for the Java Runtime Environment to continue.
# Native memory allocation (mmap) failed to map 10485760 bytes for G1 virtual space
# Possible reasons:
#   The system is out of physical RAM or swap space
#   The process is running with CompressedOops enabled, and the Java Heap may be blocking the growth of the native heap
# Possible solutions:
#   Reduce memory load on the system
#   Increase physical memory or swap space
#   Check if swap backing store is full
#   Decrease Java heap size (-Xmx/-Xms)
#   Decrease number of Java threads
#   Decrease Java thread stack sizes (-Xss)
#   Set larger code cache with -XX:ReservedCodeCacheSize=
#   JVM is running with Unscaled Compressed Oops mode in which the Java heap is
#     placed in the first 4GB address space. The Java Heap base address is the
#     maximum limit for the native heap growth. Please use -XX:HeapBaseMinAddress
#     to set the Java Heap base and to place the Java Heap above 4GB virtual address.
# This output file may be truncated or incomplete.
#
#  Out of Memory Error (os_windows.cpp:3769), pid=17248, tid=16688
#
# JRE version: OpenJDK Runtime Environment (17.0.6) (build 17.0.6+0-b2043.56-9586694)
# Java VM: OpenJDK 64-Bit Server VM (17.0.6+0-b2043.56-9586694, mixed mode, tiered, compressed oops, compressed class ptrs, g1 gc, windows-amd64)
# No core dump will be written. Minidumps are not enabled by default on client versions of Windows
#

---------------  S U M M A R Y ------------

Command Line: --add-opens=java.base/java.util=ALL-UNNAMED --add-opens=java.base/java.lang=ALL-UNNAMED --add-opens=java.base/java.lang.invoke=ALL-UNNAMED --add-opens=java.prefs/java.util.prefs=ALL-UNNAMED --add-opens=java.base/java.nio.charset=ALL-UNNAMED --add-opens=java.base/java.net=ALL-UNNAMED --add-opens=java.base/java.util.concurrent.atomic=ALL-UNNAMED -Xmx2048m -Dfile.encoding=UTF-8 -Duser.country=RU -Duser.language=ru -Duser.variant org.gradle.launcher.daemon.bootstrap.GradleDaemon 8.0

Host: AMD Ryzen 7 3700U with Radeon Vega Mobile Gfx  , 8 cores, 5G,  Windows 10 , 64 bit Build 19041 (10.0.19041.3636)
Time: Wed Dec 13 22:47:08 2023  Windows 10 , 64 bit Build 19041 (10.0.19041.3636) elapsed time: 19.189605 seconds (0d 0h 0m 19s)

---------------  T H R E A D  ---------------

Current thread (0x0000022630474c60):  VMThread "VM Thread" [stack: 0x0000006474c00000,0x0000006474d00000] [id=16688]

Stack: [0x0000006474c00000,0x0000006474d00000]
Native frames: (J=compiled Java code, j=interpreted, Vv=VM code, C=native code)
V  [jvm.dll+0x683b4a]
V  [jvm.dll+0x842654]
V  [jvm.dll+0x843dfe]
V  [jvm.dll+0x844463]
V  [jvm.dll+0x249b75]
V  [jvm.dll+0x680a19]
V  [jvm.dll+0x674f0a]
V  [jvm.dll+0x309acb]
V  [jvm.dll+0x310f86]
V  [jvm.dll+0x3608ee]
V  [jvm.dll+0x360b1f]
V  [jvm.dll+0x2dfbf8]
V  [jvm.dll+0x2e2ce6]
V  [jvm.dll+0x2ed478]
V  [jvm.dll+0x322150]
V  [jvm.dll+0x84893b]
V  [jvm.dll+0x849674]
V  [jvm.dll+0x849b8d]
V  [jvm.dll+0x849f64]
V  [jvm.dll+0x84a030]
V  [jvm.dll+0x7f25fa]
V  [jvm.dll+0x682985]
C  [ucrtbase.dll+0x21bb2]
C  [KERNEL32.DLL+0x17344]
C  [ntdll.dll+0x526b1]

VM_Operation (0x00000064748ff690): G1Concurrent, mode: safepoint, requested by thread 0x00000226146b8a70


---------------  P R O C E S S  ---------------

Threads class SMR info:
_java_thread_list=0x0000022633e31410, length=41, elements={
0x0000022614649030, 0x0000022630498a10, 0x000002263049b080, 0x0000022630486840,
0x00000226304b01a0, 0x00000226304b0a60, 0x00000226304b1ac0, 0x00000226304b6350,
0x00000226304b6c50, 0x00000226304bc8f0, 0x00000226311aeb70, 0x00000226311da6d0,
0x000002263273bee0, 0x0000022632b2d080, 0x00000226313800a0, 0x00000226313a39a0,
0x00000226313a3e70, 0x0000022632a203f0, 0x0000022631fcffe0, 0x0000022631fbbf00,
0x0000022631fb93b0, 0x0000022631fb9d50, 0x0000022631fba220, 0x0000022631fba6f0,
0x0000022631fbabc0, 0x0000022631fbb560, 0x0000022631fbb090, 0x0000022631fbba30,
0x0000022631fb8ee0, 0x0000022631fbc8a0, 0x0000022631fbc3d0, 0x0000022631fb9880,
0x0000022635388830, 0x000002263538d530, 0x000002263538aeb0, 0x000002263538da00,
0x0000022635388d00, 0x000002263538a9e0, 0x000002263538b380, 0x0000022635388360,
0x000002263538d060
}

Java Threads: ( => current thread )
  0x0000022614649030 JavaThread "main" [_thread_blocked, id=10080, stack(0x0000006474600000,0x0000006474700000)]
  0x0000022630498a10 JavaThread "Reference Handler" daemon [_thread_blocked, id=31664, stack(0x0000006474d00000,0x0000006474e00000)]
  0x000002263049b080 JavaThread "Finalizer" daemon [_thread_blocked, id=18708, stack(0x0000006474e00000,0x0000006474f00000)]
  0x0000022630486840 JavaThread "Signal Dispatcher" daemon [_thread_blocked, id=9544, stack(0x0000006474f00000,0x0000006475000000)]
  0x00000226304b01a0 JavaThread "Attach Listener" daemon [_thread_blocked, id=14676, stack(0x0000006475000000,0x0000006475100000)]
  0x00000226304b0a60 JavaThread "Service Thread" daemon [_thread_blocked, id=25932, stack(0x0000006475100000,0x0000006475200000)]
  0x00000226304b1ac0 JavaThread "Monitor Deflation Thread" daemon [_thread_blocked, id=26412, stack(0x0000006475200000,0x0000006475300000)]
  0x00000226304b6350 JavaThread "C2 CompilerThread0" daemon [_thread_in_native, id=10788, stack(0x0000006475300000,0x0000006475400000)]
  0x00000226304b6c50 JavaThread "C1 CompilerThread0" daemon [_thread_blocked, id=22016, stack(0x0000006475400000,0x0000006475500000)]
  0x00000226304bc8f0 JavaThread "Sweeper thread" daemon [_thread_blocked, id=17316, stack(0x0000006475500000,0x0000006475600000)]
  0x00000226311aeb70 JavaThread "Common-Cleaner" daemon [_thread_blocked, id=5272, stack(0x0000006475600000,0x0000006475700000)]
  0x00000226311da6d0 JavaThread "Notification Thread" daemon [_thread_blocked, id=1712, stack(0x0000006475700000,0x0000006475800000)]
  0x000002263273bee0 JavaThread "Daemon health stats" [_thread_blocked, id=10128, stack(0x0000006475d00000,0x0000006475e00000)]
  0x0000022632b2d080 JavaThread "Incoming local TCP Connector on port 50857" [_thread_in_native, id=13272, stack(0x0000006475e00000,0x0000006475f00000)]
  0x00000226313800a0 JavaThread "Daemon periodic checks" [_thread_blocked, id=25624, stack(0x0000006475f00000,0x0000006476000000)]
  0x00000226313a39a0 JavaThread "Daemon" [_thread_blocked, id=7112, stack(0x0000006476000000,0x0000006476100000)]
  0x00000226313a3e70 JavaThread "Handler for socket connection from /127.0.0.1:50857 to /127.0.0.1:50859" [_thread_in_native, id=1088, stack(0x0000006476100000,0x0000006476200000)]
  0x0000022632a203f0 JavaThread "Cancel handler" [_thread_blocked, id=23912, stack(0x0000006476200000,0x0000006476300000)]
  0x0000022631fcffe0 JavaThread "Daemon worker" [_thread_blocked, id=12284, stack(0x0000006476300000,0x0000006476400000)]
  0x0000022631fbbf00 JavaThread "Asynchronous log dispatcher for DefaultDaemonConnection: socket connection from /127.0.0.1:50857 to /127.0.0.1:50859" [_thread_blocked, id=12496, stack(0x0000006476400000,0x0000006476500000)]
  0x0000022631fb93b0 JavaThread "Stdin handler" [_thread_blocked, id=29100, stack(0x0000006476500000,0x0000006476600000)]
  0x0000022631fb9d50 JavaThread "Daemon client event forwarder" [_thread_blocked, id=13232, stack(0x0000006476600000,0x0000006476700000)]
  0x0000022631fba220 JavaThread "Cache worker for journal cache (C:\Users\tynys\.gradle\caches\journal-1)" [_thread_blocked, id=28740, stack(0x0000006476b00000,0x0000006476c00000)]
  0x0000022631fba6f0 JavaThread "File lock request listener" [_thread_in_native, id=26504, stack(0x0000006476c00000,0x0000006476d00000)]
  0x0000022631fbabc0 JavaThread "Cache worker for file hash cache (C:\Users\tynys\.gradle\caches\8.0\fileHashes)" [_thread_blocked, id=6792, stack(0x0000006476d00000,0x0000006476e00000)]
  0x0000022631fbb560 JavaThread "File watcher server" daemon [_thread_in_native, id=20928, stack(0x0000006476e00000,0x0000006476f00000)]
  0x0000022631fbb090 JavaThread "File watcher consumer" daemon [_thread_blocked, id=19468, stack(0x0000006476f00000,0x0000006477000000)]
  0x0000022631fbba30 JavaThread "jar transforms" [_thread_blocked, id=25748, stack(0x0000006477000000,0x0000006477100000)]
  0x0000022631fb8ee0 JavaThread "jar transforms Thread 2" [_thread_blocked, id=18692, stack(0x0000006477100000,0x0000006477200000)]
  0x0000022631fbc8a0 JavaThread "jar transforms Thread 3" [_thread_blocked, id=13512, stack(0x0000006477200000,0x0000006477300000)]
  0x0000022631fbc3d0 JavaThread "jar transforms Thread 4" [_thread_blocked, id=24664, stack(0x0000006477300000,0x0000006477400000)]
  0x0000022631fb9880 JavaThread "jar transforms Thread 5" [_thread_blocked, id=20500, stack(0x0000006477400000,0x0000006477500000)]
  0x0000022635388830 JavaThread "jar transforms Thread 6" [_thread_blocked, id=23628, stack(0x0000006477500000,0x0000006477600000)]
  0x000002263538d530 JavaThread "jar transforms Thread 7" [_thread_blocked, id=22456, stack(0x0000006477600000,0x0000006477700000)]
  0x000002263538aeb0 JavaThread "jar transforms Thread 8" [_thread_blocked, id=6904, stack(0x0000006477700000,0x0000006477800000)]
  0x000002263538da00 JavaThread "Cache worker for checksums cache (C:\Users\tynys\AndroidStudioProjects\LoveCalculate522\.gradle\8.0\checksums)" [_thread_blocked, id=14044, stack(0x0000006477800000,0x0000006477900000)]
  0x0000022635388d00 JavaThread "Cache worker for cache directory md-rule (C:\Users\tynys\.gradle\caches\8.0\md-rule)" [_thread_blocked, id=11904, stack(0x0000006477900000,0x0000006477a00000)]
  0x000002263538a9e0 JavaThread "Cache worker for file content cache (C:\Users\tynys\.gradle\caches\8.0\fileContent)" [_thread_blocked, id=12860, stack(0x0000006477a00000,0x0000006477b00000)]
  0x000002263538b380 JavaThread "Cache worker for file hash cache (C:\Users\tynys\AndroidStudioProjects\LoveCalculate522\.gradle\8.0\fileHashes)" [_thread_blocked, id=20356, stack(0x0000006477b00000,0x0000006477c00000)]
  0x0000022635388360 JavaThread "Cache worker for cache directory md-supplier (C:\Users\tynys\.gradle\caches\8.0\md-supplier)" [_thread_blocked, id=12520, stack(0x0000006477c00000,0x0000006477d00000)]
  0x000002263538d060 JavaThread "Cache worker for execution history cache (C:\Users\tynys\.gradle\caches\8.0\executionHistory)" [_thread_blocked, id=29980, stack(0x0000006477d00000,0x0000006477e00000)]

Other Threads:
=>0x0000022630474c60 VMThread "VM Thread" [stack: 0x0000006474c00000,0x0000006474d00000] [id=16688]
  0x00000226311dcbb0 WatcherThread [stack: 0x0000006475800000,0x0000006475900000] [id=31440]
  0x00000226146a7c20 GCTaskThread "GC Thread#0" [stack: 0x0000006474700000,0x0000006474800000] [id=27488]
  0x0000022631568db0 GCTaskThread "GC Thread#1" [stack: 0x0000006475900000,0x0000006475a00000] [id=11716]
  0x0000022631d6f090 GCTaskThread "GC Thread#2" [stack: 0x0000006475a00000,0x0000006475b00000] [id=21180]
  0x00000226316ea910 GCTaskThread "GC Thread#3" [stack: 0x0000006475b00000,0x0000006475c00000] [id=27540]
  0x0000022631e7b710 GCTaskThread "GC Thread#4" [stack: 0x0000006475c00000,0x0000006475d00000] [id=8520]
  0x00000226315cd990 GCTaskThread "GC Thread#5" [stack: 0x0000006476700000,0x0000006476800000] [id=24176]
  0x0000022631ce3a70 GCTaskThread "GC Thread#6" [stack: 0x0000006476800000,0x0000006476900000] [id=22536]
  0x0000022632ad79e0 GCTaskThread "GC Thread#7" [stack: 0x0000006476900000,0x0000006476a00000] [id=16084]
  0x00000226146b8a70 ConcurrentGCThread "G1 Main Marker" [stack: 0x0000006474800000,0x0000006474900000] [id=29928]
  0x00000226146b9b30 ConcurrentGCThread "G1 Conc#0" [stack: 0x0000006474900000,0x0000006474a00000] [id=22832]
  0x0000022631d03c40 ConcurrentGCThread "G1 Conc#1" [stack: 0x0000006476a00000,0x0000006476b00000] [id=21948]
  0x00000226302d0490 ConcurrentGCThread "G1 Refine#0" [stack: 0x0000006474a00000,0x0000006474b00000] [id=5672]
  0x000002261471afc0 ConcurrentGCThread "G1 Service" [stack: 0x0000006474b00000,0x0000006474c00000] [id=29592]

Threads with active compile tasks:
C2 CompilerThread0    19260 3918       4       java.lang.ClassLoader::defineClass (43 bytes)

VM state: at safepoint (normal execution)

VM Mutex/Monitor currently owned by a thread:  ([mutex/lock_event])
[0x0000022614644da0] Threads_lock - owner thread: 0x0000022630474c60
[0x0000022614644ad0] Heap_lock - owner thread: 0x00000226146b8a70

Heap address: 0x0000000080000000, size: 2048 MB, Compressed Oops mode: 32-bit

CDS archive(s) not mapped
Compressed class space mapped at: 0x0000000100000000-0x0000000140000000, reserved size: 1073741824
Narrow klass base: 0x0000000000000000, Narrow klass shift: 3, Narrow klass range: 0x140000000

GC Precious Log:
 CPUs: 8 total, 8 available
 Memory: 6091M
 Large Page Support: Disabled
 NUMA Support: Disabled
 Compressed Oops: Enabled (32-bit)
 Heap Region Size: 1M
 Heap Min Capacity: 8M
 Heap Initial Capacity: 96M
 Heap Max Capacity: 2G
 Pre-touch: Disabled
 Parallel Workers: 8
 Concurrent Workers: 2
 Concurrent Refinement Workers: 8
 Periodic GC: Disabled

Heap:
 garbage-first heap   total 133120K, used 83742K [0x0000000080000000, 0x0000000100000000)
  region size 1024K, 4 young (4096K), 3 survivors (3072K)
 Metaspace       used 46633K, committed 47104K, reserved 1089536K
  class space    used 6193K, committed 6400K, reserved 1048576K

Heap Regions: E=young(eden), S=young(survivor), O=old, HS=humongous(starts), HC=humongous(continues), CS=collection set, F=free, OA=open archive, CA=closed archive, TAMS=top-at-mark-start (previous, next)
|   0|0x0000000080000000, 0x0000000080100000, 0x0000000080100000|100%|HS|  |TAMS 0x0000000080100000, 0x0000000080000000| Complete 
|   1|0x0000000080100000, 0x0000000080200000, 0x0000000080200000|100%|HC|  |TAMS 0x0000000080200000, 0x0000000080100000| Complete 
|   2|0x0000000080200000, 0x0000000080300000, 0x0000000080300000|100%|HC|  |TAMS 0x0000000080300000, 0x0000000080200000| Complete 
|   3|0x0000000080300000, 0x0000000080400000, 0x0000000080400000|100%|HC|  |TAMS 0x0000000080400000, 0x0000000080300000| Complete 
|   4|0x0000000080400000, 0x0000000080500000, 0x0000000080500000|100%| O|  |TAMS 0x0000000080500000, 0x0000000080400000| Untracked 
|   5|0x0000000080500000, 0x0000000080600000, 0x0000000080600000|100%| O|  |TAMS 0x0000000080600000, 0x0000000080500000| Untracked 
|   6|0x0000000080600000, 0x0000000080700000, 0x0000000080700000|100%| O|  |TAMS 0x0000000080700000, 0x0000000080600000| Untracked 
|   7|0x0000000080700000, 0x00000000807f9200, 0x0000000080800000| 97%| O|  |TAMS 0x00000000807f9200, 0x0000000080700000| Updating 
|   8|0x0000000080800000, 0x0000000080900000, 0x0000000080900000|100%| O|  |TAMS 0x0000000080900000, 0x0000000080800000| Untracked 
|   9|0x0000000080900000, 0x0000000080a00000, 0x0000000080a00000|100%| O|  |TAMS 0x0000000080a00000, 0x0000000080900000| Updating 
|  10|0x0000000080a00000, 0x0000000080b00000, 0x0000000080b00000|100%| O|  |TAMS 0x0000000080b00000, 0x0000000080a00000| Untracked 
|  11|0x0000000080b00000, 0x0000000080c00000, 0x0000000080c00000|100%| O|  |TAMS 0x0000000080c00000, 0x0000000080b00000| Untracked 
|  12|0x0000000080c00000, 0x0000000080d00000, 0x0000000080d00000|100%| O|  |TAMS 0x0000000080d00000, 0x0000000080c00000| Untracked 
|  13|0x0000000080d00000, 0x0000000080e00000, 0x0000000080e00000|100%| O|  |TAMS 0x0000000080e00000, 0x0000000080d00000| Untracked 
|  14|0x0000000080e00000, 0x0000000080f00000, 0x0000000080f00000|100%| O|  |TAMS 0x0000000080f00000, 0x0000000080e00000| Untracked 
|  15|0x0000000080f00000, 0x0000000081000000, 0x0000000081000000|100%| O|  |TAMS 0x0000000081000000, 0x0000000080f00000| Untracked 
|  16|0x0000000081000000, 0x0000000081100000, 0x0000000081100000|100%| O|  |TAMS 0x0000000081100000, 0x0000000081000000| Untracked 
|  17|0x0000000081100000, 0x0000000081200000, 0x0000000081200000|100%| O|  |TAMS 0x0000000081200000, 0x0000000081100000| Updating 
|  18|0x0000000081200000, 0x0000000081300000, 0x0000000081300000|100%| O|  |TAMS 0x0000000081300000, 0x0000000081200000| Untracked 
|  19|0x0000000081300000, 0x0000000081400000, 0x0000000081400000|100%| O|  |TAMS 0x0000000081400000, 0x0000000081300000| Untracked 
|  20|0x0000000081400000, 0x0000000081500000, 0x0000000081500000|100%| O|  |TAMS 0x0000000081500000, 0x0000000081400000| Updating 
|  21|0x0000000081500000, 0x0000000081600000, 0x0000000081600000|100%|HS|  |TAMS 0x0000000081600000, 0x0000000081500000| Complete 
|  22|0x0000000081600000, 0x0000000081700000, 0x0000000081700000|100%|HC|  |TAMS 0x0000000081700000, 0x0000000081600000| Complete 
|  23|0x0000000081700000, 0x0000000081800000, 0x0000000081800000|100%|HS|  |TAMS 0x0000000081800000, 0x0000000081700000| Complete 
|  24|0x0000000081800000, 0x0000000081900000, 0x0000000081900000|100%|HC|  |TAMS 0x0000000081900000, 0x0000000081800000| Complete 
|  25|0x0000000081900000, 0x0000000081a00000, 0x0000000081a00000|100%|HC|  |TAMS 0x0000000081a00000, 0x0000000081900000| Complete 
|  26|0x0000000081a00000, 0x0000000081b00000, 0x0000000081b00000|100%|HS|  |TAMS 0x0000000081b00000, 0x0000000081a00000| Complete 
|  27|0x0000000081b00000, 0x0000000081c00000, 0x0000000081c00000|100%|HC|  |TAMS 0x0000000081c00000, 0x0000000081b00000| Complete 
|  28|0x0000000081c00000, 0x0000000081d00000, 0x0000000081d00000|100%|HC|  |TAMS 0x0000000081d00000, 0x0000000081c00000| Complete 
|  29|0x0000000081d00000, 0x0000000081e00000, 0x0000000081e00000|100%|HS|  |TAMS 0x0000000081e00000, 0x0000000081d00000| Complete 
|  30|0x0000000081e00000, 0x0000000081f00000, 0x0000000081f00000|100%|HC|  |TAMS 0x0000000081f00000, 0x0000000081e00000| Complete 
|  31|0x0000000081f00000, 0x0000000082000000, 0x0000000082000000|100%| O|  |TAMS 0x0000000082000000, 0x0000000081f00000| Untracked 
|  32|0x0000000082000000, 0x0000000082100000, 0x0000000082100000|100%| O|  |TAMS 0x0000000082100000, 0x0000000082000000| Untracked 
|  33|0x0000000082100000, 0x0000000082200000, 0x0000000082200000|100%| O|  |TAMS 0x0000000082200000, 0x0000000082100000| Untracked 
|  34|0x0000000082200000, 0x0000000082300000, 0x0000000082300000|100%|HS|  |TAMS 0x0000000082300000, 0x0000000082200000| Complete 
|  35|0x0000000082300000, 0x0000000082400000, 0x0000000082400000|100%|HC|  |TAMS 0x0000000082400000, 0x0000000082300000| Complete 
|  36|0x0000000082400000, 0x0000000082500000, 0x0000000082500000|100%|HC|  |TAMS 0x0000000082500000, 0x0000000082400000| Complete 
|  37|0x0000000082500000, 0x0000000082600000, 0x0000000082600000|100%|HC|  |TAMS 0x0000000082600000, 0x0000000082500000| Complete 
|  38|0x0000000082600000, 0x0000000082700000, 0x0000000082700000|100%|HC|  |TAMS 0x0000000082700000, 0x0000000082600000| Complete 
|  39|0x0000000082700000, 0x0000000082800000, 0x0000000082800000|100%|HC|  |TAMS 0x0000000082800000, 0x0000000082700000| Complete 
|  40|0x0000000082800000, 0x0000000082900000, 0x0000000082900000|100%|HS|  |TAMS 0x0000000082900000, 0x0000000082800000| Complete 
|  41|0x0000000082900000, 0x0000000082a00000, 0x0000000082a00000|100%|HS|  |TAMS 0x0000000082a00000, 0x0000000082900000| Complete 
|  42|0x0000000082a00000, 0x0000000082b00000, 0x0000000082b00000|100%|HC|  |TAMS 0x0000000082b00000, 0x0000000082a00000| Complete 
|  43|0x0000000082b00000, 0x0000000082c00000, 0x0000000082c00000|100%|HC|  |TAMS 0x0000000082c00000, 0x0000000082b00000| Complete 
|  44|0x0000000082c00000, 0x0000000082d00000, 0x0000000082d00000|100%|HC|  |TAMS 0x0000000082d00000, 0x0000000082c00000| Complete 
|  45|0x0000000082d00000, 0x0000000082e00000, 0x0000000082e00000|100%|HC|  |TAMS 0x0000000082e00000, 0x0000000082d00000| Complete 
|  46|0x0000000082e00000, 0x0000000082f00000, 0x0000000082f00000|100%|HC|  |TAMS 0x0000000082f00000, 0x0000000082e00000| Complete 
|  47|0x0000000082f00000, 0x0000000083000000, 0x0000000083000000|100%|HC|  |TAMS 0x0000000083000000, 0x0000000082f00000| Complete 
|  48|0x0000000083000000, 0x0000000083100000, 0x0000000083100000|100%|HC|  |TAMS 0x0000000083100000, 0x0000000083000000| Complete 
|  49|0x0000000083100000, 0x0000000083200000, 0x0000000083200000|100%|HC|  |TAMS 0x0000000083200000, 0x0000000083100000| Complete 
|  50|0x0000000083200000, 0x0000000083300000, 0x0000000083300000|100%|HC|  |TAMS 0x0000000083300000, 0x0000000083200000| Complete 
|  51|0x0000000083300000, 0x0000000083400000, 0x0000000083400000|100%|HS|  |TAMS 0x0000000083400000, 0x0000000083300000| Complete 
|  52|0x0000000083400000, 0x0000000083500000, 0x0000000083500000|100%|HC|  |TAMS 0x0000000083500000, 0x0000000083400000| Complete 
|  53|0x0000000083500000, 0x0000000083600000, 0x0000000083600000|100%| O|  |TAMS 0x0000000083600000, 0x0000000083500000| Untracked 
|  54|0x0000000083600000, 0x0000000083700000, 0x0000000083700000|100%| O|  |TAMS 0x0000000083700000, 0x0000000083600000| Untracked 
|  55|0x0000000083700000, 0x0000000083800000, 0x0000000083800000|100%| O|  |TAMS 0x0000000083800000, 0x0000000083700000| Updating 
|  56|0x0000000083800000, 0x0000000083900000, 0x0000000083900000|100%| O|  |TAMS 0x0000000083900000, 0x0000000083800000| Untracked 
|  57|0x0000000083900000, 0x0000000083a00000, 0x0000000083a00000|100%| O|  |TAMS 0x0000000083a00000, 0x0000000083900000| Untracked 
|  58|0x0000000083a00000, 0x0000000083b00000, 0x0000000083b00000|100%| O|  |TAMS 0x0000000083b00000, 0x0000000083a00000| Untracked 
|  59|0x0000000083b00000, 0x0000000083c00000, 0x0000000083c00000|100%| O|  |TAMS 0x0000000083c00000, 0x0000000083b00000| Updating 
|  60|0x0000000083c00000, 0x0000000083d00000, 0x0000000083d00000|100%| O|  |TAMS 0x0000000083d00000, 0x0000000083c00000| Untracked 
|  61|0x0000000083d00000, 0x0000000083e00000, 0x0000000083e00000|100%| O|  |TAMS 0x0000000083dcde00, 0x0000000083d00000| Updating 
|  62|0x0000000083e00000, 0x0000000083f00000, 0x0000000083f00000|100%|HS|  |TAMS 0x0000000083f00000, 0x0000000083e00000| Complete 
|  63|0x0000000083f00000, 0x0000000084000000, 0x0000000084000000|100%|HC|  |TAMS 0x0000000084000000, 0x0000000083f00000| Complete 
|  64|0x0000000084000000, 0x0000000084100000, 0x0000000084100000|100%|HC|  |TAMS 0x0000000084100000, 0x0000000084000000| Complete 
|  65|0x0000000084100000, 0x0000000084200000, 0x0000000084200000|100%|HC|  |TAMS 0x0000000084200000, 0x0000000084100000| Complete 
|  66|0x0000000084200000, 0x0000000084300000, 0x0000000084300000|100%|HC|  |TAMS 0x0000000084300000, 0x0000000084200000| Complete 
|  67|0x0000000084300000, 0x0000000084400000, 0x0000000084400000|100%|HC|  |TAMS 0x0000000084400000, 0x0000000084300000| Complete 
|  68|0x0000000084400000, 0x0000000084500000, 0x0000000084500000|100%|HC|  |TAMS 0x0000000084500000, 0x0000000084400000| Complete 
|  69|0x0000000084500000, 0x0000000084600000, 0x0000000084600000|100%|HC|  |TAMS 0x0000000084600000, 0x0000000084500000| Complete 
|  70|0x0000000084600000, 0x0000000084700000, 0x0000000084700000|100%|HC|  |TAMS 0x0000000084700000, 0x0000000084600000| Complete 
|  71|0x0000000084700000, 0x0000000084800000, 0x0000000084800000|100%|HC|  |TAMS 0x0000000084800000, 0x0000000084700000| Complete 
|  72|0x0000000084800000, 0x0000000084900000, 0x0000000084900000|100%|HC|  |TAMS 0x0000000084900000, 0x0000000084800000| Complete 
|  73|0x0000000084900000, 0x0000000084a00000, 0x0000000084a00000|100%|HS|  |TAMS 0x0000000084a00000, 0x0000000084900000| Complete 
|  74|0x0000000084a00000, 0x0000000084b00000, 0x0000000084b00000|100%|HC|  |TAMS 0x0000000084b00000, 0x0000000084a00000| Complete 
|  75|0x0000000084b00000, 0x0000000084c00000, 0x0000000084c00000|100%| O|  |TAMS 0x0000000084b00000, 0x0000000084b00000| Untracked 
|  76|0x0000000084c00000, 0x0000000084c8fc00, 0x0000000084d00000| 56%| O|  |TAMS 0x0000000084c00000, 0x0000000084c00000| Updating 
|  77|0x0000000084d00000, 0x0000000084e00000, 0x0000000084e00000|100%|HS|  |TAMS 0x0000000084d00000, 0x0000000084d00000| Complete 
|  78|0x0000000084e00000, 0x0000000084f00000, 0x0000000084f00000|100%|HC|  |TAMS 0x0000000084e00000, 0x0000000084e00000| Complete 
|  79|0x0000000084f00000, 0x0000000085000000, 0x0000000085000000|100%|HC|  |TAMS 0x0000000084f00000, 0x0000000084f00000| Complete 
|  80|0x0000000085000000, 0x0000000085000000, 0x0000000085100000|  0%| F|  |TAMS 0x0000000085000000, 0x0000000085000000| Untracked 
|  81|0x0000000085100000, 0x0000000085100000, 0x0000000085200000|  0%| F|  |TAMS 0x0000000085100000, 0x0000000085100000| Untracked 
|  82|0x0000000085200000, 0x0000000085200000, 0x0000000085300000|  0%| F|  |TAMS 0x0000000085200000, 0x0000000085200000| Untracked 
|  83|0x0000000085300000, 0x0000000085300000, 0x0000000085400000|  0%| F|  |TAMS 0x0000000085300000, 0x0000000085300000| Untracked 
|  84|0x0000000085400000, 0x0000000085400000, 0x0000000085500000|  0%| F|  |TAMS 0x0000000085400000, 0x0000000085400000| Untracked 
|  85|0x0000000085500000, 0x0000000085500000, 0x0000000085600000|  0%| F|  |TAMS 0x0000000085500000, 0x0000000085500000| Untracked 
|  86|0x0000000085600000, 0x0000000085600000, 0x0000000085700000|  0%| F|  |TAMS 0x0000000085600000, 0x0000000085600000| Untracked 
|  87|0x0000000085700000, 0x0000000085700000, 0x0000000085800000|  0%| F|  |TAMS 0x0000000085700000, 0x0000000085700000| Untracked 
|  88|0x0000000085800000, 0x0000000085800000, 0x0000000085900000|  0%| F|  |TAMS 0x0000000085800000, 0x0000000085800000| Untracked 
|  89|0x0000000085900000, 0x0000000085900000, 0x0000000085a00000|  0%| F|  |TAMS 0x0000000085900000, 0x0000000085900000| Untracked 
|  90|0x0000000085a00000, 0x0000000085a00000, 0x0000000085b00000|  0%| F|  |TAMS 0x0000000085a00000, 0x0000000085a00000| Untracked 
|  91|0x0000000085b00000, 0x0000000085b00000, 0x0000000085c00000|  0%| F|  |TAMS 0x0000000085b00000, 0x0000000085b00000| Untracked 
|  92|0x0000000085c00000, 0x0000000085c00000, 0x0000000085d00000|  0%| F|  |TAMS 0x0000000085c00000, 0x0000000085c00000| Untracked 
|  93|0x0000000085d00000, 0x0000000085d00000, 0x0000000085e00000|  0%| F|  |TAMS 0x0000000085d00000, 0x0000000085d00000| Untracked 
|  94|0x0000000085e00000, 0x0000000085e00000, 0x0000000085f00000|  0%| F|  |TAMS 0x0000000085e00000, 0x0000000085e00000| Untracked 
|  95|0x0000000085f00000, 0x0000000085f00000, 0x0000000086000000|  0%| F|  |TAMS 0x0000000085f00000, 0x0000000085f00000| Untracked 
|  96|0x0000000086000000, 0x0000000086000000, 0x0000000086100000|  0%| F|  |TAMS 0x0000000086000000, 0x0000000086000000| Untracked 
|  97|0x0000000086100000, 0x0000000086100000, 0x0000000086200000|  0%| F|  |TAMS 0x0000000086100000, 0x0000000086100000| Untracked 
|  98|0x0000000086200000, 0x0000000086200000, 0x0000000086300000|  0%| F|  |TAMS 0x0000000086200000, 0x0000000086200000| Untracked 
|  99|0x0000000086300000, 0x0000000086300000, 0x0000000086400000|  0%| F|  |TAMS 0x0000000086300000, 0x0000000086300000| Untracked 
| 100|0x0000000086400000, 0x0000000086400000, 0x0000000086500000|  0%| F|  |TAMS 0x0000000086400000, 0x0000000086400000| Untracked 
| 101|0x0000000086500000, 0x0000000086500000, 0x0000000086600000|  0%| F|  |TAMS 0x0000000086500000, 0x0000000086500000| Untracked 
| 102|0x0000000086600000, 0x0000000086600000, 0x0000000086700000|  0%| F|  |TAMS 0x0000000086600000, 0x0000000086600000| Untracked 
| 103|0x0000000086700000, 0x0000000086700000, 0x0000000086800000|  0%| F|  |TAMS 0x0000000086700000, 0x0000000086700000| Untracked 
| 104|0x0000000086800000, 0x0000000086800000, 0x0000000086900000|  0%| F|  |TAMS 0x0000000086800000, 0x0000000086800000| Untracked 
| 105|0x0000000086900000, 0x0000000086900000, 0x0000000086a00000|  0%| F|  |TAMS 0x0000000086900000, 0x0000000086900000| Untracked 
| 106|0x0000000086a00000, 0x0000000086a00000, 0x0000000086b00000|  0%| F|  |TAMS 0x0000000086a00000, 0x0000000086a00000| Untracked 
| 107|0x0000000086b00000, 0x0000000086b00000, 0x0000000086c00000|  0%| F|  |TAMS 0x0000000086b00000, 0x0000000086b00000| Untracked 
| 108|0x0000000086c00000, 0x0000000086c00000, 0x0000000086d00000|  0%| F|  |TAMS 0x0000000086c00000, 0x0000000086c00000| Untracked 
| 109|0x0000000086d00000, 0x0000000086d00000, 0x0000000086e00000|  0%| F|  |TAMS 0x0000000086d00000, 0x0000000086d00000| Untracked 
| 110|0x0000000086e00000, 0x0000000086e00000, 0x0000000086f00000|  0%| F|  |TAMS 0x0000000086e00000, 0x0000000086e00000| Untracked 
| 111|0x0000000086f00000, 0x0000000086f00000, 0x0000000087000000|  0%| F|  |TAMS 0x0000000086f00000, 0x0000000086f00000| Untracked 
| 112|0x0000000087000000, 0x0000000087000000, 0x0000000087100000|  0%| F|  |TAMS 0x0000000087000000, 0x0000000087000000| Untracked 
| 113|0x0000000087100000, 0x0000000087100000, 0x0000000087200000|  0%| F|  |TAMS 0x0000000087100000, 0x0000000087100000| Untracked 
| 114|0x0000000087200000, 0x0000000087200000, 0x0000000087300000|  0%| F|  |TAMS 0x0000000087200000, 0x0000000087200000| Untracked 
| 115|0x0000000087300000, 0x0000000087300000, 0x0000000087400000|  0%| F|  |TAMS 0x0000000087300000, 0x0000000087300000| Untracked 
| 116|0x0000000087400000, 0x0000000087400000, 0x0000000087500000|  0%| F|  |TAMS 0x0000000087400000, 0x0000000087400000| Untracked 
| 117|0x0000000087500000, 0x0000000087500000, 0x0000000087600000|  0%| F|  |TAMS 0x0000000087500000, 0x0000000087500000| Untracked 
| 118|0x0000000087600000, 0x0000000087600000, 0x0000000087700000|  0%| F|  |TAMS 0x0000000087600000, 0x0000000087600000| Untracked 
| 119|0x0000000087700000, 0x0000000087700000, 0x0000000087800000|  0%| F|  |TAMS 0x0000000087700000, 0x0000000087700000| Untracked 
| 120|0x0000000087800000, 0x0000000087800000, 0x0000000087900000|  0%| F|  |TAMS 0x0000000087800000, 0x0000000087800000| Untracked 
| 121|0x0000000087900000, 0x0000000087900000, 0x0000000087a00000|  0%| F|  |TAMS 0x0000000087900000, 0x0000000087900000| Untracked 
| 122|0x0000000087a00000, 0x0000000087a00000, 0x0000000087b00000|  0%| F|  |TAMS 0x0000000087a00000, 0x0000000087a00000| Untracked 
| 123|0x0000000087b00000, 0x0000000087b00000, 0x0000000087c00000|  0%| F|  |TAMS 0x0000000087b00000, 0x0000000087b00000| Untracked 
| 124|0x0000000087c00000, 0x0000000087c00000, 0x0000000087d00000|  0%| F|  |TAMS 0x0000000087c00000, 0x0000000087c00000| Untracked 
| 125|0x0000000087d00000, 0x0000000087d00000, 0x0000000087e00000|  0%| F|  |TAMS 0x0000000087d00000, 0x0000000087d00000| Untracked 
| 126|0x0000000087e00000, 0x0000000087e89460, 0x0000000087f00000| 53%| E|  |TAMS 0x0000000087e00000, 0x0000000087e00000| Complete 
| 127|0x0000000087f00000, 0x0000000087f3ede0, 0x0000000088000000| 24%| S|CS|TAMS 0x0000000087f00000, 0x0000000087f00000| Complete 
| 128|0x0000000088000000, 0x0000000088100000, 0x0000000088100000|100%| S|CS|TAMS 0x0000000088000000, 0x0000000088000000| Complete 
| 129|0x0000000088100000, 0x0000000088200000, 0x0000000088200000|100%| S|CS|TAMS 0x0000000088100000, 0x0000000088100000| Complete 

Card table byte_map: [0x00000226291b0000,0x00000226295b0000] _byte_map_base: 0x0000022628db0000

Marking Bits (Prev, Next): (CMBitMap*) 0x00000226146a8140, (CMBitMap*) 0x00000226146a8180
 Prev Bits: [0x00000226299b0000, 0x000002262b9b0000)
 Next Bits: [0x000002262b9b0000, 0x000002262d9b0000)

Polling page: 0x00000226144e0000

Metaspace:

Usage:
  Non-class:     39.49 MB used.
      Class:      6.05 MB used.
       Both:     45.54 MB used.

Virtual space:
  Non-class space:       40.00 MB reserved,      39.75 MB (>99%) committed,  5 nodes.
      Class space:        1.00 GB reserved,       6.25 MB ( <1%) committed,  1 nodes.
             Both:        1.04 GB reserved,      46.00 MB (  4%) committed. 

Chunk freelists:
   Non-Class:  40.00 KB
       Class:  1.60 MB
        Both:  1.64 MB

MaxMetaspaceSize: unlimited
CompressedClassSpaceSize: 1.00 GB
Initial GC threshold: 21.00 MB
Current GC threshold: 76.69 MB
CDS: off
MetaspaceReclaimPolicy: balanced
 - commit_granule_bytes: 65536.
 - commit_granule_words: 8192.
 - virtual_space_node_default_size: 1048576.
 - enlarge_chunks_in_place: 1.
 - new_chunks_are_fully_committed: 0.
 - uncommit_free_chunks: 1.
 - use_allocation_guard: 0.
 - handle_deallocations: 1.


Internal statistics:

num_allocs_failed_limit: 3.
num_arena_births: 436.
num_arena_deaths: 0.
num_vsnodes_births: 6.
num_vsnodes_deaths: 0.
num_space_committed: 736.
num_space_uncommitted: 0.
num_chunks_returned_to_freelist: 3.
num_chunks_taken_from_freelist: 1859.
num_chunk_merges: 3.
num_chunk_splits: 1225.
num_chunks_enlarged: 827.
num_purges: 0.
num_inconsistent_stats: 0.

CodeHeap 'non-profiled nmethods': size=120000Kb used=1944Kb max_used=1944Kb free=118055Kb
 bounds [0x0000022620e10000, 0x0000022621080000, 0x0000022628340000]
CodeHeap 'profiled nmethods': size=120000Kb used=8093Kb max_used=8093Kb free=111906Kb
 bounds [0x0000022619340000, 0x0000022619b30000, 0x0000022620870000]
CodeHeap 'non-nmethods': size=5760Kb used=2292Kb max_used=2334Kb free=3467Kb
 bounds [0x0000022620870000, 0x0000022620ae0000, 0x0000022620e10000]
 total_blobs=4877 nmethods=4070 adapters=718
 compilation: enabled
              stopped_count=0, restarted_count=0
 full_count=0

Compilation events (20 events):
Event: 18.936 Thread 0x00000226304b6c50 4137       3       org.codehaus.groovy.runtime.metaclass.MetaMethodIndex::getHeader (38 bytes)
Event: 18.937 Thread 0x00000226304b6c50 nmethod 4137 0x0000022619b24190 code [0x0000022619b24380, 0x0000022619b24998]
Event: 18.937 Thread 0x00000226304b6c50 4138       1       groovy.lang.MetaClassImpl$MethodIndexAction::skipClass (2 bytes)
Event: 18.937 Thread 0x00000226304b6c50 nmethod 4138 0x0000022620ff5810 code [0x0000022620ff59a0, 0x0000022620ff5a78]
Event: 18.942 Thread 0x00000226304b6c50 4139       3       com.sun.beans.util.Cache$Kind$Soft::getReferent (5 bytes)
Event: 18.942 Thread 0x00000226304b6c50 nmethod 4139 0x0000022619b24c10 code [0x0000022619b24da0, 0x0000022619b24f48]
Event: 18.942 Thread 0x00000226304b6c50 4140       3       java.beans.PropertyDescriptor::setClass0 (25 bytes)
Event: 18.945 Thread 0x00000226304b6c50 nmethod 4140 0x0000022619b25010 code [0x0000022619b25240, 0x0000022619b25cd8]
Event: 18.945 Thread 0x00000226304b6c50 4142       3       org.codehaus.groovy.util.ComplexKeyHashMap$1::<init> (64 bytes)
Event: 18.946 Thread 0x00000226304b6c50 nmethod 4142 0x0000022619b25f90 code [0x0000022619b26140, 0x0000022619b26498]
Event: 18.946 Thread 0x00000226304b6c50 4143       3       org.codehaus.groovy.reflection.CachedField::getModifiers (8 bytes)
Event: 18.946 Thread 0x00000226304b6c50 nmethod 4143 0x0000022619b26610 code [0x0000022619b267a0, 0x0000022619b268d8]
Event: 18.946 Thread 0x00000226304b6c50 4141       3       org.codehaus.groovy.util.ComplexKeyHashMap::getEntrySetIterator (9 bytes)
Event: 18.947 Thread 0x00000226304b6c50 nmethod 4141 0x0000022619b26990 code [0x0000022619b26b40, 0x0000022619b26ce8]
Event: 19.089 Thread 0x00000226304b6c50 4146       1       java.util.stream.FindOps$FindSink::cancellationRequested (5 bytes)
Event: 19.089 Thread 0x00000226304b6c50 nmethod 4146 0x0000022620ff5b10 code [0x0000022620ff5ca0, 0x0000022620ff5d78]
Event: 19.090 Thread 0x00000226304b6c50 4147       3       java.util.stream.Collectors$$Lambda$60/0x000000010016a8d8::accept (14 bytes)
Event: 19.091 Thread 0x00000226304b6c50 nmethod 4147 0x0000022619b26d90 code [0x0000022619b26f60, 0x0000022619b274e8]
Event: 19.135 Thread 0x00000226304b6c50 4148       1       java.lang.Thread::isInterrupted (5 bytes)
Event: 19.136 Thread 0x00000226304b6c50 nmethod 4148 0x0000022620ff5e10 code [0x0000022620ff5fa0, 0x0000022620ff6078]

GC Heap History (20 events):
Event: 12.278 GC heap before
{Heap before GC invocations=10 (full 0):
 garbage-first heap   total 71680K, used 56893K [0x0000000080000000, 0x0000000100000000)
  region size 1024K, 3 young (3072K), 2 survivors (2048K)
 Metaspace       used 30908K, committed 31296K, reserved 1081344K
  class space    used 4221K, committed 4416K, reserved 1048576K
}
Event: 12.281 GC heap after
{Heap after GC invocations=11 (full 0):
 garbage-first heap   total 71680K, used 55569K [0x0000000080000000, 0x0000000100000000)
  region size 1024K, 1 young (1024K), 1 survivors (1024K)
 Metaspace       used 30908K, committed 31296K, reserved 1081344K
  class space    used 4221K, committed 4416K, reserved 1048576K
}
Event: 12.994 GC heap before
{Heap before GC invocations=11 (full 0):
 garbage-first heap   total 71680K, used 59665K [0x0000000080000000, 0x0000000100000000)
  region size 1024K, 5 young (5120K), 1 survivors (1024K)
 Metaspace       used 31439K, committed 31808K, reserved 1081344K
  class space    used 4316K, committed 4480K, reserved 1048576K
}
Event: 12.996 GC heap after
{Heap after GC invocations=12 (full 0):
 garbage-first heap   total 71680K, used 55718K [0x0000000080000000, 0x0000000100000000)
  region size 1024K, 1 young (1024K), 1 survivors (1024K)
 Metaspace       used 31439K, committed 31808K, reserved 1081344K
  class space    used 4316K, committed 4480K, reserved 1048576K
}
Event: 13.863 GC heap before
{Heap before GC invocations=13 (full 0):
 garbage-first heap   total 97280K, used 58790K [0x0000000080000000, 0x0000000100000000)
  region size 1024K, 4 young (4096K), 1 survivors (1024K)
 Metaspace       used 31856K, committed 32192K, reserved 1081344K
  class space    used 4392K, committed 4544K, reserved 1048576K
}
Event: 13.865 GC heap after
{Heap after GC invocations=14 (full 0):
 garbage-first heap   total 97280K, used 55911K [0x0000000080000000, 0x0000000100000000)
  region size 1024K, 1 young (1024K), 1 survivors (1024K)
 Metaspace       used 31856K, committed 32192K, reserved 1081344K
  class space    used 4392K, committed 4544K, reserved 1048576K
}
Event: 15.174 GC heap before
{Heap before GC invocations=14 (full 0):
 garbage-first heap   total 97280K, used 77415K [0x0000000080000000, 0x0000000100000000)
  region size 1024K, 22 young (22528K), 1 survivors (1024K)
 Metaspace       used 35196K, committed 35584K, reserved 1081344K
  class space    used 4888K, committed 5056K, reserved 1048576K
}
Event: 15.177 GC heap after
{Heap after GC invocations=15 (full 0):
 garbage-first heap   total 97280K, used 56792K [0x0000000080000000, 0x0000000100000000)
  region size 1024K, 2 young (2048K), 2 survivors (2048K)
 Metaspace       used 35196K, committed 35584K, reserved 1081344K
  class space    used 4888K, committed 5056K, reserved 1048576K
}
Event: 16.998 GC heap before
{Heap before GC invocations=16 (full 0):
 garbage-first heap   total 99328K, used 77272K [0x0000000080000000, 0x0000000100000000)
  region size 1024K, 23 young (23552K), 2 survivors (2048K)
 Metaspace       used 41243K, committed 41600K, reserved 1089536K
  class space    used 5537K, committed 5696K, reserved 1048576K
}
Event: 17.004 GC heap after
{Heap after GC invocations=17 (full 0):
 garbage-first heap   total 99328K, used 60352K [0x0000000080000000, 0x0000000100000000)
  region size 1024K, 3 young (3072K), 3 survivors (3072K)
 Metaspace       used 41243K, committed 41600K, reserved 1089536K
  class space    used 5537K, committed 5696K, reserved 1048576K
}
Event: 17.330 GC heap before
{Heap before GC invocations=17 (full 0):
 garbage-first heap   total 99328K, used 80832K [0x0000000080000000, 0x0000000100000000)
  region size 1024K, 23 young (23552K), 3 survivors (3072K)
 Metaspace       used 41809K, committed 42240K, reserved 1089536K
  class space    used 5582K, committed 5760K, reserved 1048576K
}
Event: 17.336 GC heap after
{Heap after GC invocations=18 (full 0):
 garbage-first heap   total 99328K, used 62762K [0x0000000080000000, 0x0000000100000000)
  region size 1024K, 3 young (3072K), 3 survivors (3072K)
 Metaspace       used 41809K, committed 42240K, reserved 1089536K
  class space    used 5582K, committed 5760K, reserved 1048576K
}
Event: 17.533 GC heap before
{Heap before GC invocations=19 (full 0):
 garbage-first heap   total 109568K, used 65834K [0x0000000080000000, 0x0000000100000000)
  region size 1024K, 8 young (8192K), 3 survivors (3072K)
 Metaspace       used 42177K, committed 42624K, reserved 1089536K
  class space    used 5624K, committed 5824K, reserved 1048576K
}
Event: 17.537 GC heap after
{Heap after GC invocations=20 (full 0):
 garbage-first heap   total 109568K, used 63892K [0x0000000080000000, 0x0000000100000000)
  region size 1024K, 2 young (2048K), 2 survivors (2048K)
 Metaspace       used 42177K, committed 42624K, reserved 1089536K
  class space    used 5624K, committed 5824K, reserved 1048576K
}
Event: 18.467 GC heap before
{Heap before GC invocations=21 (full 0):
 garbage-first heap   total 116736K, used 90516K [0x0000000080000000, 0x0000000100000000)
  region size 1024K, 25 young (25600K), 2 survivors (2048K)
 Metaspace       used 46046K, committed 46400K, reserved 1089536K
  class space    used 6099K, committed 6272K, reserved 1048576K
}
Event: 18.475 GC heap after
{Heap after GC invocations=22 (full 0):
 garbage-first heap   total 116736K, used 65051K [0x0000000080000000, 0x0000000100000000)
  region size 1024K, 3 young (3072K), 3 survivors (3072K)
 Metaspace       used 46046K, committed 46400K, reserved 1089536K
  class space    used 6099K, committed 6272K, reserved 1048576K
}
Event: 18.961 GC heap before
{Heap before GC invocations=22 (full 0):
 garbage-first heap   total 116736K, used 72219K [0x0000000080000000, 0x0000000100000000)
  region size 1024K, 12 young (12288K), 3 survivors (3072K)
 Metaspace       used 46632K, committed 47104K, reserved 1089536K
  class space    used 6193K, committed 6400K, reserved 1048576K
}
Event: 18.970 GC heap after
{Heap after GC invocations=23 (full 0):
 garbage-first heap   total 116736K, used 66881K [0x0000000080000000, 0x0000000100000000)
  region size 1024K, 4 young (4096K), 4 survivors (4096K)
 Metaspace       used 46632K, committed 47104K, reserved 1089536K
  class space    used 6193K, committed 6400K, reserved 1048576K
}
Event: 19.100 GC heap before
{Heap before GC invocations=24 (full 0):
 garbage-first heap   total 133120K, used 80193K [0x0000000080000000, 0x0000000100000000)
  region size 1024K, 5 young (5120K), 4 survivors (4096K)
 Metaspace       used 46633K, committed 47104K, reserved 1089536K
  class space    used 6193K, committed 6400K, reserved 1048576K
}
Event: 19.111 GC heap after
{Heap after GC invocations=25 (full 0):
 garbage-first heap   total 133120K, used 80670K [0x0000000080000000, 0x0000000100000000)
  region size 1024K, 3 young (3072K), 3 survivors (3072K)
 Metaspace       used 46633K, committed 47104K, reserved 1089536K
  class space    used 6193K, committed 6400K, reserved 1048576K
}

Dll operation events (2 events):
Event: 0.026 Loaded shared library C:\Program Files\Android\Android Studio\jbr\bin\java.dll
Event: 1.596 Loaded shared library C:\Program Files\Android\Android Studio\jbr\bin\verify.dll

Deoptimization events (20 events):
Event: 17.172 Thread 0x0000022631fcffe0 DEOPT PACKING pc=0x0000022619a2c4c0 sp=0x00000064763f6d40
Event: 17.172 Thread 0x0000022631fcffe0 DEOPT UNPACKING pc=0x00000226208c7143 sp=0x00000064763f6258 mode 0
Event: 17.749 Thread 0x000002263538aeb0 Uncommon trap: trap_request=0xffffff45 fr.pc=0x0000022620ec75b8 relative=0x0000000000000218
Event: 17.749 Thread 0x000002263538aeb0 Uncommon trap: reason=unstable_if action=reinterpret pc=0x0000022620ec75b8 method=java.util.StringTokenizer.scanToken(I)I @ 42 c2
Event: 17.749 Thread 0x000002263538aeb0 DEOPT PACKING pc=0x0000022620ec75b8 sp=0x00000064777fe790
Event: 17.749 Thread 0x000002263538aeb0 DEOPT UNPACKING pc=0x00000226208c69a3 sp=0x00000064777fe720 mode 2
Event: 18.069 Thread 0x0000022631fcffe0 Uncommon trap: trap_request=0xffffff45 fr.pc=0x0000022620f94130 relative=0x0000000000000110
Event: 18.069 Thread 0x0000022631fcffe0 Uncommon trap: reason=unstable_if action=reinterpret pc=0x0000022620f94130 method=java.util.Arrays.hashCode([Ljava/lang/Object;)I @ 34 c2
Event: 18.069 Thread 0x0000022631fcffe0 DEOPT PACKING pc=0x0000022620f94130 sp=0x00000064763f79a0
Event: 18.069 Thread 0x0000022631fcffe0 DEOPT UNPACKING pc=0x00000226208c69a3 sp=0x00000064763f7918 mode 2
Event: 18.106 Thread 0x0000022631fcffe0 DEOPT PACKING pc=0x0000022619a50e95 sp=0x00000064763f3f40
Event: 18.106 Thread 0x0000022631fcffe0 DEOPT UNPACKING pc=0x00000226208c7143 sp=0x00000064763f33c8 mode 0
Event: 18.323 Thread 0x0000022631fcffe0 DEOPT PACKING pc=0x0000022619a50e95 sp=0x00000064763f6580
Event: 18.323 Thread 0x0000022631fcffe0 DEOPT UNPACKING pc=0x00000226208c7143 sp=0x00000064763f5a08 mode 0
Event: 18.549 Thread 0x0000022631fcffe0 DEOPT PACKING pc=0x0000022619a50e95 sp=0x00000064763f7b90
Event: 18.549 Thread 0x0000022631fcffe0 DEOPT UNPACKING pc=0x00000226208c7143 sp=0x00000064763f7018 mode 0
Event: 19.065 Thread 0x0000022631fcffe0 DEOPT PACKING pc=0x0000022619404613 sp=0x00000064763f8840
Event: 19.065 Thread 0x0000022631fcffe0 DEOPT UNPACKING pc=0x00000226208c7143 sp=0x00000064763f7dd0 mode 0
Event: 19.162 Thread 0x0000022631fcffe0 DEOPT PACKING pc=0x0000022619404613 sp=0x00000064763f8840
Event: 19.163 Thread 0x0000022631fcffe0 DEOPT UNPACKING pc=0x00000226208c7143 sp=0x00000064763f7dd0 mode 0

Classes unloaded (0 events):
No events

Classes redefined (0 events):
No events

Internal exceptions (20 events):
Event: 17.869 Thread 0x0000022631fcffe0 Exception <a 'java/lang/ClassNotFoundException'{0x0000000086c1a590}: org/gradle/api/internal/initialization/DefaultScriptHandlerCustomizer> (0x0000000086c1a590) 
thrown [s\src\hotspot\share\classfile\systemDictionary.cpp, line 256]
Event: 18.069 Thread 0x0000022631fcffe0 Implicit null exception at 0x0000022620f9406c to 0x0000022620f94114
Event: 18.079 Thread 0x0000022631fcffe0 Exception <a 'java/lang/ClassNotFoundException'{0x0000000086396478}: org/gradle/api/internal/artifacts/dsl/dependencies/DefaultDependencyHandler_DecoratedBeanInfo> (0x0000000086396478) 
thrown [s\src\hotspot\share\classfile\systemDictionary.cpp, line 256]
Event: 18.080 Thread 0x0000022631fcffe0 Exception <a 'java/lang/ClassNotFoundException'{0x00000000863abfa0}: org/gradle/api/internal/artifacts/dsl/dependencies/DefaultDependencyHandlerBeanInfo> (0x00000000863abfa0) 
thrown [s\src\hotspot\share\classfile\systemDictionary.cpp, line 256]
Event: 18.081 Thread 0x0000022631fcffe0 Exception <a 'java/lang/ClassNotFoundException'{0x00000000863c0fe8}: org/gradle/api/internal/artifacts/dsl/dependencies/DefaultDependencyHandlerCustomizer> (0x00000000863c0fe8) 
thrown [s\src\hotspot\share\classfile\systemDictionary.cpp, line 256]
Event: 18.087 Thread 0x0000022631fcffe0 Exception <a 'java/lang/ClassNotFoundException'{0x00000000862037b0}: org/gradle/api/internal/artifacts/dsl/dependencies/DefaultDependencyHandler_DecoratedCustomizer> (0x00000000862037b0) 
thrown [s\src\hotspot\share\classfile\systemDictionary.cpp, line 256]
Event: 18.200 Thread 0x0000022631fcffe0 Exception <a 'java/lang/NoSuchMethodError'{0x0000000085f0c040}: 'java.lang.Object java.lang.invoke.DirectMethodHandle$Holder.newInvokeSpecial(java.lang.Object, int, java.lang.Object)'> (0x0000000085f0c040) 
thrown [s\src\hotspot\share\interpreter\linkResolver.cpp, line 771]
Event: 18.630 Thread 0x0000022631fcffe0 Exception <a 'java/lang/NoSuchMethodError'{0x0000000086fded28}: 'int java.lang.invoke.DirectMethodHandle$Holder.invokeStatic(java.lang.Object)'> (0x0000000086fded28) 
thrown [s\src\hotspot\share\interpreter\linkResolver.cpp, line 771]
Event: 18.631 Thread 0x0000022631fcffe0 Exception <a 'java/lang/NoSuchMethodError'{0x0000000086fe3118}: 'int java.lang.invoke.DirectMethodHandle$Holder.invokeStaticInit(java.lang.Object)'> (0x0000000086fe3118) 
thrown [s\src\hotspot\share\interpreter\linkResolver.cpp, line 771]
Event: 18.701 Thread 0x0000022631fbc3d0 Exception <a 'sun/nio/fs/WindowsException'{0x0000000086ed75c8}> (0x0000000086ed75c8) 
thrown [s\src\hotspot\share\prims\jni.cpp, line 517]
Event: 18.715 Thread 0x0000022631fbc3d0 Exception <a 'sun/nio/fs/WindowsException'{0x0000000086d029e0}> (0x0000000086d029e0) 
thrown [s\src\hotspot\share\prims\jni.cpp, line 517]
Event: 18.717 Thread 0x0000022631fbc3d0 Exception <a 'sun/nio/fs/WindowsException'{0x0000000086d02b48}> (0x0000000086d02b48) 
thrown [s\src\hotspot\share\prims\jni.cpp, line 517]
Event: 18.740 Thread 0x0000022631fcffe0 Exception <a 'java/lang/ClassNotFoundException'{0x0000000086d887f0}: sync_studio_tooling793_5bn0zbl1a841wp2lblvbd0ybgBeanInfo> (0x0000000086d887f0) 
thrown [s\src\hotspot\share\classfile\systemDictionary.cpp, line 256]
Event: 18.741 Thread 0x0000022631fcffe0 Exception <a 'java/lang/ClassNotFoundException'{0x0000000086d8f0c0}: sync_studio_tooling793_5bn0zbl1a841wp2lblvbd0ybgCustomizer> (0x0000000086d8f0c0) 
thrown [s\src\hotspot\share\classfile\systemDictionary.cpp, line 256]
Event: 18.810 Thread 0x0000022631fcffe0 Exception <a 'java/lang/ClassNotFoundException'{0x0000000086c74c88}: ijinit_6i2592a0w5o3s3tfn4ay7pljmBeanInfo> (0x0000000086c74c88) 
thrown [s\src\hotspot\share\classfile\systemDictionary.cpp, line 256]
Event: 18.811 Thread 0x0000022631fcffe0 Exception <a 'java/lang/ClassNotFoundException'{0x0000000086c7b508}: ijinit_6i2592a0w5o3s3tfn4ay7pljmCustomizer> (0x0000000086c7b508) 
thrown [s\src\hotspot\share\classfile\systemDictionary.cpp, line 256]
Event: 18.823 Thread 0x0000022631fcffe0 Exception <a 'java/lang/ClassNotFoundException'{0x0000000086cbe7c8}: ijinit_6i2592a0w5o3s3tfn4ay7pljm$_run_closure1BeanInfo> (0x0000000086cbe7c8) 
thrown [s\src\hotspot\share\classfile\systemDictionary.cpp, line 256]
Event: 18.823 Thread 0x0000022631fcffe0 Exception <a 'java/lang/ClassNotFoundException'{0x0000000086cc5728}: ijinit_6i2592a0w5o3s3tfn4ay7pljm$_run_closure1Customizer> (0x0000000086cc5728) 
thrown [s\src\hotspot\share\classfile\systemDictionary.cpp, line 256]
Event: 18.939 Thread 0x0000022631fcffe0 Exception <a 'java/lang/ClassNotFoundException'{0x0000000086a69330}: ijinit_6i2592a0w5o3s3tfn4ay7pljmBeanInfo> (0x0000000086a69330) 
thrown [s\src\hotspot\share\classfile\systemDictionary.cpp, line 256]
Event: 18.941 Thread 0x0000022631fcffe0 Exception <a 'java/lang/ClassNotFoundException'{0x0000000086a6fb50}: ijinit_6i2592a0w5o3s3tfn4ay7pljmCustomizer> (0x0000000086a6fb50) 
thrown [s\src\hotspot\share\classfile\systemDictionary.cpp, line 256]

VM Operations (20 events):
Event: 17.606 Executing VM operation: G1Concurrent done
Event: 17.776 Executing VM operation: HandshakeAllThreads
Event: 17.777 Executing VM operation: HandshakeAllThreads done
Event: 18.018 Executing VM operation: HandshakeAllThreads
Event: 18.018 Executing VM operation: HandshakeAllThreads done
Event: 18.045 Executing VM operation: HandshakeAllThreads
Event: 18.045 Executing VM operation: HandshakeAllThreads done
Event: 18.046 Executing VM operation: HandshakeAllThreads
Event: 18.046 Executing VM operation: HandshakeAllThreads done
Event: 18.466 Executing VM operation: G1CollectForAllocation
Event: 18.475 Executing VM operation: G1CollectForAllocation done
Event: 18.961 Executing VM operation: G1TryInitiateConcMark
Event: 18.970 Executing VM operation: G1TryInitiateConcMark done
Event: 19.035 Executing VM operation: G1Concurrent
Event: 19.040 Executing VM operation: G1Concurrent done
Event: 19.065 Executing VM operation: G1Concurrent
Event: 19.065 Executing VM operation: G1Concurrent done
Event: 19.100 Executing VM operation: G1TryInitiateConcMark
Event: 19.115 Executing VM operation: G1TryInitiateConcMark done
Event: 19.175 Executing VM operation: G1Concurrent

Events (20 events):
Event: 17.729 loading class java/nio/charset/UnsupportedCharsetException
Event: 17.729 loading class java/nio/charset/UnsupportedCharsetException done
Event: 17.734 loading class java/util/zip/Deflater
Event: 17.734 loading class java/util/zip/Deflater done
Event: 17.736 loading class java/util/zip/Deflater$DeflaterZStreamRef
Event: 17.736 loading class java/util/zip/Deflater$DeflaterZStreamRef done
Event: 17.745 loading class java/nio/channels/Channels
Event: 17.746 loading class java/nio/channels/Channels done
Event: 17.746 loading class sun/nio/ch/ChannelInputStream
Event: 17.746 loading class sun/nio/ch/ChannelInputStream done
Event: 17.775 loading class java/nio/StringCharBuffer
Event: 17.775 loading class java/nio/StringCharBuffer done
Event: 17.810 loading class java/nio/file/StandardCopyOption
Event: 17.810 loading class java/nio/file/StandardCopyOption done
Event: 17.811 loading class sun/nio/fs/WindowsFileCopy
Event: 17.811 loading class sun/nio/fs/WindowsFileCopy done
Event: 18.497 loading class java/io/DeleteOnExitHook
Event: 18.498 loading class java/io/DeleteOnExitHook done
Event: 18.498 loading class java/io/DeleteOnExitHook$1
Event: 18.498 loading class java/io/DeleteOnExitHook$1 done


Dynamic libraries:
0x00007ff775040000 - 0x00007ff77504a000 	C:\Program Files\Android\Android Studio\jbr\bin\java.exe
0x00007ffacc5b0000 - 0x00007ffacc7a8000 	C:\WINDOWS\SYSTEM32\ntdll.dll
0x00007ffacbd10000 - 0x00007ffacbdcd000 	C:\WINDOWS\System32\KERNEL32.DLL
0x00007ffaca1f0000 - 0x00007ffaca4e6000 	C:\WINDOWS\System32\KERNELBASE.dll
0x00007ffac9ec0000 - 0x00007ffac9fc0000 	C:\WINDOWS\System32\ucrtbase.dll
0x00007ffac4c00000 - 0x00007ffac4c1b000 	C:\Program Files\Android\Android Studio\jbr\bin\VCRUNTIME140.dll
0x00007ffac4be0000 - 0x00007ffac4bf7000 	C:\Program Files\Android\Android Studio\jbr\bin\jli.dll
0x00007ffacb990000 - 0x00007ffacbb2e000 	C:\WINDOWS\System32\USER32.dll
0x00007ffaca1c0000 - 0x00007ffaca1e2000 	C:\WINDOWS\System32\win32u.dll
0x00007ffab9040000 - 0x00007ffab92da000 	C:\WINDOWS\WinSxS\amd64_microsoft.windows.common-controls_6595b64144ccf1df_6.0.19041.3636_none_60b6a03d71f818d5\COMCTL32.dll
0x00007ffaca670000 - 0x00007ffaca69c000 	C:\WINDOWS\System32\GDI32.dll
0x00007ffaca8c0000 - 0x00007ffaca95e000 	C:\WINDOWS\System32\msvcrt.dll
0x00007ffaca4f0000 - 0x00007ffaca60a000 	C:\WINDOWS\System32\gdi32full.dll
0x00007ffaca120000 - 0x00007ffaca1bd000 	C:\WINDOWS\System32\msvcp_win.dll
0x00007ffacbf00000 - 0x00007ffacbf30000 	C:\WINDOWS\System32\IMM32.DLL
0x00007ffac7150000 - 0x00007ffac715c000 	C:\Program Files\Android\Android Studio\jbr\bin\vcruntime140_1.dll
0x00007ffaab570000 - 0x00007ffaab5fd000 	C:\Program Files\Android\Android Studio\jbr\bin\msvcp140.dll
0x00007ffa70700000 - 0x00007ffa7136d000 	C:\Program Files\Android\Android Studio\jbr\bin\server\jvm.dll
0x00007ffacb0c0000 - 0x00007ffacb16f000 	C:\WINDOWS\System32\ADVAPI32.dll
0x00007ffacbb30000 - 0x00007ffacbbcc000 	C:\WINDOWS\System32\sechost.dll
0x00007ffaca780000 - 0x00007ffaca8a6000 	C:\WINDOWS\System32\RPCRT4.dll
0x00007ffac7140000 - 0x00007ffac7149000 	C:\WINDOWS\SYSTEM32\WSOCK32.dll
0x00007ffabf530000 - 0x00007ffabf557000 	C:\WINDOWS\SYSTEM32\WINMM.dll
0x00007ffacc500000 - 0x00007ffacc56b000 	C:\WINDOWS\System32\WS2_32.dll
0x00007ffabfdc0000 - 0x00007ffabfdca000 	C:\WINDOWS\SYSTEM32\VERSION.dll
0x00007ffac7a70000 - 0x00007ffac7a82000 	C:\WINDOWS\SYSTEM32\kernel.appcore.dll
0x00007ffac6f50000 - 0x00007ffac6f5a000 	C:\Program Files\Android\Android Studio\jbr\bin\jimage.dll
0x00007ffaac8a0000 - 0x00007ffaaca84000 	C:\WINDOWS\SYSTEM32\DBGHELP.DLL
0x00007ffaacc70000 - 0x00007ffaacca4000 	C:\WINDOWS\SYSTEM32\dbgcore.DLL
0x00007ffac9e30000 - 0x00007ffac9eb2000 	C:\WINDOWS\System32\bcryptPrimitives.dll
0x00007ffab9510000 - 0x00007ffab9535000 	C:\Program Files\Android\Android Studio\jbr\bin\java.dll
0x00007ffac5780000 - 0x00007ffac5798000 	C:\Program Files\Android\Android Studio\jbr\bin\zip.dll
0x00007ffacb170000 - 0x00007ffacb8b4000 	C:\WINDOWS\System32\SHELL32.dll
0x00007ffac7d50000 - 0x00007ffac84eb000 	C:\WINDOWS\SYSTEM32\windows.storage.dll
0x00007ffacbf90000 - 0x00007ffacc2e4000 	C:\WINDOWS\System32\combase.dll
0x00007ffac9600000 - 0x00007ffac962d000 	C:\WINDOWS\SYSTEM32\Wldp.dll
0x00007ffacbe30000 - 0x00007ffacbedd000 	C:\WINDOWS\System32\SHCORE.dll
0x00007ffacbdd0000 - 0x00007ffacbe25000 	C:\WINDOWS\System32\shlwapi.dll
0x00007ffac9bc0000 - 0x00007ffac9be5000 	C:\WINDOWS\SYSTEM32\profapi.dll
0x00007ffac1e30000 - 0x00007ffac1e49000 	C:\Program Files\Android\Android Studio\jbr\bin\net.dll
0x00007ffabf970000 - 0x00007ffabfa7a000 	C:\WINDOWS\SYSTEM32\WINHTTP.dll
0x00007ffac9360000 - 0x00007ffac93ca000 	C:\WINDOWS\system32\mswsock.dll
0x00007ffab71a0000 - 0x00007ffab71b6000 	C:\Program Files\Android\Android Studio\jbr\bin\nio.dll
0x00007ffac4e80000 - 0x00007ffac4e90000 	C:\Program Files\Android\Android Studio\jbr\bin\verify.dll
0x00007ffac41a0000 - 0x00007ffac41c7000 	C:\Users\tynys\.gradle\native\68d5fa5c4cc2d200863cafc0d521ce42e7d3e7ee720ec0a83991735586a16f82\windows-amd64\native-platform.dll
0x00007ffa82b50000 - 0x00007ffa82c94000 	C:\Users\tynys\.gradle\native\e376f236ea51e6404a007f0833ffe2c6e607c4080706a723a18a27aeea778392\windows-amd64\native-platform-file-events.dll
0x00007ffac6ef0000 - 0x00007ffac6ef9000 	C:\Program Files\Android\Android Studio\jbr\bin\management.dll
0x00007ffac5760000 - 0x00007ffac576b000 	C:\Program Files\Android\Android Studio\jbr\bin\management_ext.dll
0x00007ffaca8b0000 - 0x00007ffaca8b8000 	C:\WINDOWS\System32\PSAPI.DLL
0x00007ffac9550000 - 0x00007ffac9568000 	C:\WINDOWS\SYSTEM32\CRYPTSP.dll
0x00007ffac8c90000 - 0x00007ffac8cc4000 	C:\WINDOWS\system32\rsaenh.dll
0x00007ffac9c90000 - 0x00007ffac9cb7000 	C:\WINDOWS\System32\bcrypt.dll
0x00007ffac9b40000 - 0x00007ffac9b6e000 	C:\WINDOWS\SYSTEM32\USERENV.dll
0x00007ffac9570000 - 0x00007ffac957c000 	C:\WINDOWS\SYSTEM32\CRYPTBASE.dll
0x00007ffac9050000 - 0x00007ffac908b000 	C:\WINDOWS\SYSTEM32\IPHLPAPI.DLL
0x00007ffacaa10000 - 0x00007ffacaa18000 	C:\WINDOWS\System32\NSI.dll
0x00007ffabfe80000 - 0x00007ffabfe97000 	C:\WINDOWS\SYSTEM32\dhcpcsvc6.DLL
0x00007ffac0830000 - 0x00007ffac084d000 	C:\WINDOWS\SYSTEM32\dhcpcsvc.DLL
0x00007ffac9090000 - 0x00007ffac915a000 	C:\WINDOWS\SYSTEM32\DNSAPI.dll
0x00007ffac2170000 - 0x00007ffac2177000 	C:\WINDOWS\system32\wshunix.dll

dbghelp: loaded successfully - version: 4.0.5 - missing functions: none
symbol engine: initialized successfully - sym options: 0x614 - pdb path: .;C:\Program Files\Android\Android Studio\jbr\bin;C:\WINDOWS\SYSTEM32;C:\WINDOWS\WinSxS\amd64_microsoft.windows.common-controls_6595b64144ccf1df_6.0.19041.3636_none_60b6a03d71f818d5;C:\Program Files\Android\Android Studio\jbr\bin\server;C:\Users\tynys\.gradle\native\68d5fa5c4cc2d200863cafc0d521ce42e7d3e7ee720ec0a83991735586a16f82\windows-amd64;C:\Users\tynys\.gradle\native\e376f236ea51e6404a007f0833ffe2c6e607c4080706a723a18a27aeea778392\windows-amd64

VM Arguments:
jvm_args: --add-opens=java.base/java.util=ALL-UNNAMED --add-opens=java.base/java.lang=ALL-UNNAMED --add-opens=java.base/java.lang.invoke=ALL-UNNAMED --add-opens=java.prefs/java.util.prefs=ALL-UNNAMED --add-opens=java.base/java.nio.charset=ALL-UNNAMED --add-opens=java.base/java.net=ALL-UNNAMED --add-opens=java.base/java.util.concurrent.atomic=ALL-UNNAMED -Xmx2048m -Dfile.encoding=UTF-8 -Duser.country=RU -Duser.language=ru -Duser.variant 
java_command: org.gradle.launcher.daemon.bootstrap.GradleDaemon 8.0
java_class_path (initial): C:\Users\tynys\.gradle\wrapper\dists\gradle-8.0-bin\ca5e32bp14vu59qr306oxotwh\gradle-8.0\lib\gradle-launcher-8.0.jar
Launcher Type: SUN_STANDARD

[Global flags]
     intx CICompilerCount                          = 4                                         {product} {ergonomic}
     uint ConcGCThreads                            = 2                                         {product} {ergonomic}
     uint G1ConcRefinementThreads                  = 8                                         {product} {ergonomic}
   size_t G1HeapRegionSize                         = 1048576                                   {product} {ergonomic}
    uintx GCDrainStackTargetSize                   = 64                                        {product} {ergonomic}
   size_t InitialHeapSize                          = 100663296                                 {product} {ergonomic}
   size_t MarkStackSize                            = 4194304                                   {product} {ergonomic}
   size_t MaxHeapSize                              = 2147483648                                {product} {command line}
   size_t MaxNewSize                               = 1287651328                                {product} {ergonomic}
   size_t MinHeapDeltaBytes                        = 1048576                                   {product} {ergonomic}
   size_t MinHeapSize                              = 8388608                                   {product} {ergonomic}
    uintx NonNMethodCodeHeapSize                   = 5839372                                {pd product} {ergonomic}
    uintx NonProfiledCodeHeapSize                  = 122909434                              {pd product} {ergonomic}
    uintx ProfiledCodeHeapSize                     = 122909434                              {pd product} {ergonomic}
    uintx ReservedCodeCacheSize                    = 251658240                              {pd product} {ergonomic}
     bool SegmentedCodeCache                       = true                                      {product} {ergonomic}
   size_t SoftMaxHeapSize                          = 2147483648                             {manageable} {ergonomic}
     bool UseCompressedClassPointers               = true                           {product lp64_product} {ergonomic}
     bool UseCompressedOops                        = true                           {product lp64_product} {ergonomic}
     bool UseG1GC                                  = true                                      {product} {ergonomic}
     bool UseLargePagesIndividualAllocation        = false                                  {pd product} {ergonomic}

Logging:
Log output configuration:
 #0: stdout all=warning uptime,level,tags
 #1: stderr all=off uptime,level,tags

Environment Variables:
PATH=C:\WINDOWS\system32;C:\WINDOWS;C:\WINDOWS\System32\Wbem;C:\WINDOWS\System32\WindowsPowerShell\v1.0\;C:\WINDOWS\System32\OpenSSH\;C:\Program Files\Git\cmd;C:\Users\tynys\AppData\Local\Microsoft\WindowsApps;
USERNAME=KamazBratan
OS=Windows_NT
PROCESSOR_IDENTIFIER=AMD64 Family 23 Model 24 Stepping 1, AuthenticAMD
TMP=C:\Users\tynys\AppData\Local\Temp
TEMP=C:\Users\tynys\AppData\Local\Temp



---------------  S Y S T E M  ---------------

OS:
 Windows 10 , 64 bit Build 19041 (10.0.19041.3636)
OS uptime: 11 days 21:41 hours

CPU: total 8 (initial active 8) (8 cores per cpu, 2 threads per core) family 23 model 24 stepping 1 microcode 0x0, cx8, cmov, fxsr, ht, mmx, 3dnowpref, sse, sse2, sse3, ssse3, sse4a, sse4.1, sse4.2, popcnt, lzcnt, tsc, tscinvbit, avx, avx2, aes, clmul, bmi1, bmi2, adx, sha, fma, vzeroupper, clflush, clflushopt

Memory: 4k page, system-wide physical 6091M (320M free)
TotalPageFile size 24523M (AvailPageFile size 8M)
current process WorkingSet (physical memory assigned to process): 259M, peak: 259M
current process commit charge ("private bytes"): 309M, peak: 318M

vm_info: OpenJDK 64-Bit Server VM (17.0.6+0-b2043.56-9586694) for windows-amd64 JRE (17.0.6+0-b2043.56-9586694), built on Feb  9 2023 20:06:20 by "androidbuild" with MS VC++ 16.10 / 16.11 (VS2019)

END.
