#
# There is insufficient memory for the Java Runtime Environment to continue.
# Native memory allocation (mmap) failed to map 100663296 bytes for G1 virtual space
# Possible reasons:
#   The system is out of physical RAM or swap space
#   The process is running with CompressedOops enabled, and the Java Heap may be blocking the growth of the native heap
# Possible solutions:
#   Reduce memory load on the system
#   Increase physical memory or swap space
#   Check if swap backing store is full
#   Decrease Java heap size (-Xmx/-Xms)
#   Decrease number of Java threads
#   Decrease Java thread stack sizes (-Xss)
#   Set larger code cache with -XX:ReservedCodeCacheSize=
#   JVM is running with Unscaled Compressed Oops mode in which the Java heap is
#     placed in the first 4GB address space. The Java Heap base address is the
#     maximum limit for the native heap growth. Please use -XX:HeapBaseMinAddress
#     to set the Java Heap base and to place the Java Heap above 4GB virtual address.
# This output file may be truncated or incomplete.
#
#  Out of Memory Error (os_windows.cpp:3769), pid=11724, tid=28444
#
# JRE version:  (17.0.6) (build )
# Java VM: OpenJDK 64-Bit Server VM (17.0.6+0-b2043.56-9586694, mixed mode, sharing, tiered, compressed oops, compressed class ptrs, g1 gc, windows-amd64)
# No core dump will be written. Minidumps are not enabled by default on client versions of Windows
#

---------------  S U M M A R Y ------------

Command Line: org.jetbrains.kotlin.cli.jvm.K2JVMCompiler @C:\Users\tynys\AndroidStudioProjects\LoveCalculate522\app\build\20231214_10197787495644956928.compiler.options

Host: AMD Ryzen 7 3700U with Radeon Vega Mobile Gfx  , 8 cores, 5G,  Windows 10 , 64 bit Build 19041 (10.0.19041.3636)
Time: Thu Dec 14 02:10:48 2023  Windows 10 , 64 bit Build 19041 (10.0.19041.3636) elapsed time: 0.042052 seconds (0d 0h 0m 0s)

---------------  T H R E A D  ---------------

Current thread (0x000002adf1ec6440):  JavaThread "Unknown thread" [_thread_in_vm, id=28444, stack(0x000000d552000000,0x000000d552100000)]

Stack: [0x000000d552000000,0x000000d552100000]
Native frames: (J=compiled Java code, j=interpreted, Vv=VM code, C=native code)
V  [jvm.dll+0x683b4a]
V  [jvm.dll+0x842654]
V  [jvm.dll+0x843dfe]
V  [jvm.dll+0x844463]
V  [jvm.dll+0x249b75]
V  [jvm.dll+0x680a19]
V  [jvm.dll+0x674f0a]
V  [jvm.dll+0x309acb]
V  [jvm.dll+0x310f86]
V  [jvm.dll+0x3608ee]
V  [jvm.dll+0x360b1f]
V  [jvm.dll+0x2dfbf8]
V  [jvm.dll+0x2e0b64]
V  [jvm.dll+0x813f41]
V  [jvm.dll+0x36e6a1]
V  [jvm.dll+0x7f347c]
V  [jvm.dll+0x3f0e8f]
V  [jvm.dll+0x3f29d1]
C  [jli.dll+0x526b]
C  [ucrtbase.dll+0x21bb2]
C  [KERNEL32.DLL+0x17344]
C  [ntdll.dll+0x526b1]


---------------  P R O C E S S  ---------------

Threads class SMR info:
_java_thread_list=0x00007ffa73b7c058, length=0, elements={
}

Java Threads: ( => current thread )

Other Threads:
  0x000002adf1f14240 GCTaskThread "GC Thread#0" [stack: 0x000000d552100000,0x000000d552200000] [id=24936]
  0x000002adf1f21000 ConcurrentGCThread "G1 Main Marker" [stack: 0x000000d552200000,0x000000d552300000] [id=2860]
  0x000002adf1f22a20 ConcurrentGCThread "G1 Conc#0" [stack: 0x000000d552300000,0x000000d552400000] [id=18156]

[error occurred during error reporting (printing all threads), id 0xc0000005, EXCEPTION_ACCESS_VIOLATION (0xc0000005) at pc=0x00007ffa73330797]

VM state: not at safepoint (not fully initialized)

VM Mutex/Monitor currently owned by a thread:  ([mutex/lock_event])
[0x000002adf1ec0a90] Heap_lock - owner thread: 0x000002adf1ec6440

Heap address: 0x00000000a0c00000, size: 1524 MB, Compressed Oops mode: 32-bit

CDS archive(s) mapped at: [0x0000000000000000-0x0000000000000000-0x0000000000000000), size 0, SharedBaseAddress: 0x0000000800000000, ArchiveRelocationMode: 0.
Narrow klass base: 0x0000000000000000, Narrow klass shift: 0, Narrow klass range: 0x0

GC Precious Log:
<Empty>

Heap:
 garbage-first heap   total 0K, used 0K [0x00000000a0c00000, 0x0000000100000000)
  region size 1024K, 0 young (0K), 0 survivors (0K)

[error occurred during error reporting (printing heap information), id 0xc0000005, EXCEPTION_ACCESS_VIOLATION (0xc0000005) at pc=0x00007ffa7371d939]

GC Heap History (0 events):
No events

Dll operation events (1 events):
Event: 0.027 Loaded shared library C:\Program Files\Android\Android Studio\jbr\bin\java.dll

Deoptimization events (0 events):
No events

Classes unloaded (0 events):
No events

Classes redefined (0 events):
No events

Internal exceptions (0 events):
No events

VM Operations (0 events):
No events

Events (0 events):
No events


Dynamic libraries:
0x00007ff62ae90000 - 0x00007ff62ae9a000 	C:\Program Files\Android\Android Studio\jbr\bin\java.exe
0x00007ffacc5b0000 - 0x00007ffacc7a8000 	C:\WINDOWS\SYSTEM32\ntdll.dll
0x00007ffacbd10000 - 0x00007ffacbdcd000 	C:\WINDOWS\System32\KERNEL32.DLL
0x00007ffaca1f0000 - 0x00007ffaca4e6000 	C:\WINDOWS\System32\KERNELBASE.dll
0x00007ffac9ec0000 - 0x00007ffac9fc0000 	C:\WINDOWS\System32\ucrtbase.dll
0x00007ffac2170000 - 0x00007ffac218b000 	C:\Program Files\Android\Android Studio\jbr\bin\VCRUNTIME140.dll
0x00007ffac4e70000 - 0x00007ffac4e87000 	C:\Program Files\Android\Android Studio\jbr\bin\jli.dll
0x00007ffacb990000 - 0x00007ffacbb2e000 	C:\WINDOWS\System32\USER32.dll
0x00007ffab9040000 - 0x00007ffab92da000 	C:\WINDOWS\WinSxS\amd64_microsoft.windows.common-controls_6595b64144ccf1df_6.0.19041.3636_none_60b6a03d71f818d5\COMCTL32.dll
0x00007ffaca1c0000 - 0x00007ffaca1e2000 	C:\WINDOWS\System32\win32u.dll
0x00007ffaca670000 - 0x00007ffaca69c000 	C:\WINDOWS\System32\GDI32.dll
0x00007ffaca8c0000 - 0x00007ffaca95e000 	C:\WINDOWS\System32\msvcrt.dll
0x00007ffaca4f0000 - 0x00007ffaca60a000 	C:\WINDOWS\System32\gdi32full.dll
0x00007ffaca120000 - 0x00007ffaca1bd000 	C:\WINDOWS\System32\msvcp_win.dll
0x00007ffacbf00000 - 0x00007ffacbf30000 	C:\WINDOWS\System32\IMM32.DLL
0x00007ffac5760000 - 0x00007ffac576c000 	C:\Program Files\Android\Android Studio\jbr\bin\vcruntime140_1.dll
0x00007ffaab5b0000 - 0x00007ffaab63d000 	C:\Program Files\Android\Android Studio\jbr\bin\msvcp140.dll
0x00007ffa73040000 - 0x00007ffa73cad000 	C:\Program Files\Android\Android Studio\jbr\bin\server\jvm.dll
0x00007ffacb0c0000 - 0x00007ffacb16f000 	C:\WINDOWS\System32\ADVAPI32.dll
0x00007ffacbb30000 - 0x00007ffacbbcc000 	C:\WINDOWS\System32\sechost.dll
0x00007ffaca780000 - 0x00007ffaca8a6000 	C:\WINDOWS\System32\RPCRT4.dll
0x00007ffac73d0000 - 0x00007ffac73d9000 	C:\WINDOWS\SYSTEM32\WSOCK32.dll
0x00007ffacc500000 - 0x00007ffacc56b000 	C:\WINDOWS\System32\WS2_32.dll
0x00007ffabf530000 - 0x00007ffabf557000 	C:\WINDOWS\SYSTEM32\WINMM.dll
0x00007ffabfdc0000 - 0x00007ffabfdca000 	C:\WINDOWS\SYSTEM32\VERSION.dll
0x00007ffac7a70000 - 0x00007ffac7a82000 	C:\WINDOWS\SYSTEM32\kernel.appcore.dll
0x00007ffac7180000 - 0x00007ffac718a000 	C:\Program Files\Android\Android Studio\jbr\bin\jimage.dll
0x00007ffaac8a0000 - 0x00007ffaaca84000 	C:\WINDOWS\SYSTEM32\DBGHELP.DLL
0x00007ffaacc70000 - 0x00007ffaacca4000 	C:\WINDOWS\SYSTEM32\dbgcore.DLL
0x00007ffac9e30000 - 0x00007ffac9eb2000 	C:\WINDOWS\System32\bcryptPrimitives.dll
0x00007ffac5c90000 - 0x00007ffac5cb5000 	C:\Program Files\Android\Android Studio\jbr\bin\java.dll

dbghelp: loaded successfully - version: 4.0.5 - missing functions: none
symbol engine: initialized successfully - sym options: 0x614 - pdb path: .;C:\Program Files\Android\Android Studio\jbr\bin;C:\WINDOWS\SYSTEM32;C:\WINDOWS\WinSxS\amd64_microsoft.windows.common-controls_6595b64144ccf1df_6.0.19041.3636_none_60b6a03d71f818d5;C:\Program Files\Android\Android Studio\jbr\bin\server

VM Arguments:
java_command: org.jetbrains.kotlin.cli.jvm.K2JVMCompiler @C:\Users\tynys\AndroidStudioProjects\LoveCalculate522\app\build\20231214_10197787495644956928.compiler.options
java_class_path (initial): C:\Users\tynys\.gradle\caches\modules-2\files-2.1\org.jetbrains.kotlin\kotlin-compiler-embeddable\1.9.21\a8f2d2fed3fc195beef3fab4a7fd1a844e101f0e\kotlin-compiler-embeddable-1.9.21.jar;C:\Users\tynys\.gradle\caches\modules-2\files-2.1\org.jetbrains.kotlin\kotlin-stdlib\1.9.21\17ee3e873d439566c7d8354403b5f3d9744c4c9c\kotlin-stdlib-1.9.21.jar;C:\Users\tynys\.gradle\caches\modules-2\files-2.1\org.jetbrains.kotlin\kotlin-script-runtime\1.9.21\f5ff679bd666f7f2376209fff998b775b7b701c7\kotlin-script-runtime-1.9.21.jar;C:\Users\tynys\.gradle\caches\modules-2\files-2.1\org.jetbrains.kotlin\kotlin-reflect\1.6.10\1cbe9c92c12a94eea200d23c2bbaedaf3daf5132\kotlin-reflect-1.6.10.jar;C:\Users\tynys\.gradle\caches\modules-2\files-2.1\org.jetbrains.kotlin\kotlin-daemon-embeddable\1.9.21\e21e55f41ec5f254aec366097b902709b5843234\kotlin-daemon-embeddable-1.9.21.jar;C:\Users\tynys\.gradle\caches\modules-2\files-2.1\org.jetbrains.intellij.deps\trove4j\1.0.20200330\3afb14d5f9ceb459d724e907a21145e8ff394f02\trove4j-1.0.20200330.jar;C:\Users\tynys\.gradle\caches\modules-2\files-2.1\org.jetbrains\annotations\13.0\919f0dfe192fb4e063e7dacadee7f8bb9a2672a9\annotations-13.0.jar
Launcher Type: SUN_STANDARD

[Global flags]
     intx CICompilerCount                          = 4                                         {product} {ergonomic}
     uint ConcGCThreads                            = 2                                         {product} {ergonomic}
     uint G1ConcRefinementThreads                  = 8                                         {product} {ergonomic}
   size_t G1HeapRegionSize                         = 1048576                                   {product} {ergonomic}
    uintx GCDrainStackTargetSize                   = 64                                        {product} {ergonomic}
   size_t InitialHeapSize                          = 100663296                                 {product} {ergonomic}
   size_t MarkStackSize                            = 4194304                                   {product} {ergonomic}
   size_t MaxHeapSize                              = 1598029824                                {product} {ergonomic}
   size_t MinHeapDeltaBytes                        = 1048576                                   {product} {ergonomic}
   size_t MinHeapSize                              = 8388608                                   {product} {ergonomic}
    uintx NonNMethodCodeHeapSize                   = 5839372                                {pd product} {ergonomic}
    uintx NonProfiledCodeHeapSize                  = 122909434                              {pd product} {ergonomic}
    uintx ProfiledCodeHeapSize                     = 122909434                              {pd product} {ergonomic}
    uintx ReservedCodeCacheSize                    = 251658240                              {pd product} {ergonomic}
     bool SegmentedCodeCache                       = true                                      {product} {ergonomic}
   size_t SoftMaxHeapSize                          = 1598029824                             {manageable} {ergonomic}
     bool UseCompressedClassPointers               = true                           {product lp64_product} {ergonomic}
     bool UseCompressedOops                        = true                           {product lp64_product} {ergonomic}
     bool UseG1GC                                  = true                                      {product} {ergonomic}
     bool UseLargePagesIndividualAllocation        = false                                  {pd product} {ergonomic}

Logging:
Log output configuration:
 #0: stdout all=warning uptime,level,tags
 #1: stderr all=off uptime,level,tags

Environment Variables:
PATH=C:\WINDOWS\system32;C:\WINDOWS;C:\WINDOWS\System32\Wbem;C:\WINDOWS\System32\WindowsPowerShell\v1.0\;C:\WINDOWS\System32\OpenSSH\;C:\Program Files\Git\cmd;C:\Users\tynys\AppData\Local\Microsoft\WindowsApps;
USERNAME=KamazBratan
OS=Windows_NT
PROCESSOR_IDENTIFIER=AMD64 Family 23 Model 24 Stepping 1, AuthenticAMD
TMP=C:\Users\tynys\AppData\Local\Temp
TEMP=C:\Users\tynys\AppData\Local\Temp



---------------  S Y S T E M  ---------------

OS:
 Windows 10 , 64 bit Build 19041 (10.0.19041.3636)
OS uptime: 12 days 1:05 hours

CPU: total 8 (initial active 8) (8 cores per cpu, 2 threads per core) family 23 model 24 stepping 1 microcode 0x0, cx8, cmov, fxsr, ht, mmx, 3dnowpref, sse, sse2, sse3, ssse3, sse4a, sse4.1, sse4.2, popcnt, lzcnt, tsc, tscinvbit, avx, avx2, aes, clmul, bmi1, bmi2, adx, sha, fma, vzeroupper, clflush, clflushopt

Memory: 4k page, system-wide physical 6091M (334M free)
TotalPageFile size 24523M (AvailPageFile size 60M)
current process WorkingSet (physical memory assigned to process): 10M, peak: 10M
current process commit charge ("private bytes"): 59M, peak: 155M

vm_info: OpenJDK 64-Bit Server VM (17.0.6+0-b2043.56-9586694) for windows-amd64 JRE (17.0.6+0-b2043.56-9586694), built on Feb  9 2023 20:06:20 by "androidbuild" with MS VC++ 16.10 / 16.11 (VS2019)

END.
