#
# There is insufficient memory for the Java Runtime Environment to continue.
# Native memory allocation (malloc) failed to allocate 1932976 bytes for Chunk::new
# Possible reasons:
#   The system is out of physical RAM or swap space
#   The process is running with CompressedOops enabled, and the Java Heap may be blocking the growth of the native heap
# Possible solutions:
#   Reduce memory load on the system
#   Increase physical memory or swap space
#   Check if swap backing store is full
#   Decrease Java heap size (-Xmx/-Xms)
#   Decrease number of Java threads
#   Decrease Java thread stack sizes (-Xss)
#   Set larger code cache with -XX:ReservedCodeCacheSize=
#   JVM is running with Unscaled Compressed Oops mode in which the Java heap is
#     placed in the first 4GB address space. The Java Heap base address is the
#     maximum limit for the native heap growth. Please use -XX:HeapBaseMinAddress
#     to set the Java Heap base and to place the Java Heap above 4GB virtual address.
# This output file may be truncated or incomplete.
#
#  Out of Memory Error (arena.cpp:189), pid=8060, tid=8992
#
# JRE version: OpenJDK Runtime Environment (17.0.6) (build 17.0.6+0-b2043.56-9586694)
# Java VM: OpenJDK 64-Bit Server VM (17.0.6+0-b2043.56-9586694, mixed mode, tiered, compressed oops, compressed class ptrs, g1 gc, windows-amd64)
# No core dump will be written. Minidumps are not enabled by default on client versions of Windows
#

---------------  S U M M A R Y ------------

Command Line: org.jetbrains.kotlin.cli.jvm.K2JVMCompiler @C:\Users\tynys\AndroidStudioProjects\LoveCalculate522\app\build\20231214_12923541408516911253.compiler.options

Host: AMD Ryzen 7 3700U with Radeon Vega Mobile Gfx  , 8 cores, 5G,  Windows 10 , 64 bit Build 19041 (10.0.19041.3636)
Time: Thu Dec 14 02:07:18 2023  Windows 10 , 64 bit Build 19041 (10.0.19041.3636) elapsed time: 10.749958 seconds (0d 0h 0m 10s)

---------------  T H R E A D  ---------------

Current thread (0x000001e11d08f0a0):  JavaThread "C2 CompilerThread0" daemon [_thread_in_native, id=8992, stack(0x000000cb0df00000,0x000000cb0e000000)]


Current CompileTask:
C2:  10750 8576       4       java.lang.ClassLoader::loadClass (7 bytes)

Stack: [0x000000cb0df00000,0x000000cb0e000000]
Native frames: (J=compiled Java code, j=interpreted, Vv=VM code, C=native code)
V  [jvm.dll+0x683b4a]
V  [jvm.dll+0x842654]
V  [jvm.dll+0x843dfe]
V  [jvm.dll+0x844463]
V  [jvm.dll+0x249b75]
V  [jvm.dll+0xabcac]
V  [jvm.dll+0xac27c]
V  [jvm.dll+0x368802]
V  [jvm.dll+0x332f31]
V  [jvm.dll+0x3323da]
V  [jvm.dll+0x21c201]
V  [jvm.dll+0x21b621]
V  [jvm.dll+0x1a4fdd]
V  [jvm.dll+0x22b098]
V  [jvm.dll+0x229159]
V  [jvm.dll+0x7f809c]
V  [jvm.dll+0x7f25fa]
V  [jvm.dll+0x682985]
C  [ucrtbase.dll+0x21bb2]
C  [KERNEL32.DLL+0x17344]
C  [ntdll.dll+0x526b1]


---------------  P R O C E S S  ---------------

Threads class SMR info:
_java_thread_list=0x000001e1205b51e0, length=13, elements={
0x000001e10259bfa0, 0x000001e11d059c10, 0x000001e11d05aa80, 0x000001e11d0ada30,
0x000001e11d0ae5e0, 0x000001e11d08d960, 0x000001e11d08e310, 0x000001e11d08f0a0,
0x000001e11d08fb40, 0x000001e11d091270, 0x000001e11dd77ab0, 0x000001e11dd8a1c0,
0x000001e11f857020
}

Java Threads: ( => current thread )
  0x000001e10259bfa0 JavaThread "main" [_thread_blocked, id=16856, stack(0x000000cb0d200000,0x000000cb0d300000)]
  0x000001e11d059c10 JavaThread "Reference Handler" daemon [_thread_blocked, id=23820, stack(0x000000cb0d900000,0x000000cb0da00000)]
  0x000001e11d05aa80 JavaThread "Finalizer" daemon [_thread_blocked, id=7204, stack(0x000000cb0da00000,0x000000cb0db00000)]
  0x000001e11d0ada30 JavaThread "Signal Dispatcher" daemon [_thread_blocked, id=21076, stack(0x000000cb0db00000,0x000000cb0dc00000)]
  0x000001e11d0ae5e0 JavaThread "Attach Listener" daemon [_thread_blocked, id=28024, stack(0x000000cb0dc00000,0x000000cb0dd00000)]
  0x000001e11d08d960 JavaThread "Service Thread" daemon [_thread_blocked, id=2960, stack(0x000000cb0dd00000,0x000000cb0de00000)]
  0x000001e11d08e310 JavaThread "Monitor Deflation Thread" daemon [_thread_blocked, id=29508, stack(0x000000cb0de00000,0x000000cb0df00000)]
=>0x000001e11d08f0a0 JavaThread "C2 CompilerThread0" daemon [_thread_in_native, id=8992, stack(0x000000cb0df00000,0x000000cb0e000000)]
  0x000001e11d08fb40 JavaThread "C1 CompilerThread0" daemon [_thread_blocked, id=29300, stack(0x000000cb0e000000,0x000000cb0e100000)]
  0x000001e11d091270 JavaThread "Sweeper thread" daemon [_thread_blocked, id=8968, stack(0x000000cb0e100000,0x000000cb0e200000)]
  0x000001e11dd77ab0 JavaThread "Notification Thread" daemon [_thread_blocked, id=29128, stack(0x000000cb0e200000,0x000000cb0e300000)]
  0x000001e11dd8a1c0 JavaThread "Common-Cleaner" daemon [_thread_blocked, id=28844, stack(0x000000cb0e400000,0x000000cb0e500000)]
  0x000001e11f857020 JavaThread "C2 CompilerThread1" daemon [_thread_blocked, id=5188, stack(0x000000cb0e500000,0x000000cb0e600000)]

Other Threads:
  0x000001e11d04fa10 VMThread "VM Thread" [stack: 0x000000cb0d800000,0x000000cb0d900000] [id=21800]
  0x000001e1045e1e40 WatcherThread [stack: 0x000000cb0e300000,0x000000cb0e400000] [id=17372]
  0x000001e1045c3930 GCTaskThread "GC Thread#0" [stack: 0x000000cb0d300000,0x000000cb0d400000] [id=23540]
  0x000001e11e4aef20 GCTaskThread "GC Thread#1" [stack: 0x000000cb0e600000,0x000000cb0e700000] [id=16664]
  0x000001e11e4e0d10 GCTaskThread "GC Thread#2" [stack: 0x000000cb0e700000,0x000000cb0e800000] [id=30968]
  0x000001e11e469870 GCTaskThread "GC Thread#3" [stack: 0x000000cb0e800000,0x000000cb0e900000] [id=15812]
  0x000001e11e46a130 GCTaskThread "GC Thread#4" [stack: 0x000000cb0e900000,0x000000cb0ea00000] [id=30624]
  0x000001e11e46a3e0 GCTaskThread "GC Thread#5" [stack: 0x000000cb0ea00000,0x000000cb0eb00000] [id=10512]
  0x000001e11e4a9460 GCTaskThread "GC Thread#6" [stack: 0x000000cb0eb00000,0x000000cb0ec00000] [id=17492]
  0x000001e11e7e3ec0 GCTaskThread "GC Thread#7" [stack: 0x000000cb0ec00000,0x000000cb0ed00000] [id=23340]
  0x000001e1045d1b00 ConcurrentGCThread "G1 Main Marker" [stack: 0x000000cb0d400000,0x000000cb0d500000] [id=18212]
  0x000001e1045d2cb0 ConcurrentGCThread "G1 Conc#0" [stack: 0x000000cb0d500000,0x000000cb0d600000] [id=27964]
  0x000001e11e7c3030 ConcurrentGCThread "G1 Conc#1" [stack: 0x000000cb0ed00000,0x000000cb0ee00000] [id=12732]
  0x000001e1046492f0 ConcurrentGCThread "G1 Refine#0" [stack: 0x000000cb0d600000,0x000000cb0d700000] [id=27564]
  0x000001e11e7fdf60 ConcurrentGCThread "G1 Refine#1" [stack: 0x000000cb0ef00000,0x000000cb0f000000] [id=24480]
  0x000001e11e615ed0 ConcurrentGCThread "G1 Refine#2" [stack: 0x000000cb0f000000,0x000000cb0f100000] [id=30072]
  0x000001e11f9a0480 ConcurrentGCThread "G1 Refine#3" [stack: 0x000000cb0f100000,0x000000cb0f200000] [id=13556]
  0x000001e104649d10 ConcurrentGCThread "G1 Service" [stack: 0x000000cb0d700000,0x000000cb0d800000] [id=4712]

Threads with active compile tasks:
C2 CompilerThread0    10767 8576       4       java.lang.ClassLoader::loadClass (7 bytes)
C2 CompilerThread1    10767 8578       4       jdk.internal.loader.ClassLoaders$AppClassLoader::loadClass (40 bytes)

VM state: at safepoint (normal execution)

VM Mutex/Monitor currently owned by a thread:  ([mutex/lock_event])
[0x000001e1045795a0] Threads_lock - owner thread: 0x000001e11d04fa10
[0x000001e104578e50] Heap_lock - owner thread: 0x000001e1045d1b00

Heap address: 0x00000000a0c00000, size: 1524 MB, Compressed Oops mode: 32-bit

CDS archive(s) not mapped
Compressed class space mapped at: 0x0000000100000000-0x0000000140000000, reserved size: 1073741824
Narrow klass base: 0x0000000000000000, Narrow klass shift: 3, Narrow klass range: 0x140000000

GC Precious Log:
 CPUs: 8 total, 8 available
 Memory: 6091M
 Large Page Support: Disabled
 NUMA Support: Disabled
 Compressed Oops: Enabled (32-bit)
 Heap Region Size: 1M
 Heap Min Capacity: 8M
 Heap Initial Capacity: 96M
 Heap Max Capacity: 1524M
 Pre-touch: Disabled
 Parallel Workers: 8
 Concurrent Workers: 2
 Concurrent Refinement Workers: 8
 Periodic GC: Disabled

Heap:
 garbage-first heap   total 252928K, used 63998K [0x00000000a0c00000, 0x0000000100000000)
  region size 1024K, 6 young (6144K), 2 survivors (2048K)
 Metaspace       used 76687K, committed 76928K, reserved 1122304K
  class space    used 8836K, committed 8960K, reserved 1048576K

Heap Regions: E=young(eden), S=young(survivor), O=old, HS=humongous(starts), HC=humongous(continues), CS=collection set, F=free, OA=open archive, CA=closed archive, TAMS=top-at-mark-start (previous, next)
|   0|0x00000000a0c00000, 0x00000000a0d00000, 0x00000000a0d00000|100%|HS|  |TAMS 0x00000000a0d00000, 0x00000000a0d00000| Complete 
|   1|0x00000000a0d00000, 0x00000000a0e00000, 0x00000000a0e00000|100%|HC|  |TAMS 0x00000000a0e00000, 0x00000000a0e00000| Complete 
|   2|0x00000000a0e00000, 0x00000000a0f00000, 0x00000000a0f00000|100%|HC|  |TAMS 0x00000000a0f00000, 0x00000000a0f00000| Complete 
|   3|0x00000000a0f00000, 0x00000000a1000000, 0x00000000a1000000|100%|HC|  |TAMS 0x00000000a1000000, 0x00000000a1000000| Complete 
|   4|0x00000000a1000000, 0x00000000a1100000, 0x00000000a1100000|100%| O|  |TAMS 0x00000000a1100000, 0x00000000a1100000| Untracked 
|   5|0x00000000a1100000, 0x00000000a1200000, 0x00000000a1200000|100%| O|  |TAMS 0x00000000a1200000, 0x00000000a1200000| Untracked 
|   6|0x00000000a1200000, 0x00000000a1300000, 0x00000000a1300000|100%|HS|  |TAMS 0x00000000a1300000, 0x00000000a1300000| Complete 
|   7|0x00000000a1300000, 0x00000000a1400000, 0x00000000a1400000|100%| O|  |TAMS 0x00000000a1300000, 0x00000000a1400000| Untracked 
|   8|0x00000000a1400000, 0x00000000a1500000, 0x00000000a1500000|100%|HS|  |TAMS 0x00000000a1500000, 0x00000000a1500000| Complete 
|   9|0x00000000a1500000, 0x00000000a1600000, 0x00000000a1600000|100%|HC|  |TAMS 0x00000000a1600000, 0x00000000a1600000| Complete 
|  10|0x00000000a1600000, 0x00000000a1700000, 0x00000000a1700000|100%| O|  |TAMS 0x00000000a1700000, 0x00000000a1700000| Untracked 
|  11|0x00000000a1700000, 0x00000000a1800000, 0x00000000a1800000|100%| O|  |TAMS 0x00000000a1800000, 0x00000000a1800000| Untracked 
|  12|0x00000000a1800000, 0x00000000a1900000, 0x00000000a1900000|100%| O|  |TAMS 0x00000000a1900000, 0x00000000a1900000| Untracked 
|  13|0x00000000a1900000, 0x00000000a1a00000, 0x00000000a1a00000|100%| O|  |TAMS 0x00000000a1a00000, 0x00000000a1a00000| Untracked 
|  14|0x00000000a1a00000, 0x00000000a1b00000, 0x00000000a1b00000|100%| O|  |TAMS 0x00000000a1b00000, 0x00000000a1b00000| Untracked 
|  15|0x00000000a1b00000, 0x00000000a1c00000, 0x00000000a1c00000|100%| O|  |TAMS 0x00000000a1c00000, 0x00000000a1c00000| Untracked 
|  16|0x00000000a1c00000, 0x00000000a1d00000, 0x00000000a1d00000|100%| O|  |TAMS 0x00000000a1d00000, 0x00000000a1d00000| Untracked 
|  17|0x00000000a1d00000, 0x00000000a1d00000, 0x00000000a1e00000|  0%| F|  |TAMS 0x00000000a1d00000, 0x00000000a1d00000| Untracked 
|  18|0x00000000a1e00000, 0x00000000a1f00000, 0x00000000a1f00000|100%| O|  |TAMS 0x00000000a1f00000, 0x00000000a1f00000| Untracked 
|  19|0x00000000a1f00000, 0x00000000a2000000, 0x00000000a2000000|100%| O|  |TAMS 0x00000000a2000000, 0x00000000a2000000| Untracked 
|  20|0x00000000a2000000, 0x00000000a2100000, 0x00000000a2100000|100%| O|  |TAMS 0x00000000a2100000, 0x00000000a2100000| Untracked 
|  21|0x00000000a2100000, 0x00000000a2200000, 0x00000000a2200000|100%| O|  |TAMS 0x00000000a2200000, 0x00000000a2200000| Untracked 
|  22|0x00000000a2200000, 0x00000000a2300000, 0x00000000a2300000|100%| O|  |TAMS 0x00000000a2300000, 0x00000000a2300000| Untracked 
|  23|0x00000000a2300000, 0x00000000a2400000, 0x00000000a2400000|100%| O|  |TAMS 0x00000000a2400000, 0x00000000a2400000| Untracked 
|  24|0x00000000a2400000, 0x00000000a2500000, 0x00000000a2500000|100%| O|  |TAMS 0x00000000a2500000, 0x00000000a2500000| Untracked 
|  25|0x00000000a2500000, 0x00000000a2600000, 0x00000000a2600000|100%| O|  |TAMS 0x00000000a2600000, 0x00000000a2600000| Untracked 
|  26|0x00000000a2600000, 0x00000000a2700000, 0x00000000a2700000|100%| O|  |TAMS 0x00000000a2700000, 0x00000000a2700000| Untracked 
|  27|0x00000000a2700000, 0x00000000a2800000, 0x00000000a2800000|100%| O|  |TAMS 0x00000000a2800000, 0x00000000a2800000| Untracked 
|  28|0x00000000a2800000, 0x00000000a2900000, 0x00000000a2900000|100%| O|  |TAMS 0x00000000a2900000, 0x00000000a2900000| Untracked 
|  29|0x00000000a2900000, 0x00000000a2a00000, 0x00000000a2a00000|100%| O|  |TAMS 0x00000000a2a00000, 0x00000000a2a00000| Untracked 
|  30|0x00000000a2a00000, 0x00000000a2b00000, 0x00000000a2b00000|100%| O|  |TAMS 0x00000000a2b00000, 0x00000000a2b00000| Untracked 
|  31|0x00000000a2b00000, 0x00000000a2c00000, 0x00000000a2c00000|100%| O|  |TAMS 0x00000000a2c00000, 0x00000000a2b00000| Untracked 
|  32|0x00000000a2c00000, 0x00000000a2d00000, 0x00000000a2d00000|100%| O|  |TAMS 0x00000000a2d00000, 0x00000000a2c00000| Untracked 
|  33|0x00000000a2d00000, 0x00000000a2e00000, 0x00000000a2e00000|100%| O|  |TAMS 0x00000000a2e00000, 0x00000000a2d00000| Updating 
|  34|0x00000000a2e00000, 0x00000000a2f00000, 0x00000000a2f00000|100%| O|  |TAMS 0x00000000a2f00000, 0x00000000a2e00000| Untracked 
|  35|0x00000000a2f00000, 0x00000000a3000000, 0x00000000a3000000|100%| O|  |TAMS 0x00000000a3000000, 0x00000000a2f00000| Untracked 
|  36|0x00000000a3000000, 0x00000000a3100000, 0x00000000a3100000|100%| O|  |TAMS 0x00000000a3100000, 0x00000000a3000000| Untracked 
|  37|0x00000000a3100000, 0x00000000a3200000, 0x00000000a3200000|100%| O|  |TAMS 0x00000000a3200000, 0x00000000a3100000| Untracked 
|  38|0x00000000a3200000, 0x00000000a3300000, 0x00000000a3300000|100%| O|  |TAMS 0x00000000a3300000, 0x00000000a3200000| Untracked 
|  39|0x00000000a3300000, 0x00000000a3400000, 0x00000000a3400000|100%| O|  |TAMS 0x00000000a3400000, 0x00000000a3300000| Untracked 
|  40|0x00000000a3400000, 0x00000000a3500000, 0x00000000a3500000|100%| O|  |TAMS 0x00000000a3500000, 0x00000000a3400000| Untracked 
|  41|0x00000000a3500000, 0x00000000a3600000, 0x00000000a3600000|100%| O|  |TAMS 0x00000000a3600000, 0x00000000a3500000| Untracked 
|  42|0x00000000a3600000, 0x00000000a3700000, 0x00000000a3700000|100%| O|  |TAMS 0x00000000a3700000, 0x00000000a3600000| Updating 
|  43|0x00000000a3700000, 0x00000000a3800000, 0x00000000a3800000|100%| O|  |TAMS 0x00000000a3800000, 0x00000000a3700000| Untracked 
|  44|0x00000000a3800000, 0x00000000a3900000, 0x00000000a3900000|100%| O|  |TAMS 0x00000000a3900000, 0x00000000a3800000| Untracked 
|  45|0x00000000a3900000, 0x00000000a3a00000, 0x00000000a3a00000|100%| O|  |TAMS 0x00000000a3a00000, 0x00000000a3900000| Updating 
|  46|0x00000000a3a00000, 0x00000000a3b00000, 0x00000000a3b00000|100%| O|  |TAMS 0x00000000a3b00000, 0x00000000a3a00000| Untracked 
|  47|0x00000000a3b00000, 0x00000000a3c00000, 0x00000000a3c00000|100%| O|  |TAMS 0x00000000a3c00000, 0x00000000a3b00000| Untracked 
|  48|0x00000000a3c00000, 0x00000000a3d00000, 0x00000000a3d00000|100%| O|  |TAMS 0x00000000a3d00000, 0x00000000a3c00000| Untracked 
|  49|0x00000000a3d00000, 0x00000000a3e00000, 0x00000000a3e00000|100%| O|  |TAMS 0x00000000a3e00000, 0x00000000a3d00000| Untracked 
|  50|0x00000000a3e00000, 0x00000000a3f00000, 0x00000000a3f00000|100%| O|  |TAMS 0x00000000a3f00000, 0x00000000a3e00000| Updating 
|  51|0x00000000a3f00000, 0x00000000a4000000, 0x00000000a4000000|100%| O|  |TAMS 0x00000000a4000000, 0x00000000a3f00000| Updating 
|  52|0x00000000a4000000, 0x00000000a4100000, 0x00000000a4100000|100%| O|  |TAMS 0x00000000a4100000, 0x00000000a4000000| Untracked 
|  53|0x00000000a4100000, 0x00000000a4200000, 0x00000000a4200000|100%| O|  |TAMS 0x00000000a4200000, 0x00000000a4100000| Untracked 
|  54|0x00000000a4200000, 0x00000000a4300000, 0x00000000a4300000|100%| O|  |TAMS 0x00000000a4300000, 0x00000000a4200000| Untracked 
|  55|0x00000000a4300000, 0x00000000a4400000, 0x00000000a4400000|100%| O|  |TAMS 0x00000000a4400000, 0x00000000a4300000| Untracked 
|  56|0x00000000a4400000, 0x00000000a448a000, 0x00000000a4500000| 53%| O|  |TAMS 0x00000000a448a000, 0x00000000a4400000| Updating 
|  57|0x00000000a4500000, 0x00000000a4500000, 0x00000000a4600000|  0%| F|  |TAMS 0x00000000a4500000, 0x00000000a4500000| Untracked 
|  58|0x00000000a4600000, 0x00000000a4600000, 0x00000000a4700000|  0%| F|  |TAMS 0x00000000a4600000, 0x00000000a4600000| Untracked 
|  59|0x00000000a4700000, 0x00000000a4700000, 0x00000000a4800000|  0%| F|  |TAMS 0x00000000a4700000, 0x00000000a4700000| Untracked 
|  60|0x00000000a4800000, 0x00000000a4800000, 0x00000000a4900000|  0%| F|  |TAMS 0x00000000a4800000, 0x00000000a4800000| Untracked 
|  61|0x00000000a4900000, 0x00000000a4900000, 0x00000000a4a00000|  0%| F|  |TAMS 0x00000000a4900000, 0x00000000a4900000| Untracked 
|  62|0x00000000a4a00000, 0x00000000a4a00000, 0x00000000a4b00000|  0%| F|  |TAMS 0x00000000a4a00000, 0x00000000a4a00000| Untracked 
|  63|0x00000000a4b00000, 0x00000000a4b00000, 0x00000000a4c00000|  0%| F|  |TAMS 0x00000000a4b00000, 0x00000000a4b00000| Untracked 
|  64|0x00000000a4c00000, 0x00000000a4c00000, 0x00000000a4d00000|  0%| F|  |TAMS 0x00000000a4c00000, 0x00000000a4c00000| Untracked 
|  65|0x00000000a4d00000, 0x00000000a4d00000, 0x00000000a4e00000|  0%| F|  |TAMS 0x00000000a4d00000, 0x00000000a4d00000| Untracked 
|  66|0x00000000a4e00000, 0x00000000a4e00000, 0x00000000a4f00000|  0%| F|  |TAMS 0x00000000a4e00000, 0x00000000a4e00000| Untracked 
|  67|0x00000000a4f00000, 0x00000000a4f00000, 0x00000000a5000000|  0%| F|  |TAMS 0x00000000a4f00000, 0x00000000a4f00000| Untracked 
|  68|0x00000000a5000000, 0x00000000a5000000, 0x00000000a5100000|  0%| F|  |TAMS 0x00000000a5000000, 0x00000000a5000000| Untracked 
|  69|0x00000000a5100000, 0x00000000a5100000, 0x00000000a5200000|  0%| F|  |TAMS 0x00000000a5100000, 0x00000000a5100000| Untracked 
|  70|0x00000000a5200000, 0x00000000a5200000, 0x00000000a5300000|  0%| F|  |TAMS 0x00000000a5200000, 0x00000000a5200000| Untracked 
|  71|0x00000000a5300000, 0x00000000a5300000, 0x00000000a5400000|  0%| F|  |TAMS 0x00000000a5300000, 0x00000000a5300000| Untracked 
|  72|0x00000000a5400000, 0x00000000a5400000, 0x00000000a5500000|  0%| F|  |TAMS 0x00000000a5400000, 0x00000000a5400000| Untracked 
|  73|0x00000000a5500000, 0x00000000a5500000, 0x00000000a5600000|  0%| F|  |TAMS 0x00000000a5500000, 0x00000000a5500000| Untracked 
|  74|0x00000000a5600000, 0x00000000a5600000, 0x00000000a5700000|  0%| F|  |TAMS 0x00000000a5600000, 0x00000000a5600000| Untracked 
|  75|0x00000000a5700000, 0x00000000a5700000, 0x00000000a5800000|  0%| F|  |TAMS 0x00000000a5700000, 0x00000000a5700000| Untracked 
|  76|0x00000000a5800000, 0x00000000a5800000, 0x00000000a5900000|  0%| F|  |TAMS 0x00000000a5800000, 0x00000000a5800000| Untracked 
|  77|0x00000000a5900000, 0x00000000a59f5a30, 0x00000000a5a00000| 95%| S|CS|TAMS 0x00000000a5900000, 0x00000000a5900000| Complete 
|  78|0x00000000a5a00000, 0x00000000a5b00000, 0x00000000a5b00000|100%| S|CS|TAMS 0x00000000a5a00000, 0x00000000a5a00000| Complete 
|  79|0x00000000a5b00000, 0x00000000a5b00000, 0x00000000a5c00000|  0%| F|  |TAMS 0x00000000a5b00000, 0x00000000a5b00000| Untracked 
|  80|0x00000000a5c00000, 0x00000000a5c00000, 0x00000000a5d00000|  0%| F|  |TAMS 0x00000000a5c00000, 0x00000000a5c00000| Untracked 
|  81|0x00000000a5d00000, 0x00000000a5d00000, 0x00000000a5e00000|  0%| F|  |TAMS 0x00000000a5d00000, 0x00000000a5d00000| Untracked 
|  82|0x00000000a5e00000, 0x00000000a5e00000, 0x00000000a5f00000|  0%| F|  |TAMS 0x00000000a5e00000, 0x00000000a5e00000| Untracked 
|  83|0x00000000a5f00000, 0x00000000a5f00000, 0x00000000a6000000|  0%| F|  |TAMS 0x00000000a5f00000, 0x00000000a5f00000| Untracked 
|  84|0x00000000a6000000, 0x00000000a6000000, 0x00000000a6100000|  0%| F|  |TAMS 0x00000000a6000000, 0x00000000a6000000| Untracked 
|  85|0x00000000a6100000, 0x00000000a6100000, 0x00000000a6200000|  0%| F|  |TAMS 0x00000000a6100000, 0x00000000a6100000| Untracked 
|  86|0x00000000a6200000, 0x00000000a6200000, 0x00000000a6300000|  0%| F|  |TAMS 0x00000000a6200000, 0x00000000a6200000| Untracked 
|  87|0x00000000a6300000, 0x00000000a6300000, 0x00000000a6400000|  0%| F|  |TAMS 0x00000000a6300000, 0x00000000a6300000| Untracked 
|  88|0x00000000a6400000, 0x00000000a6400000, 0x00000000a6500000|  0%| F|  |TAMS 0x00000000a6400000, 0x00000000a6400000| Untracked 
|  89|0x00000000a6500000, 0x00000000a6500000, 0x00000000a6600000|  0%| F|  |TAMS 0x00000000a6500000, 0x00000000a6500000| Untracked 
|  90|0x00000000a6600000, 0x00000000a6600000, 0x00000000a6700000|  0%| F|  |TAMS 0x00000000a6600000, 0x00000000a6600000| Untracked 
|  91|0x00000000a6700000, 0x00000000a6700000, 0x00000000a6800000|  0%| F|  |TAMS 0x00000000a6700000, 0x00000000a6700000| Untracked 
|  92|0x00000000a6800000, 0x00000000a6800000, 0x00000000a6900000|  0%| F|  |TAMS 0x00000000a6800000, 0x00000000a6800000| Untracked 
|  93|0x00000000a6900000, 0x00000000a6900000, 0x00000000a6a00000|  0%| F|  |TAMS 0x00000000a6900000, 0x00000000a6900000| Untracked 
|  94|0x00000000a6a00000, 0x00000000a6a00000, 0x00000000a6b00000|  0%| F|  |TAMS 0x00000000a6a00000, 0x00000000a6a00000| Untracked 
|  95|0x00000000a6b00000, 0x00000000a6b00000, 0x00000000a6c00000|  0%| F|  |TAMS 0x00000000a6b00000, 0x00000000a6b00000| Untracked 
|  96|0x00000000a6c00000, 0x00000000a6c00000, 0x00000000a6d00000|  0%| F|  |TAMS 0x00000000a6c00000, 0x00000000a6c00000| Untracked 
|  97|0x00000000a6d00000, 0x00000000a6d00000, 0x00000000a6e00000|  0%| F|  |TAMS 0x00000000a6d00000, 0x00000000a6d00000| Untracked 
|  98|0x00000000a6e00000, 0x00000000a6e00000, 0x00000000a6f00000|  0%| F|  |TAMS 0x00000000a6e00000, 0x00000000a6e00000| Untracked 
|  99|0x00000000a6f00000, 0x00000000a6f00000, 0x00000000a7000000|  0%| F|  |TAMS 0x00000000a6f00000, 0x00000000a6f00000| Untracked 
| 100|0x00000000a7000000, 0x00000000a7000000, 0x00000000a7100000|  0%| F|  |TAMS 0x00000000a7000000, 0x00000000a7000000| Untracked 
| 101|0x00000000a7100000, 0x00000000a7100000, 0x00000000a7200000|  0%| F|  |TAMS 0x00000000a7100000, 0x00000000a7100000| Untracked 
| 102|0x00000000a7200000, 0x00000000a7200000, 0x00000000a7300000|  0%| F|  |TAMS 0x00000000a7200000, 0x00000000a7200000| Untracked 
| 103|0x00000000a7300000, 0x00000000a7300000, 0x00000000a7400000|  0%| F|  |TAMS 0x00000000a7300000, 0x00000000a7300000| Untracked 
| 104|0x00000000a7400000, 0x00000000a7400000, 0x00000000a7500000|  0%| F|  |TAMS 0x00000000a7400000, 0x00000000a7400000| Untracked 
| 105|0x00000000a7500000, 0x00000000a7500000, 0x00000000a7600000|  0%| F|  |TAMS 0x00000000a7500000, 0x00000000a7500000| Untracked 
| 106|0x00000000a7600000, 0x00000000a7600000, 0x00000000a7700000|  0%| F|  |TAMS 0x00000000a7600000, 0x00000000a7600000| Untracked 
| 107|0x00000000a7700000, 0x00000000a7700000, 0x00000000a7800000|  0%| F|  |TAMS 0x00000000a7700000, 0x00000000a7700000| Untracked 
| 108|0x00000000a7800000, 0x00000000a7800000, 0x00000000a7900000|  0%| F|  |TAMS 0x00000000a7800000, 0x00000000a7800000| Untracked 
| 109|0x00000000a7900000, 0x00000000a7900000, 0x00000000a7a00000|  0%| F|  |TAMS 0x00000000a7900000, 0x00000000a7900000| Untracked 
| 110|0x00000000a7a00000, 0x00000000a7a00000, 0x00000000a7b00000|  0%| F|  |TAMS 0x00000000a7a00000, 0x00000000a7a00000| Untracked 
| 111|0x00000000a7b00000, 0x00000000a7b00000, 0x00000000a7c00000|  0%| F|  |TAMS 0x00000000a7b00000, 0x00000000a7b00000| Untracked 
| 112|0x00000000a7c00000, 0x00000000a7c00000, 0x00000000a7d00000|  0%| F|  |TAMS 0x00000000a7c00000, 0x00000000a7c00000| Untracked 
| 113|0x00000000a7d00000, 0x00000000a7d00000, 0x00000000a7e00000|  0%| F|  |TAMS 0x00000000a7d00000, 0x00000000a7d00000| Untracked 
| 114|0x00000000a7e00000, 0x00000000a7e00000, 0x00000000a7f00000|  0%| F|  |TAMS 0x00000000a7e00000, 0x00000000a7e00000| Untracked 
| 115|0x00000000a7f00000, 0x00000000a7f00000, 0x00000000a8000000|  0%| F|  |TAMS 0x00000000a7f00000, 0x00000000a7f00000| Untracked 
| 116|0x00000000a8000000, 0x00000000a8000000, 0x00000000a8100000|  0%| F|  |TAMS 0x00000000a8000000, 0x00000000a8000000| Untracked 
| 117|0x00000000a8100000, 0x00000000a8100000, 0x00000000a8200000|  0%| F|  |TAMS 0x00000000a8100000, 0x00000000a8100000| Untracked 
| 118|0x00000000a8200000, 0x00000000a8200000, 0x00000000a8300000|  0%| F|  |TAMS 0x00000000a8200000, 0x00000000a8200000| Untracked 
| 119|0x00000000a8300000, 0x00000000a8300000, 0x00000000a8400000|  0%| F|  |TAMS 0x00000000a8300000, 0x00000000a8300000| Untracked 
| 120|0x00000000a8400000, 0x00000000a8400000, 0x00000000a8500000|  0%| F|  |TAMS 0x00000000a8400000, 0x00000000a8400000| Untracked 
| 121|0x00000000a8500000, 0x00000000a8500000, 0x00000000a8600000|  0%| F|  |TAMS 0x00000000a8500000, 0x00000000a8500000| Untracked 
| 122|0x00000000a8600000, 0x00000000a8600000, 0x00000000a8700000|  0%| F|  |TAMS 0x00000000a8600000, 0x00000000a8600000| Untracked 
| 123|0x00000000a8700000, 0x00000000a8700000, 0x00000000a8800000|  0%| F|  |TAMS 0x00000000a8700000, 0x00000000a8700000| Untracked 
| 124|0x00000000a8800000, 0x00000000a8800000, 0x00000000a8900000|  0%| F|  |TAMS 0x00000000a8800000, 0x00000000a8800000| Untracked 
| 125|0x00000000a8900000, 0x00000000a8900000, 0x00000000a8a00000|  0%| F|  |TAMS 0x00000000a8900000, 0x00000000a8900000| Untracked 
| 126|0x00000000a8a00000, 0x00000000a8a00000, 0x00000000a8b00000|  0%| F|  |TAMS 0x00000000a8a00000, 0x00000000a8a00000| Untracked 
| 127|0x00000000a8b00000, 0x00000000a8b00000, 0x00000000a8c00000|  0%| F|  |TAMS 0x00000000a8b00000, 0x00000000a8b00000| Untracked 
| 128|0x00000000a8c00000, 0x00000000a8c00000, 0x00000000a8d00000|  0%| F|  |TAMS 0x00000000a8c00000, 0x00000000a8c00000| Untracked 
| 129|0x00000000a8d00000, 0x00000000a8d00000, 0x00000000a8e00000|  0%| F|  |TAMS 0x00000000a8d00000, 0x00000000a8d00000| Untracked 
| 130|0x00000000a8e00000, 0x00000000a8e00000, 0x00000000a8f00000|  0%| F|  |TAMS 0x00000000a8e00000, 0x00000000a8e00000| Untracked 
| 131|0x00000000a8f00000, 0x00000000a8f00000, 0x00000000a9000000|  0%| F|  |TAMS 0x00000000a8f00000, 0x00000000a8f00000| Untracked 
| 132|0x00000000a9000000, 0x00000000a9000000, 0x00000000a9100000|  0%| F|  |TAMS 0x00000000a9000000, 0x00000000a9000000| Untracked 
| 133|0x00000000a9100000, 0x00000000a9100000, 0x00000000a9200000|  0%| F|  |TAMS 0x00000000a9100000, 0x00000000a9100000| Untracked 
| 134|0x00000000a9200000, 0x00000000a9200000, 0x00000000a9300000|  0%| F|  |TAMS 0x00000000a9200000, 0x00000000a9200000| Untracked 
| 135|0x00000000a9300000, 0x00000000a9300000, 0x00000000a9400000|  0%| F|  |TAMS 0x00000000a9300000, 0x00000000a9300000| Untracked 
| 136|0x00000000a9400000, 0x00000000a9400000, 0x00000000a9500000|  0%| F|  |TAMS 0x00000000a9400000, 0x00000000a9400000| Untracked 
| 137|0x00000000a9500000, 0x00000000a9500000, 0x00000000a9600000|  0%| F|  |TAMS 0x00000000a9500000, 0x00000000a9500000| Untracked 
| 138|0x00000000a9600000, 0x00000000a9600000, 0x00000000a9700000|  0%| F|  |TAMS 0x00000000a9600000, 0x00000000a9600000| Untracked 
| 139|0x00000000a9700000, 0x00000000a9700000, 0x00000000a9800000|  0%| F|  |TAMS 0x00000000a9700000, 0x00000000a9700000| Untracked 
| 140|0x00000000a9800000, 0x00000000a9800000, 0x00000000a9900000|  0%| F|  |TAMS 0x00000000a9800000, 0x00000000a9800000| Untracked 
| 141|0x00000000a9900000, 0x00000000a9900000, 0x00000000a9a00000|  0%| F|  |TAMS 0x00000000a9900000, 0x00000000a9900000| Untracked 
| 142|0x00000000a9a00000, 0x00000000a9a00000, 0x00000000a9b00000|  0%| F|  |TAMS 0x00000000a9a00000, 0x00000000a9a00000| Untracked 
| 143|0x00000000a9b00000, 0x00000000a9b00000, 0x00000000a9c00000|  0%| F|  |TAMS 0x00000000a9b00000, 0x00000000a9b00000| Untracked 
| 144|0x00000000a9c00000, 0x00000000a9c00000, 0x00000000a9d00000|  0%| F|  |TAMS 0x00000000a9c00000, 0x00000000a9c00000| Untracked 
| 145|0x00000000a9d00000, 0x00000000a9d00000, 0x00000000a9e00000|  0%| F|  |TAMS 0x00000000a9d00000, 0x00000000a9d00000| Untracked 
| 146|0x00000000a9e00000, 0x00000000a9e00000, 0x00000000a9f00000|  0%| F|  |TAMS 0x00000000a9e00000, 0x00000000a9e00000| Untracked 
| 147|0x00000000a9f00000, 0x00000000a9f00000, 0x00000000aa000000|  0%| F|  |TAMS 0x00000000a9f00000, 0x00000000a9f00000| Untracked 
| 148|0x00000000aa000000, 0x00000000aa000000, 0x00000000aa100000|  0%| F|  |TAMS 0x00000000aa000000, 0x00000000aa000000| Untracked 
| 149|0x00000000aa100000, 0x00000000aa100000, 0x00000000aa200000|  0%| F|  |TAMS 0x00000000aa100000, 0x00000000aa100000| Untracked 
| 150|0x00000000aa200000, 0x00000000aa200000, 0x00000000aa300000|  0%| F|  |TAMS 0x00000000aa200000, 0x00000000aa200000| Untracked 
| 151|0x00000000aa300000, 0x00000000aa300000, 0x00000000aa400000|  0%| F|  |TAMS 0x00000000aa300000, 0x00000000aa300000| Untracked 
| 152|0x00000000aa400000, 0x00000000aa400000, 0x00000000aa500000|  0%| F|  |TAMS 0x00000000aa400000, 0x00000000aa400000| Untracked 
| 153|0x00000000aa500000, 0x00000000aa500000, 0x00000000aa600000|  0%| F|  |TAMS 0x00000000aa500000, 0x00000000aa500000| Untracked 
| 154|0x00000000aa600000, 0x00000000aa600000, 0x00000000aa700000|  0%| F|  |TAMS 0x00000000aa600000, 0x00000000aa600000| Untracked 
| 155|0x00000000aa700000, 0x00000000aa700000, 0x00000000aa800000|  0%| F|  |TAMS 0x00000000aa700000, 0x00000000aa700000| Untracked 
| 156|0x00000000aa800000, 0x00000000aa800000, 0x00000000aa900000|  0%| F|  |TAMS 0x00000000aa800000, 0x00000000aa800000| Untracked 
| 157|0x00000000aa900000, 0x00000000aa900000, 0x00000000aaa00000|  0%| F|  |TAMS 0x00000000aa900000, 0x00000000aa900000| Untracked 
| 158|0x00000000aaa00000, 0x00000000aaa00000, 0x00000000aab00000|  0%| F|  |TAMS 0x00000000aaa00000, 0x00000000aaa00000| Untracked 
| 159|0x00000000aab00000, 0x00000000aab00000, 0x00000000aac00000|  0%| F|  |TAMS 0x00000000aab00000, 0x00000000aab00000| Untracked 
| 160|0x00000000aac00000, 0x00000000aac00000, 0x00000000aad00000|  0%| F|  |TAMS 0x00000000aac00000, 0x00000000aac00000| Untracked 
| 161|0x00000000aad00000, 0x00000000aad00000, 0x00000000aae00000|  0%| F|  |TAMS 0x00000000aad00000, 0x00000000aad00000| Untracked 
| 162|0x00000000aae00000, 0x00000000aae00000, 0x00000000aaf00000|  0%| F|  |TAMS 0x00000000aae00000, 0x00000000aae00000| Untracked 
| 163|0x00000000aaf00000, 0x00000000aaf00000, 0x00000000ab000000|  0%| F|  |TAMS 0x00000000aaf00000, 0x00000000aaf00000| Untracked 
| 164|0x00000000ab000000, 0x00000000ab000000, 0x00000000ab100000|  0%| F|  |TAMS 0x00000000ab000000, 0x00000000ab000000| Untracked 
| 165|0x00000000ab100000, 0x00000000ab100000, 0x00000000ab200000|  0%| F|  |TAMS 0x00000000ab100000, 0x00000000ab100000| Untracked 
| 166|0x00000000ab200000, 0x00000000ab200000, 0x00000000ab300000|  0%| F|  |TAMS 0x00000000ab200000, 0x00000000ab200000| Untracked 
| 167|0x00000000ab300000, 0x00000000ab300000, 0x00000000ab400000|  0%| F|  |TAMS 0x00000000ab300000, 0x00000000ab300000| Untracked 
| 168|0x00000000ab400000, 0x00000000ab400000, 0x00000000ab500000|  0%| F|  |TAMS 0x00000000ab400000, 0x00000000ab400000| Untracked 
| 169|0x00000000ab500000, 0x00000000ab500000, 0x00000000ab600000|  0%| F|  |TAMS 0x00000000ab500000, 0x00000000ab500000| Untracked 
| 170|0x00000000ab600000, 0x00000000ab600000, 0x00000000ab700000|  0%| F|  |TAMS 0x00000000ab600000, 0x00000000ab600000| Untracked 
| 171|0x00000000ab700000, 0x00000000ab700000, 0x00000000ab800000|  0%| F|  |TAMS 0x00000000ab700000, 0x00000000ab700000| Untracked 
| 172|0x00000000ab800000, 0x00000000ab800000, 0x00000000ab900000|  0%| F|  |TAMS 0x00000000ab800000, 0x00000000ab800000| Untracked 
| 173|0x00000000ab900000, 0x00000000ab900000, 0x00000000aba00000|  0%| F|  |TAMS 0x00000000ab900000, 0x00000000ab900000| Untracked 
| 174|0x00000000aba00000, 0x00000000aba00000, 0x00000000abb00000|  0%| F|  |TAMS 0x00000000aba00000, 0x00000000aba00000| Untracked 
| 175|0x00000000abb00000, 0x00000000abb00000, 0x00000000abc00000|  0%| F|  |TAMS 0x00000000abb00000, 0x00000000abb00000| Untracked 
| 176|0x00000000abc00000, 0x00000000abc00000, 0x00000000abd00000|  0%| F|  |TAMS 0x00000000abc00000, 0x00000000abc00000| Untracked 
| 177|0x00000000abd00000, 0x00000000abd00000, 0x00000000abe00000|  0%| F|  |TAMS 0x00000000abd00000, 0x00000000abd00000| Untracked 
| 178|0x00000000abe00000, 0x00000000abe00000, 0x00000000abf00000|  0%| F|  |TAMS 0x00000000abe00000, 0x00000000abe00000| Untracked 
| 179|0x00000000abf00000, 0x00000000abf00000, 0x00000000ac000000|  0%| F|  |TAMS 0x00000000abf00000, 0x00000000abf00000| Untracked 
| 180|0x00000000ac000000, 0x00000000ac000000, 0x00000000ac100000|  0%| F|  |TAMS 0x00000000ac000000, 0x00000000ac000000| Untracked 
| 181|0x00000000ac100000, 0x00000000ac100000, 0x00000000ac200000|  0%| F|  |TAMS 0x00000000ac100000, 0x00000000ac100000| Untracked 
| 182|0x00000000ac200000, 0x00000000ac200000, 0x00000000ac300000|  0%| F|  |TAMS 0x00000000ac200000, 0x00000000ac200000| Untracked 
| 183|0x00000000ac300000, 0x00000000ac300000, 0x00000000ac400000|  0%| F|  |TAMS 0x00000000ac300000, 0x00000000ac300000| Untracked 
| 184|0x00000000ac400000, 0x00000000ac400000, 0x00000000ac500000|  0%| F|  |TAMS 0x00000000ac400000, 0x00000000ac400000| Untracked 
| 185|0x00000000ac500000, 0x00000000ac500000, 0x00000000ac600000|  0%| F|  |TAMS 0x00000000ac500000, 0x00000000ac500000| Untracked 
| 186|0x00000000ac600000, 0x00000000ac600000, 0x00000000ac700000|  0%| F|  |TAMS 0x00000000ac600000, 0x00000000ac600000| Untracked 
| 187|0x00000000ac700000, 0x00000000ac700000, 0x00000000ac800000|  0%| F|  |TAMS 0x00000000ac700000, 0x00000000ac700000| Untracked 
| 188|0x00000000ac800000, 0x00000000ac800000, 0x00000000ac900000|  0%| F|  |TAMS 0x00000000ac800000, 0x00000000ac800000| Untracked 
| 189|0x00000000ac900000, 0x00000000ac900000, 0x00000000aca00000|  0%| F|  |TAMS 0x00000000ac900000, 0x00000000ac900000| Untracked 
| 190|0x00000000aca00000, 0x00000000aca00000, 0x00000000acb00000|  0%| F|  |TAMS 0x00000000aca00000, 0x00000000aca00000| Untracked 
| 191|0x00000000acb00000, 0x00000000acb00000, 0x00000000acc00000|  0%| F|  |TAMS 0x00000000acb00000, 0x00000000acb00000| Untracked 
| 192|0x00000000acc00000, 0x00000000acc00000, 0x00000000acd00000|  0%| F|  |TAMS 0x00000000acc00000, 0x00000000acc00000| Untracked 
| 193|0x00000000acd00000, 0x00000000acd00000, 0x00000000ace00000|  0%| F|  |TAMS 0x00000000acd00000, 0x00000000acd00000| Untracked 
| 194|0x00000000ace00000, 0x00000000ace00000, 0x00000000acf00000|  0%| F|  |TAMS 0x00000000ace00000, 0x00000000ace00000| Untracked 
| 195|0x00000000acf00000, 0x00000000acf00000, 0x00000000ad000000|  0%| F|  |TAMS 0x00000000acf00000, 0x00000000acf00000| Untracked 
| 196|0x00000000ad000000, 0x00000000ad000000, 0x00000000ad100000|  0%| F|  |TAMS 0x00000000ad000000, 0x00000000ad000000| Untracked 
| 197|0x00000000ad100000, 0x00000000ad100000, 0x00000000ad200000|  0%| F|  |TAMS 0x00000000ad100000, 0x00000000ad100000| Untracked 
| 198|0x00000000ad200000, 0x00000000ad200000, 0x00000000ad300000|  0%| F|  |TAMS 0x00000000ad200000, 0x00000000ad200000| Untracked 
| 199|0x00000000ad300000, 0x00000000ad300000, 0x00000000ad400000|  0%| F|  |TAMS 0x00000000ad300000, 0x00000000ad300000| Untracked 
| 200|0x00000000ad400000, 0x00000000ad400000, 0x00000000ad500000|  0%| F|  |TAMS 0x00000000ad400000, 0x00000000ad400000| Untracked 
| 201|0x00000000ad500000, 0x00000000ad500000, 0x00000000ad600000|  0%| F|  |TAMS 0x00000000ad500000, 0x00000000ad500000| Untracked 
| 202|0x00000000ad600000, 0x00000000ad600000, 0x00000000ad700000|  0%| F|  |TAMS 0x00000000ad600000, 0x00000000ad600000| Untracked 
| 203|0x00000000ad700000, 0x00000000ad700000, 0x00000000ad800000|  0%| F|  |TAMS 0x00000000ad700000, 0x00000000ad700000| Untracked 
| 204|0x00000000ad800000, 0x00000000ad800000, 0x00000000ad900000|  0%| F|  |TAMS 0x00000000ad800000, 0x00000000ad800000| Untracked 
| 205|0x00000000ad900000, 0x00000000ad900000, 0x00000000ada00000|  0%| F|  |TAMS 0x00000000ad900000, 0x00000000ad900000| Untracked 
| 206|0x00000000ada00000, 0x00000000ada00000, 0x00000000adb00000|  0%| F|  |TAMS 0x00000000ada00000, 0x00000000ada00000| Untracked 
| 207|0x00000000adb00000, 0x00000000adb65d80, 0x00000000adc00000| 39%| E|  |TAMS 0x00000000adb00000, 0x00000000adb00000| Complete 
| 241|0x00000000afd00000, 0x00000000afe00000, 0x00000000afe00000|100%| E|CS|TAMS 0x00000000afd00000, 0x00000000afd00000| Complete 
| 242|0x00000000afe00000, 0x00000000aff00000, 0x00000000aff00000|100%| E|CS|TAMS 0x00000000afe00000, 0x00000000afe00000| Complete 
| 243|0x00000000aff00000, 0x00000000b0000000, 0x00000000b0000000|100%| E|CS|TAMS 0x00000000aff00000, 0x00000000aff00000| Complete 
| 244|0x00000000b0000000, 0x00000000b0100000, 0x00000000b0100000|100%| E|CS|TAMS 0x00000000b0000000, 0x00000000b0000000| Complete 
|1522|0x00000000ffe00000, 0x00000000fff00000, 0x00000000fff00000|100%| O|  |TAMS 0x00000000fff00000, 0x00000000ffe00000| Updating 
|1523|0x00000000fff00000, 0x0000000100000000, 0x0000000100000000|100%| O|  |TAMS 0x0000000100000000, 0x00000000fff00000| Untracked 

Card table byte_map: [0x000001e117080000,0x000001e117380000] _byte_map_base: 0x000001e116b7a000

Marking Bits (Prev, Next): (CMBitMap*) 0x000001e1045c5390, (CMBitMap*) 0x000001e1045c5350
 Prev Bits: [0x000001e118e50000, 0x000001e11a620000)
 Next Bits: [0x000001e117680000, 0x000001e118e50000)

Polling page: 0x000001e103d50000

Metaspace:

Usage:
  Non-class:     66.34 MB used.
      Class:      8.64 MB used.
       Both:     74.97 MB used.

Virtual space:
  Non-class space:       72.00 MB reserved,      66.50 MB ( 92%) committed,  9 nodes.
      Class space:        1.00 GB reserved,       8.81 MB ( <1%) committed,  1 nodes.
             Both:        1.07 GB reserved,      75.31 MB (  7%) committed. 

Chunk freelists:
   Non-Class:  688.00 KB
       Class:  3.23 MB
        Both:  3.91 MB

MaxMetaspaceSize: unlimited
CompressedClassSpaceSize: 1.00 GB
Initial GC threshold: 21.00 MB
Current GC threshold: 125.25 MB
CDS: off
MetaspaceReclaimPolicy: balanced
 - commit_granule_bytes: 65536.
 - commit_granule_words: 8192.
 - virtual_space_node_default_size: 1048576.
 - enlarge_chunks_in_place: 1.
 - new_chunks_are_fully_committed: 0.
 - uncommit_free_chunks: 1.
 - use_allocation_guard: 0.
 - handle_deallocations: 1.


Internal statistics:

num_allocs_failed_limit: 6.
num_arena_births: 240.
num_arena_deaths: 0.
num_vsnodes_births: 10.
num_vsnodes_deaths: 0.
num_space_committed: 1203.
num_space_uncommitted: 0.
num_chunks_returned_to_freelist: 6.
num_chunks_taken_from_freelist: 2619.
num_chunk_merges: 6.
num_chunk_splits: 2219.
num_chunks_enlarged: 1997.
num_purges: 0.
num_inconsistent_stats: 0.

CodeHeap 'non-profiled nmethods': size=120000Kb used=3120Kb max_used=3532Kb free=116879Kb
 bounds [0x000001e10f520000, 0x000001e10f8a0000, 0x000001e116a50000]
CodeHeap 'profiled nmethods': size=120000Kb used=17218Kb max_used=19505Kb free=102781Kb
 bounds [0x000001e107a50000, 0x000001e108d70000, 0x000001e10ef80000]
CodeHeap 'non-nmethods': size=5760Kb used=1386Kb max_used=1441Kb free=4373Kb
 bounds [0x000001e10ef80000, 0x000001e10f1f0000, 0x000001e10f520000]
 total_blobs=7984 nmethods=7271 adapters=623
 compilation: enabled
              stopped_count=0, restarted_count=0
 full_count=0

Compilation events (20 events):
Event: 10.651 Thread 0x000001e11d08fb40 8603       3       java.security.SecureClassLoader::defineClass (12 bytes)
Event: 10.652 Thread 0x000001e11d08fb40 nmethod 8603 0x000001e107b59790 code [0x000001e107b59940, 0x000001e107b59ad8]
Event: 10.652 Thread 0x000001e11d08fb40 8605   !   3       jdk.internal.jimage.BasicImageReader::readBuffer (238 bytes)
Event: 10.653 Thread 0x000001e11d08fb40 nmethod 8605 0x000001e107c02510 code [0x000001e107c02800, 0x000001e107c03538]
Event: 10.653 Thread 0x000001e11d08fb40 8607       3       jdk.internal.jimage.ImageBufferCache::newCacheEntry (23 bytes)
Event: 10.654 Thread 0x000001e11d08fb40 nmethod 8607 0x000001e108133490 code [0x000001e1081336a0, 0x000001e108133e98]
Event: 10.654 Thread 0x000001e11d08fb40 8608       3       java.lang.invoke.DirectMethodHandle$Constructor::<init> (44 bytes)
Event: 10.654 Thread 0x000001e11d08fb40 nmethod 8608 0x000001e107ed6410 code [0x000001e107ed65c0, 0x000001e107ed67e8]
Event: 10.654 Thread 0x000001e11d08fb40 8609       3       java.lang.invoke.MethodHandles$Lookup$ClassOption::optionsToFlag (40 bytes)
Event: 10.655 Thread 0x000001e11d08fb40 nmethod 8609 0x000001e107ceca90 code [0x000001e107cecc60, 0x000001e107ced128]
Event: 10.707 Thread 0x000001e11d08fb40 8610       3       java.lang.invoke.MethodHandles$Lookup$ClassDefiner::<init> (58 bytes)
Event: 10.708 Thread 0x000001e11d08fb40 nmethod 8610 0x000001e108078990 code [0x000001e108078b40, 0x000001e108078dd8]
Event: 10.708 Thread 0x000001e11d08fb40 8611       3       java.lang.invoke.SimpleMethodHandle::make (10 bytes)
Event: 10.708 Thread 0x000001e11d08fb40 nmethod 8611 0x000001e108370d90 code [0x000001e108370f40, 0x000001e108371128]
Event: 10.708 Thread 0x000001e11d08fb40 8612       3       java.lang.invoke.SimpleMethodHandle::<init> (7 bytes)
Event: 10.708 Thread 0x000001e11d08fb40 nmethod 8612 0x000001e1085dc090 code [0x000001e1085dc240, 0x000001e1085dc408]
Event: 10.745 Thread 0x000001e11d08fb40 8613       1       jdk.internal.reflect.DelegatingMethodAccessorImpl::setDelegate (6 bytes)
Event: 10.745 Thread 0x000001e11d08fb40 nmethod 8613 0x000001e10f726810 code [0x000001e10f7269a0, 0x000001e10f726ab8]
Event: 10.745 Thread 0x000001e11d08fb40 8614       3       com.sun.tools.javac.util.Context::checkState (13 bytes)
Event: 10.745 Thread 0x000001e11d08fb40 nmethod 8614 0x000001e10899b990 code [0x000001e10899bb40, 0x000001e10899bd48]

GC Heap History (20 events):
Event: 5.304 GC heap before
{Heap before GC invocations=12 (full 0):
 garbage-first heap   total 86016K, used 63165K [0x00000000a0c00000, 0x0000000100000000)
  region size 1024K, 33 young (33792K), 4 survivors (4096K)
 Metaspace       used 51138K, committed 51392K, reserved 1097728K
  class space    used 6169K, committed 6272K, reserved 1048576K
}
Event: 5.319 GC heap after
{Heap after GC invocations=13 (full 0):
 garbage-first heap   total 86016K, used 34895K [0x00000000a0c00000, 0x0000000100000000)
  region size 1024K, 2 young (2048K), 2 survivors (2048K)
 Metaspace       used 51138K, committed 51392K, reserved 1097728K
  class space    used 6169K, committed 6272K, reserved 1048576K
}
Event: 6.264 GC heap before
{Heap before GC invocations=13 (full 0):
 garbage-first heap   total 86016K, used 65615K [0x00000000a0c00000, 0x0000000100000000)
  region size 1024K, 32 young (32768K), 2 survivors (2048K)
 Metaspace       used 55912K, committed 56192K, reserved 1105920K
  class space    used 6790K, committed 6912K, reserved 1048576K
}
Event: 6.280 GC heap after
{Heap after GC invocations=14 (full 0):
 garbage-first heap   total 86016K, used 39660K [0x00000000a0c00000, 0x0000000100000000)
  region size 1024K, 4 young (4096K), 4 survivors (4096K)
 Metaspace       used 55912K, committed 56192K, reserved 1105920K
  class space    used 6790K, committed 6912K, reserved 1048576K
}
Event: 6.844 GC heap before
{Heap before GC invocations=14 (full 0):
 garbage-first heap   total 86016K, used 65260K [0x00000000a0c00000, 0x0000000100000000)
  region size 1024K, 29 young (29696K), 4 survivors (4096K)
 Metaspace       used 56517K, committed 56768K, reserved 1105920K
  class space    used 6853K, committed 6976K, reserved 1048576K
}
Event: 6.871 GC heap after
{Heap after GC invocations=15 (full 0):
 garbage-first heap   total 86016K, used 44621K [0x00000000a0c00000, 0x0000000100000000)
  region size 1024K, 4 young (4096K), 4 survivors (4096K)
 Metaspace       used 56517K, committed 56768K, reserved 1105920K
  class space    used 6853K, committed 6976K, reserved 1048576K
}
Event: 7.273 GC heap before
{Heap before GC invocations=15 (full 0):
 garbage-first heap   total 86016K, used 64077K [0x00000000a0c00000, 0x0000000100000000)
  region size 1024K, 24 young (24576K), 4 survivors (4096K)
 Metaspace       used 58117K, committed 58432K, reserved 1105920K
  class space    used 7023K, committed 7168K, reserved 1048576K
}
Event: 7.289 GC heap after
{Heap after GC invocations=16 (full 0):
 garbage-first heap   total 112640K, used 48026K [0x00000000a0c00000, 0x0000000100000000)
  region size 1024K, 3 young (3072K), 3 survivors (3072K)
 Metaspace       used 58117K, committed 58432K, reserved 1105920K
  class space    used 7023K, committed 7168K, reserved 1048576K
}
Event: 8.224 GC heap before
{Heap before GC invocations=17 (full 0):
 garbage-first heap   total 112640K, used 84890K [0x00000000a0c00000, 0x0000000100000000)
  region size 1024K, 39 young (39936K), 3 survivors (3072K)
 Metaspace       used 63032K, committed 63296K, reserved 1105920K
  class space    used 7503K, committed 7616K, reserved 1048576K
}
Event: 8.241 GC heap after
{Heap after GC invocations=18 (full 0):
 garbage-first heap   total 112640K, used 53327K [0x00000000a0c00000, 0x0000000100000000)
  region size 1024K, 5 young (5120K), 5 survivors (5120K)
 Metaspace       used 63032K, committed 63296K, reserved 1105920K
  class space    used 7503K, committed 7616K, reserved 1048576K
}
Event: 8.265 GC heap before
{Heap before GC invocations=18 (full 0):
 garbage-first heap   total 112640K, used 54351K [0x00000000a0c00000, 0x0000000100000000)
  region size 1024K, 6 young (6144K), 5 survivors (5120K)
 Metaspace       used 63294K, committed 63616K, reserved 1105920K
  class space    used 7527K, committed 7680K, reserved 1048576K
}
Event: 8.274 GC heap after
{Heap after GC invocations=19 (full 0):
 garbage-first heap   total 112640K, used 54479K [0x00000000a0c00000, 0x0000000100000000)
  region size 1024K, 1 young (1024K), 1 survivors (1024K)
 Metaspace       used 63294K, committed 63616K, reserved 1105920K
  class space    used 7527K, committed 7680K, reserved 1048576K
}
Event: 9.082 GC heap before
{Heap before GC invocations=19 (full 0):
 garbage-first heap   total 112640K, used 86223K [0x00000000a0c00000, 0x0000000100000000)
  region size 1024K, 32 young (32768K), 1 survivors (1024K)
 Metaspace       used 69877K, committed 70144K, reserved 1114112K
  class space    used 8178K, committed 8320K, reserved 1048576K
}
Event: 9.092 GC heap after
{Heap after GC invocations=20 (full 0):
 garbage-first heap   total 112640K, used 55539K [0x00000000a0c00000, 0x0000000100000000)
  region size 1024K, 2 young (2048K), 2 survivors (2048K)
 Metaspace       used 69877K, committed 70144K, reserved 1114112K
  class space    used 8178K, committed 8320K, reserved 1048576K
}
Event: 9.724 GC heap before
{Heap before GC invocations=21 (full 0):
 garbage-first heap   total 112640K, used 88307K [0x00000000a0c00000, 0x0000000100000000)
  region size 1024K, 34 young (34816K), 2 survivors (2048K)
 Metaspace       used 71222K, committed 71488K, reserved 1114112K
  class space    used 8274K, committed 8384K, reserved 1048576K
}
Event: 9.740 GC heap after
{Heap after GC invocations=22 (full 0):
 garbage-first heap   total 112640K, used 59505K [0x00000000a0c00000, 0x0000000100000000)
  region size 1024K, 5 young (5120K), 5 survivors (5120K)
 Metaspace       used 71222K, committed 71488K, reserved 1114112K
  class space    used 8274K, committed 8384K, reserved 1048576K
}
Event: 9.766 GC heap before
{Heap before GC invocations=22 (full 0):
 garbage-first heap   total 112640K, used 59505K [0x00000000a0c00000, 0x0000000100000000)
  region size 1024K, 6 young (6144K), 5 survivors (5120K)
 Metaspace       used 71532K, committed 71808K, reserved 1114112K
  class space    used 8290K, committed 8448K, reserved 1048576K
}
Event: 9.778 GC heap after
{Heap after GC invocations=23 (full 0):
 garbage-first heap   total 112640K, used 59767K [0x00000000a0c00000, 0x0000000100000000)
  region size 1024K, 1 young (1024K), 1 survivors (1024K)
 Metaspace       used 71532K, committed 71808K, reserved 1114112K
  class space    used 8290K, committed 8448K, reserved 1048576K
}
Event: 10.664 GC heap before
{Heap before GC invocations=23 (full 0):
 garbage-first heap   total 112640K, used 87415K [0x00000000a0c00000, 0x0000000100000000)
  region size 1024K, 29 young (29696K), 1 survivors (1024K)
 Metaspace       used 75743K, committed 76032K, reserved 1122304K
  class space    used 8739K, committed 8896K, reserved 1048576K
}
Event: 10.673 GC heap after
{Heap after GC invocations=24 (full 0):
 garbage-first heap   total 252928K, used 60926K [0x00000000a0c00000, 0x0000000100000000)
  region size 1024K, 2 young (2048K), 2 survivors (2048K)
 Metaspace       used 75743K, committed 76032K, reserved 1122304K
  class space    used 8739K, committed 8896K, reserved 1048576K
}

Dll operation events (2 events):
Event: 0.009 Loaded shared library C:\Program Files\Android\Android Studio\jbr\bin\java.dll
Event: 1.309 Loaded shared library C:\Program Files\Android\Android Studio\jbr\bin\verify.dll

Deoptimization events (20 events):
Event: 9.933 Thread 0x000001e10259bfa0 Uncommon trap: trap_request=0xffffffde fr.pc=0x000001e10f7a8710 relative=0x0000000000002450
Event: 9.934 Thread 0x000001e10259bfa0 Uncommon trap: reason=class_check action=maybe_recompile pc=0x000001e10f7a8710 method=org.jetbrains.org.objectweb.asm.ClassReader.readElementValue(Lorg/jetbrains/org/objectweb/asm/AnnotationVisitor;ILjava/lang/String;[C)I @ 466 c2
Event: 9.934 Thread 0x000001e10259bfa0 DEOPT PACKING pc=0x000001e10f7a8710 sp=0x000000cb0d2fc2b0
Event: 9.934 Thread 0x000001e10259bfa0 DEOPT UNPACKING pc=0x000001e10efd69a3 sp=0x000000cb0d2fc248 mode 2
Event: 9.942 Thread 0x000001e10259bfa0 Uncommon trap: trap_request=0xffffff45 fr.pc=0x000001e10f7158c4 relative=0x0000000000000c44
Event: 9.942 Thread 0x000001e10259bfa0 Uncommon trap: reason=unstable_if action=reinterpret pc=0x000001e10f7158c4 method=org.jetbrains.kotlin.metadata.ProtoBuf$Type.getSerializedSize()I @ 108 c2
Event: 9.942 Thread 0x000001e10259bfa0 DEOPT PACKING pc=0x000001e10f7158c4 sp=0x000000cb0d2fd110
Event: 9.942 Thread 0x000001e10259bfa0 DEOPT UNPACKING pc=0x000001e10efd69a3 sp=0x000000cb0d2fd0f0 mode 2
Event: 9.967 Thread 0x000001e10259bfa0 Uncommon trap: trap_request=0xffffff45 fr.pc=0x000001e10f871ab8 relative=0x0000000000000218
Event: 9.967 Thread 0x000001e10259bfa0 Uncommon trap: reason=unstable_if action=reinterpret pc=0x000001e10f871ab8 method=kotlin.text.StringsKt__StringsKt.substringAfter(Ljava/lang/String;Ljava/lang/String;Ljava/lang/String;)Ljava/lang/String; @ 36 c2
Event: 9.967 Thread 0x000001e10259bfa0 DEOPT PACKING pc=0x000001e10f871ab8 sp=0x000000cb0d2fc800
Event: 9.967 Thread 0x000001e10259bfa0 DEOPT UNPACKING pc=0x000001e10efd69a3 sp=0x000000cb0d2fc700 mode 2
Event: 9.968 Thread 0x000001e10259bfa0 Uncommon trap: trap_request=0xffffff45 fr.pc=0x000001e10f87232c relative=0x000000000000020c
Event: 9.968 Thread 0x000001e10259bfa0 Uncommon trap: reason=unstable_if action=reinterpret pc=0x000001e10f87232c method=kotlin.text.StringsKt__StringsKt.substringAfter(Ljava/lang/String;Ljava/lang/String;Ljava/lang/String;)Ljava/lang/String; @ 36 c2
Event: 9.968 Thread 0x000001e10259bfa0 DEOPT PACKING pc=0x000001e10f87232c sp=0x000000cb0d2fc730
Event: 9.968 Thread 0x000001e10259bfa0 DEOPT UNPACKING pc=0x000001e10efd69a3 sp=0x000000cb0d2fc6c8 mode 2
Event: 10.309 Thread 0x000001e10259bfa0 Uncommon trap: trap_request=0x00000076 fr.pc=0x000001e10f67b8b4 relative=0x0000000000000574
Event: 10.309 Thread 0x000001e10259bfa0 Uncommon trap: reason=unloaded action=reinterpret pc=0x000001e10f67b8b4 method=java.util.jar.JarFile.getManifestFromReference()Ljava/util/jar/Manifest; @ 69 c2
Event: 10.310 Thread 0x000001e10259bfa0 DEOPT PACKING pc=0x000001e10f67b8b4 sp=0x000000cb0d2fd570
Event: 10.310 Thread 0x000001e10259bfa0 DEOPT UNPACKING pc=0x000001e10efd69a3 sp=0x000000cb0d2fd4b8 mode 2

Classes unloaded (0 events):
No events

Classes redefined (0 events):
No events

Internal exceptions (20 events):
Event: 5.165 Thread 0x000001e10259bfa0 Implicit null exception at 0x000001e10f6b333d to 0x000001e10f6b3a09
Event: 5.165 Thread 0x000001e10259bfa0 Implicit null exception at 0x000001e10f6b430f to 0x000001e10f6b4340
Event: 5.171 Thread 0x000001e10259bfa0 Exception <a 'java/lang/NoSuchMethodError'{0x00000000a4c5c2a0}: 'java.lang.Object java.lang.invoke.DirectMethodHandle$Holder.newInvokeSpecial(java.lang.Object, java.lang.Object, java.lang.Object, java.lang.Object, java.lang.Object, java.lang.Object)'> (0x00000000a4c5c2a0) 
thrown [s\src\hotspot\share\interpreter\linkResolver.cpp, line 771]
Event: 5.515 Thread 0x000001e10259bfa0 Implicit null exception at 0x000001e10f71f175 to 0x000001e10f71f434
Event: 5.543 Thread 0x000001e10259bfa0 Implicit null exception at 0x000001e10f6b12ea to 0x000001e10f6b14c0
Event: 5.576 Thread 0x000001e10259bfa0 Implicit null exception at 0x000001e10f655dec to 0x000001e10f655fc8
Event: 5.603 Thread 0x000001e10259bfa0 Implicit null exception at 0x000001e10f60ddcc to 0x000001e10f60dea8
Event: 5.604 Thread 0x000001e10259bfa0 Implicit null exception at 0x000001e10f71821b to 0x000001e10f718934
Event: 5.604 Thread 0x000001e10259bfa0 Implicit null exception at 0x000001e10f575c0f to 0x000001e10f575c85
Event: 5.690 Thread 0x000001e10259bfa0 Exception <a 'java/lang/NoSuchMethodError'{0x00000000a5359d48}: 'int java.lang.invoke.DirectMethodHandle$Holder.invokeStaticInit(java.lang.Object, int)'> (0x00000000a5359d48) 
thrown [s\src\hotspot\share\interpreter\linkResolver.cpp, line 771]
Event: 5.883 Thread 0x000001e10259bfa0 Exception <a 'java/lang/NoSuchMethodError'{0x00000000a4dd3170}: 'java.lang.Object java.lang.invoke.DirectMethodHandle$Holder.newInvokeSpecial(java.lang.Object, java.lang.Object, java.lang.Object, java.lang.Object, java.lang.Object, java.lang.Object, java.lang.Object, java.lang.Object)'> (0x00000000a4dd3170) 
thrown [s\src\hotspot\share\interpreter\linkResolver.cpp, line 771]
Event: 5.883 Thread 0x000001e10259bfa0 Exception <a 'java/lang/NoSuchMethodError'{0x00000000a4dd8788}: 'java.lang.Object java.lang.invoke.DirectMethodHandle$Holder.invokeSpecial(java.lang.Object, java.lang.Object, java.lang.Object, java.lang.Object, java.lang.Object, java.lang.Object, java.lang.Object, java.lang.Object, java.lang.Object)'> (0x00000000a4dd8788) 
thrown [s\src\hotspot\share\interpreter\linkResolver.cpp, line 771]
Event: 5.884 Thread 0x000001e10259bfa0 Exception <a 'java/lang/NoSuchMethodError'{0x00000000a4ddd6b8}: 'java.lang.Object java.lang.invoke.Invokers$Holder.linkToTargetMethod(java.lang.Object, java.lang.Object, java.lang.Object, java.lang.Object, java.lang.Object, java.lang.Object, java.lang.Object, java.lang.Object)'> (0x00000000a4ddd6b8) 
thrown [s\src\hotspot\share\interpreter\linkResolver.cpp, line 771]
Event: 5.986 Thread 0x000001e10259bfa0 Exception <a 'java/lang/NoSuchMethodError'{0x00000000a4ab0b98}: 'java.lang.Object java.lang.invoke.DirectMethodHandle$Holder.invokeStatic(java.lang.Object, int, java.lang.Object)'> (0x00000000a4ab0b98) 
thrown [s\src\hotspot\share\interpreter\linkResolver.cpp, line 771]
Event: 6.059 Thread 0x000001e10259bfa0 Exception <a 'java/lang/NoSuchMethodError'{0x00000000a467ca50}: 'int java.lang.invoke.DirectMethodHandle$Holder.invokeInterface(java.lang.Object, java.lang.Object)'> (0x00000000a467ca50) 
thrown [s\src\hotspot\share\interpreter\linkResolver.cpp, line 771]
Event: 6.171 Thread 0x000001e10259bfa0 Exception <a 'java/lang/NoSuchMethodError'{0x00000000a422c090}: 'void java.lang.invoke.DirectMethodHandle$Holder.invokeSpecial(java.lang.Object, java.lang.Object, int, java.lang.Object)'> (0x00000000a422c090) 
thrown [s\src\hotspot\share\interpreter\linkResolver.cpp, line 771]
Event: 6.238 Thread 0x000001e10259bfa0 Exception <a 'java/lang/NoSuchMethodError'{0x00000000a3e417e8}: 'void java.lang.invoke.DirectMethodHandle$Holder.invokeInterface(java.lang.Object, java.lang.Object)'> (0x00000000a3e417e8) 
thrown [s\src\hotspot\share\interpreter\linkResolver.cpp, line 771]
Event: 6.315 Thread 0x000001e10259bfa0 Exception <a 'java/lang/IncompatibleClassChangeError'{0x00000000a6baadd8}: Found class java.lang.Object, but interface was expected> (0x00000000a6baadd8) 
thrown [s\src\hotspot\share\interpreter\linkResolver.cpp, line 838]
Event: 6.787 Thread 0x000001e10259bfa0 Exception <a 'java/lang/NoSuchMethodError'{0x00000000a47b8850}: 'java.lang.Object java.lang.invoke.DirectMethodHandle$Holder.invokeStatic(java.lang.Object, int, java.lang.Object, java.lang.Object)'> (0x00000000a47b8850) 
thrown [s\src\hotspot\share\interpreter\linkResolver.cpp, line 771]
Event: 6.788 Thread 0x000001e10259bfa0 Exception <a 'java/lang/NoSuchMethodError'{0x00000000a47c09b0}: 'java.lang.Object java.lang.invoke.DirectMethodHandle$Holder.newInvokeSpecial(java.lang.Object, int, java.lang.Object)'> (0x00000000a47c09b0) 
thrown [s\src\hotspot\share\interpreter\linkResolver.cpp, line 771]

VM Operations (20 events):
Event: 9.960 Executing VM operation: ICBufferFull
Event: 9.961 Executing VM operation: ICBufferFull done
Event: 10.117 Executing VM operation: HandshakeAllThreads
Event: 10.117 Executing VM operation: HandshakeAllThreads done
Event: 10.261 Executing VM operation: HandshakeAllThreads
Event: 10.262 Executing VM operation: HandshakeAllThreads done
Event: 10.278 Executing VM operation: HandshakeAllThreads
Event: 10.278 Executing VM operation: HandshakeAllThreads done
Event: 10.284 Executing VM operation: HandshakeAllThreads
Event: 10.284 Executing VM operation: HandshakeAllThreads done
Event: 10.284 Executing VM operation: HandshakeAllThreads
Event: 10.284 Executing VM operation: HandshakeAllThreads done
Event: 10.286 Executing VM operation: HandshakeAllThreads
Event: 10.286 Executing VM operation: HandshakeAllThreads done
Event: 10.310 Executing VM operation: HandshakeAllThreads
Event: 10.310 Executing VM operation: HandshakeAllThreads done
Event: 10.408 Executing VM operation: HandshakeAllThreads
Event: 10.408 Executing VM operation: HandshakeAllThreads done
Event: 10.663 Executing VM operation: G1CollectForAllocation
Event: 10.673 Executing VM operation: G1CollectForAllocation done

Events (20 events):
Event: 10.421 Thread 0x000001e11d091270 flushing nmethod 0x000001e108be6990
Event: 10.421 Thread 0x000001e11d091270 flushing nmethod 0x000001e108be7110
Event: 10.421 Thread 0x000001e11d091270 flushing nmethod 0x000001e108beb710
Event: 10.421 Thread 0x000001e11d091270 flushing nmethod 0x000001e108bebb90
Event: 10.421 Thread 0x000001e11d091270 flushing nmethod 0x000001e108beda90
Event: 10.421 Thread 0x000001e11d091270 flushing nmethod 0x000001e108bee590
Event: 10.421 Thread 0x000001e11d091270 flushing nmethod 0x000001e108bf2b10
Event: 10.421 Thread 0x000001e11d091270 flushing nmethod 0x000001e108bf8090
Event: 10.421 Thread 0x000001e11d091270 flushing nmethod 0x000001e108bfb410
Event: 10.421 Thread 0x000001e11d091270 flushing nmethod 0x000001e108bfb790
Event: 10.421 Thread 0x000001e11d091270 flushing nmethod 0x000001e108bfc110
Event: 10.421 Thread 0x000001e11d091270 flushing nmethod 0x000001e108c00e10
Event: 10.421 Thread 0x000001e11d091270 flushing nmethod 0x000001e108c15010
Event: 10.421 Thread 0x000001e11d091270 flushing nmethod 0x000001e108c5d210
Event: 10.421 Thread 0x000001e11d091270 flushing nmethod 0x000001e108ccc810
Event: 10.422 Thread 0x000001e11d091270 flushing nmethod 0x000001e108d0ef90
Event: 10.535 loading class java/nio/file/ClosedFileSystemException
Event: 10.535 loading class java/nio/file/ClosedFileSystemException done
Event: 10.707 loading class java/util/function/BiPredicate
Event: 10.707 loading class java/util/function/BiPredicate done


Dynamic libraries:
0x00007ff62ae90000 - 0x00007ff62ae9a000 	C:\Program Files\Android\Android Studio\jbr\bin\java.exe
0x00007ffacc5b0000 - 0x00007ffacc7a8000 	C:\WINDOWS\SYSTEM32\ntdll.dll
0x00007ffacbd10000 - 0x00007ffacbdcd000 	C:\WINDOWS\System32\KERNEL32.DLL
0x00007ffaca1f0000 - 0x00007ffaca4e6000 	C:\WINDOWS\System32\KERNELBASE.dll
0x00007ffac9ec0000 - 0x00007ffac9fc0000 	C:\WINDOWS\System32\ucrtbase.dll
0x00007ffac4e70000 - 0x00007ffac4e87000 	C:\Program Files\Android\Android Studio\jbr\bin\jli.dll
0x00007ffac2170000 - 0x00007ffac218b000 	C:\Program Files\Android\Android Studio\jbr\bin\VCRUNTIME140.dll
0x00007ffacb990000 - 0x00007ffacbb2e000 	C:\WINDOWS\System32\USER32.dll
0x00007ffab9040000 - 0x00007ffab92da000 	C:\WINDOWS\WinSxS\amd64_microsoft.windows.common-controls_6595b64144ccf1df_6.0.19041.3636_none_60b6a03d71f818d5\COMCTL32.dll
0x00007ffaca1c0000 - 0x00007ffaca1e2000 	C:\WINDOWS\System32\win32u.dll
0x00007ffaca8c0000 - 0x00007ffaca95e000 	C:\WINDOWS\System32\msvcrt.dll
0x00007ffaca670000 - 0x00007ffaca69c000 	C:\WINDOWS\System32\GDI32.dll
0x00007ffaca4f0000 - 0x00007ffaca60a000 	C:\WINDOWS\System32\gdi32full.dll
0x00007ffaca120000 - 0x00007ffaca1bd000 	C:\WINDOWS\System32\msvcp_win.dll
0x00007ffacbf00000 - 0x00007ffacbf30000 	C:\WINDOWS\System32\IMM32.DLL
0x00007ffac5760000 - 0x00007ffac576c000 	C:\Program Files\Android\Android Studio\jbr\bin\vcruntime140_1.dll
0x00007ffaab5b0000 - 0x00007ffaab63d000 	C:\Program Files\Android\Android Studio\jbr\bin\msvcp140.dll
0x00007ffa73040000 - 0x00007ffa73cad000 	C:\Program Files\Android\Android Studio\jbr\bin\server\jvm.dll
0x00007ffacb0c0000 - 0x00007ffacb16f000 	C:\WINDOWS\System32\ADVAPI32.dll
0x00007ffacbb30000 - 0x00007ffacbbcc000 	C:\WINDOWS\System32\sechost.dll
0x00007ffaca780000 - 0x00007ffaca8a6000 	C:\WINDOWS\System32\RPCRT4.dll
0x00007ffac73d0000 - 0x00007ffac73d9000 	C:\WINDOWS\SYSTEM32\WSOCK32.dll
0x00007ffabf530000 - 0x00007ffabf557000 	C:\WINDOWS\SYSTEM32\WINMM.dll
0x00007ffabfdc0000 - 0x00007ffabfdca000 	C:\WINDOWS\SYSTEM32\VERSION.dll
0x00007ffacc500000 - 0x00007ffacc56b000 	C:\WINDOWS\System32\WS2_32.dll
0x00007ffac7a70000 - 0x00007ffac7a82000 	C:\WINDOWS\SYSTEM32\kernel.appcore.dll
0x00007ffac7180000 - 0x00007ffac718a000 	C:\Program Files\Android\Android Studio\jbr\bin\jimage.dll
0x00007ffaac8a0000 - 0x00007ffaaca84000 	C:\WINDOWS\SYSTEM32\DBGHELP.DLL
0x00007ffaacc70000 - 0x00007ffaacca4000 	C:\WINDOWS\SYSTEM32\dbgcore.DLL
0x00007ffac9e30000 - 0x00007ffac9eb2000 	C:\WINDOWS\System32\bcryptPrimitives.dll
0x00007ffac5c90000 - 0x00007ffac5cb5000 	C:\Program Files\Android\Android Studio\jbr\bin\java.dll
0x00007ffac6e40000 - 0x00007ffac6e58000 	C:\Program Files\Android\Android Studio\jbr\bin\zip.dll
0x00007ffacb170000 - 0x00007ffacb8b4000 	C:\WINDOWS\System32\SHELL32.dll
0x00007ffac7d50000 - 0x00007ffac84eb000 	C:\WINDOWS\SYSTEM32\windows.storage.dll
0x00007ffacbf90000 - 0x00007ffacc2e4000 	C:\WINDOWS\System32\combase.dll
0x00007ffac9600000 - 0x00007ffac962d000 	C:\WINDOWS\SYSTEM32\Wldp.dll
0x00007ffacbe30000 - 0x00007ffacbedd000 	C:\WINDOWS\System32\SHCORE.dll
0x00007ffacbdd0000 - 0x00007ffacbe25000 	C:\WINDOWS\System32\shlwapi.dll
0x00007ffac9bc0000 - 0x00007ffac9be5000 	C:\WINDOWS\SYSTEM32\profapi.dll
0x00007ffac5c70000 - 0x00007ffac5c89000 	C:\Program Files\Android\Android Studio\jbr\bin\net.dll
0x00007ffabf970000 - 0x00007ffabfa7a000 	C:\WINDOWS\SYSTEM32\WINHTTP.dll
0x00007ffac9360000 - 0x00007ffac93ca000 	C:\WINDOWS\system32\mswsock.dll
0x00007ffac5c50000 - 0x00007ffac5c66000 	C:\Program Files\Android\Android Studio\jbr\bin\nio.dll
0x00007ffac5c30000 - 0x00007ffac5c40000 	C:\Program Files\Android\Android Studio\jbr\bin\verify.dll

dbghelp: loaded successfully - version: 4.0.5 - missing functions: none
symbol engine: initialized successfully - sym options: 0x614 - pdb path: .;C:\Program Files\Android\Android Studio\jbr\bin;C:\WINDOWS\SYSTEM32;C:\WINDOWS\WinSxS\amd64_microsoft.windows.common-controls_6595b64144ccf1df_6.0.19041.3636_none_60b6a03d71f818d5;C:\Program Files\Android\Android Studio\jbr\bin\server

VM Arguments:
java_command: org.jetbrains.kotlin.cli.jvm.K2JVMCompiler @C:\Users\tynys\AndroidStudioProjects\LoveCalculate522\app\build\20231214_12923541408516911253.compiler.options
java_class_path (initial): C:\Users\tynys\.gradle\caches\modules-2\files-2.1\org.jetbrains.kotlin\kotlin-compiler-embeddable\1.9.21\a8f2d2fed3fc195beef3fab4a7fd1a844e101f0e\kotlin-compiler-embeddable-1.9.21.jar;C:\Users\tynys\.gradle\caches\modules-2\files-2.1\org.jetbrains.kotlin\kotlin-stdlib\1.9.21\17ee3e873d439566c7d8354403b5f3d9744c4c9c\kotlin-stdlib-1.9.21.jar;C:\Users\tynys\.gradle\caches\modules-2\files-2.1\org.jetbrains.kotlin\kotlin-script-runtime\1.9.21\f5ff679bd666f7f2376209fff998b775b7b701c7\kotlin-script-runtime-1.9.21.jar;C:\Users\tynys\.gradle\caches\modules-2\files-2.1\org.jetbrains.kotlin\kotlin-reflect\1.6.10\1cbe9c92c12a94eea200d23c2bbaedaf3daf5132\kotlin-reflect-1.6.10.jar;C:\Users\tynys\.gradle\caches\modules-2\files-2.1\org.jetbrains.kotlin\kotlin-daemon-embeddable\1.9.21\e21e55f41ec5f254aec366097b902709b5843234\kotlin-daemon-embeddable-1.9.21.jar;C:\Users\tynys\.gradle\caches\modules-2\files-2.1\org.jetbrains.intellij.deps\trove4j\1.0.20200330\3afb14d5f9ceb459d724e907a21145e8ff394f02\trove4j-1.0.20200330.jar;C:\Users\tynys\.gradle\caches\modules-2\files-2.1\org.jetbrains\annotations\13.0\919f0dfe192fb4e063e7dacadee7f8bb9a2672a9\annotations-13.0.jar
Launcher Type: SUN_STANDARD

[Global flags]
     intx CICompilerCount                          = 4                                         {product} {ergonomic}
     uint ConcGCThreads                            = 2                                         {product} {ergonomic}
     uint G1ConcRefinementThreads                  = 8                                         {product} {ergonomic}
   size_t G1HeapRegionSize                         = 1048576                                   {product} {ergonomic}
    uintx GCDrainStackTargetSize                   = 64                                        {product} {ergonomic}
   size_t InitialHeapSize                          = 100663296                                 {product} {ergonomic}
   size_t MarkStackSize                            = 4194304                                   {product} {ergonomic}
   size_t MaxHeapSize                              = 1598029824                                {product} {ergonomic}
   size_t MaxNewSize                               = 958398464                                 {product} {ergonomic}
   size_t MinHeapDeltaBytes                        = 1048576                                   {product} {ergonomic}
   size_t MinHeapSize                              = 8388608                                   {product} {ergonomic}
    uintx NonNMethodCodeHeapSize                   = 5839372                                {pd product} {ergonomic}
    uintx NonProfiledCodeHeapSize                  = 122909434                              {pd product} {ergonomic}
    uintx ProfiledCodeHeapSize                     = 122909434                              {pd product} {ergonomic}
    uintx ReservedCodeCacheSize                    = 251658240                              {pd product} {ergonomic}
     bool SegmentedCodeCache                       = true                                      {product} {ergonomic}
   size_t SoftMaxHeapSize                          = 1598029824                             {manageable} {ergonomic}
     bool UseCompressedClassPointers               = true                           {product lp64_product} {ergonomic}
     bool UseCompressedOops                        = true                           {product lp64_product} {ergonomic}
     bool UseG1GC                                  = true                                      {product} {ergonomic}
     bool UseLargePagesIndividualAllocation        = false                                  {pd product} {ergonomic}

Logging:
Log output configuration:
 #0: stdout all=warning uptime,level,tags
 #1: stderr all=off uptime,level,tags

Environment Variables:
PATH=C:\WINDOWS\system32;C:\WINDOWS;C:\WINDOWS\System32\Wbem;C:\WINDOWS\System32\WindowsPowerShell\v1.0\;C:\WINDOWS\System32\OpenSSH\;C:\Program Files\Git\cmd;C:\Users\tynys\AppData\Local\Microsoft\WindowsApps;
USERNAME=KamazBratan
OS=Windows_NT
PROCESSOR_IDENTIFIER=AMD64 Family 23 Model 24 Stepping 1, AuthenticAMD
TMP=C:\Users\tynys\AppData\Local\Temp
TEMP=C:\Users\tynys\AppData\Local\Temp



---------------  S Y S T E M  ---------------

OS:
 Windows 10 , 64 bit Build 19041 (10.0.19041.3636)
OS uptime: 12 days 1:01 hours

CPU: total 8 (initial active 8) (8 cores per cpu, 2 threads per core) family 23 model 24 stepping 1 microcode 0x0, cx8, cmov, fxsr, ht, mmx, 3dnowpref, sse, sse2, sse3, ssse3, sse4a, sse4.1, sse4.2, popcnt, lzcnt, tsc, tscinvbit, avx, avx2, aes, clmul, bmi1, bmi2, adx, sha, fma, vzeroupper, clflush, clflushopt

Memory: 4k page, system-wide physical 6091M (413M free)
TotalPageFile size 24523M (AvailPageFile size 6M)
current process WorkingSet (physical memory assigned to process): 314M, peak: 322M
current process commit charge ("private bytes"): 487M, peak: 488M

vm_info: OpenJDK 64-Bit Server VM (17.0.6+0-b2043.56-9586694) for windows-amd64 JRE (17.0.6+0-b2043.56-9586694), built on Feb  9 2023 20:06:20 by "androidbuild" with MS VC++ 16.10 / 16.11 (VS2019)

END.
