#
# There is insufficient memory for the Java Runtime Environment to continue.
# Native memory allocation (malloc) failed to allocate 1258416 bytes for Chunk::new
# Possible reasons:
#   The system is out of physical RAM or swap space
#   The process is running with CompressedOops enabled, and the Java Heap may be blocking the growth of the native heap
# Possible solutions:
#   Reduce memory load on the system
#   Increase physical memory or swap space
#   Check if swap backing store is full
#   Decrease Java heap size (-Xmx/-Xms)
#   Decrease number of Java threads
#   Decrease Java thread stack sizes (-Xss)
#   Set larger code cache with -XX:ReservedCodeCacheSize=
#   JVM is running with Unscaled Compressed Oops mode in which the Java heap is
#     placed in the first 4GB address space. The Java Heap base address is the
#     maximum limit for the native heap growth. Please use -XX:HeapBaseMinAddress
#     to set the Java Heap base and to place the Java Heap above 4GB virtual address.
# This output file may be truncated or incomplete.
#
#  Out of Memory Error (arena.cpp:189), pid=31028, tid=20996
#
# JRE version: OpenJDK Runtime Environment (17.0.6) (build 17.0.6+0-b2043.56-9586694)
# Java VM: OpenJDK 64-Bit Server VM (17.0.6+0-b2043.56-9586694, mixed mode, tiered, compressed oops, compressed class ptrs, g1 gc, windows-amd64)
# No core dump will be written. Minidumps are not enabled by default on client versions of Windows
#

---------------  S U M M A R Y ------------

Command Line: --add-opens=java.base/java.util=ALL-UNNAMED --add-opens=java.base/java.lang=ALL-UNNAMED --add-opens=java.base/java.lang.invoke=ALL-UNNAMED --add-opens=java.prefs/java.util.prefs=ALL-UNNAMED --add-opens=java.base/java.nio.charset=ALL-UNNAMED --add-opens=java.base/java.net=ALL-UNNAMED --add-opens=java.base/java.util.concurrent.atomic=ALL-UNNAMED -Xmx2048m -Dfile.encoding=UTF-8 -Duser.country=RU -Duser.language=ru -Duser.variant org.gradle.launcher.daemon.bootstrap.GradleDaemon 8.0

Host: AMD Ryzen 7 3700U with Radeon Vega Mobile Gfx  , 8 cores, 5G,  Windows 10 , 64 bit Build 19041 (10.0.19041.3636)
Time: Wed Dec 13 22:48:11 2023  Windows 10 , 64 bit Build 19041 (10.0.19041.3636) elapsed time: 9.897528 seconds (0d 0h 0m 9s)

---------------  T H R E A D  ---------------

Current thread (0x000002092f82c890):  JavaThread "C2 CompilerThread0" daemon [_thread_in_native, id=20996, stack(0x000000d4c0d00000,0x000000d4c0e00000)]


Current CompileTask:
C2:   9897 4055       4       groovy.lang.MetaClassImpl$1MOPIter::methodNameAction (325 bytes)

Stack: [0x000000d4c0d00000,0x000000d4c0e00000]
Native frames: (J=compiled Java code, j=interpreted, Vv=VM code, C=native code)
V  [jvm.dll+0x683b4a]
V  [jvm.dll+0x842654]
V  [jvm.dll+0x843dfe]
V  [jvm.dll+0x844463]
V  [jvm.dll+0x249b75]
V  [jvm.dll+0xabcac]
V  [jvm.dll+0xac27c]
V  [jvm.dll+0x368857]
V  [jvm.dll+0x1bd0b8]
V  [jvm.dll+0x21c359]
V  [jvm.dll+0x21b621]
V  [jvm.dll+0x1a4fdd]
V  [jvm.dll+0x22b098]
V  [jvm.dll+0x229159]
V  [jvm.dll+0x7f809c]
V  [jvm.dll+0x7f25fa]
V  [jvm.dll+0x682985]
C  [ucrtbase.dll+0x21bb2]
C  [KERNEL32.DLL+0x17344]
C  [ntdll.dll+0x526b1]


---------------  P R O C E S S  ---------------

Threads class SMR info:
_java_thread_list=0x000002093271be40, length=41, elements={
0x0000020914f08210, 0x000002092ed366d0, 0x000002092ed37450, 0x000002092f828580,
0x000002092f82ae50, 0x000002092f82b710, 0x000002092f82bfd0, 0x000002092f82c890,
0x000002092f83e020, 0x000002092f842b50, 0x000002092f99e5d0, 0x000002092f9bc180,
0x0000020931209d50, 0x0000020931203710, 0x000002093123ec70, 0x0000020930f5d020,
0x0000020930f5c130, 0x0000020931d0e2b0, 0x0000020931d5cdb0, 0x0000020931d089f0,
0x0000020931d0a6d0, 0x0000020931d0a200, 0x0000020931d08ec0, 0x0000020931d0b070,
0x0000020931d0ba10, 0x0000020931d09390, 0x0000020931d0b540, 0x0000020931d0aba0,
0x0000020931d09860, 0x0000020931d09d30, 0x0000020931d0bee0, 0x0000020931d0c3b0,
0x0000020933a260d0, 0x0000020933a22240, 0x0000020933a213d0, 0x0000020933a20f00,
0x0000020933a265a0, 0x0000020933a23580, 0x0000020933a24d90, 0x0000020933a20a30,
0x0000020933a218a0
}

Java Threads: ( => current thread )
  0x0000020914f08210 JavaThread "main" [_thread_blocked, id=7936, stack(0x000000d4c0000000,0x000000d4c0100000)]
  0x000002092ed366d0 JavaThread "Reference Handler" daemon [_thread_blocked, id=29404, stack(0x000000d4c0700000,0x000000d4c0800000)]
  0x000002092ed37450 JavaThread "Finalizer" daemon [_thread_blocked, id=30652, stack(0x000000d4c0800000,0x000000d4c0900000)]
  0x000002092f828580 JavaThread "Signal Dispatcher" daemon [_thread_blocked, id=17692, stack(0x000000d4c0900000,0x000000d4c0a00000)]
  0x000002092f82ae50 JavaThread "Attach Listener" daemon [_thread_blocked, id=23128, stack(0x000000d4c0a00000,0x000000d4c0b00000)]
  0x000002092f82b710 JavaThread "Service Thread" daemon [_thread_blocked, id=17564, stack(0x000000d4c0b00000,0x000000d4c0c00000)]
  0x000002092f82bfd0 JavaThread "Monitor Deflation Thread" daemon [_thread_blocked, id=27644, stack(0x000000d4c0c00000,0x000000d4c0d00000)]
=>0x000002092f82c890 JavaThread "C2 CompilerThread0" daemon [_thread_in_native, id=20996, stack(0x000000d4c0d00000,0x000000d4c0e00000)]
  0x000002092f83e020 JavaThread "C1 CompilerThread0" daemon [_thread_in_native, id=28528, stack(0x000000d4c0e00000,0x000000d4c0f00000)]
  0x000002092f842b50 JavaThread "Sweeper thread" daemon [_thread_blocked, id=20164, stack(0x000000d4c0f00000,0x000000d4c1000000)]
  0x000002092f99e5d0 JavaThread "Common-Cleaner" daemon [_thread_blocked, id=30056, stack(0x000000d4c1000000,0x000000d4c1100000)]
  0x000002092f9bc180 JavaThread "Notification Thread" daemon [_thread_blocked, id=15536, stack(0x000000d4c1100000,0x000000d4c1200000)]
  0x0000020931209d50 JavaThread "Daemon health stats" [_thread_blocked, id=3124, stack(0x000000d4c1700000,0x000000d4c1800000)]
  0x0000020931203710 JavaThread "Incoming local TCP Connector on port 51301" [_thread_in_native, id=26952, stack(0x000000d4c1800000,0x000000d4c1900000)]
  0x000002093123ec70 JavaThread "Daemon periodic checks" [_thread_blocked, id=1048, stack(0x000000d4c1900000,0x000000d4c1a00000)]
  0x0000020930f5d020 JavaThread "Daemon" [_thread_blocked, id=25592, stack(0x000000d4c1a00000,0x000000d4c1b00000)]
  0x0000020930f5c130 JavaThread "Handler for socket connection from /127.0.0.1:51301 to /127.0.0.1:51302" [_thread_in_native, id=9648, stack(0x000000d4c1b00000,0x000000d4c1c00000)]
  0x0000020931d0e2b0 JavaThread "Cancel handler" [_thread_blocked, id=20948, stack(0x000000d4c1c00000,0x000000d4c1d00000)]
  0x0000020931d5cdb0 JavaThread "Daemon worker" [_thread_in_vm, id=25864, stack(0x000000d4c1d00000,0x000000d4c1e00000)]
  0x0000020931d089f0 JavaThread "Asynchronous log dispatcher for DefaultDaemonConnection: socket connection from /127.0.0.1:51301 to /127.0.0.1:51302" [_thread_blocked, id=28976, stack(0x000000d4c1e00000,0x000000d4c1f00000)]
  0x0000020931d0a6d0 JavaThread "Stdin handler" [_thread_blocked, id=1764, stack(0x000000d4c1f00000,0x000000d4c2000000)]
  0x0000020931d0a200 JavaThread "Daemon client event forwarder" [_thread_blocked, id=15116, stack(0x000000d4c2000000,0x000000d4c2100000)]
  0x0000020931d08ec0 JavaThread "Cache worker for journal cache (C:\Users\tynys\.gradle\caches\journal-1)" [_thread_blocked, id=27512, stack(0x000000d4c2500000,0x000000d4c2600000)]
  0x0000020931d0b070 JavaThread "File lock request listener" [_thread_in_native, id=29064, stack(0x000000d4c2600000,0x000000d4c2700000)]
  0x0000020931d0ba10 JavaThread "Cache worker for file hash cache (C:\Users\tynys\.gradle\caches\8.0\fileHashes)" [_thread_blocked, id=20024, stack(0x000000d4c2700000,0x000000d4c2800000)]
  0x0000020931d09390 JavaThread "File watcher server" daemon [_thread_in_native, id=27884, stack(0x000000d4c2800000,0x000000d4c2900000)]
  0x0000020931d0b540 JavaThread "File watcher consumer" daemon [_thread_blocked, id=3404, stack(0x000000d4c2900000,0x000000d4c2a00000)]
  0x0000020931d0aba0 JavaThread "jar transforms" [_thread_blocked, id=8828, stack(0x000000d4c2a00000,0x000000d4c2b00000)]
  0x0000020931d09860 JavaThread "jar transforms Thread 2" [_thread_blocked, id=15908, stack(0x000000d4c2b00000,0x000000d4c2c00000)]
  0x0000020931d09d30 JavaThread "jar transforms Thread 3" [_thread_blocked, id=11792, stack(0x000000d4c2c00000,0x000000d4c2d00000)]
  0x0000020931d0bee0 JavaThread "jar transforms Thread 4" [_thread_blocked, id=13356, stack(0x000000d4c2d00000,0x000000d4c2e00000)]
  0x0000020931d0c3b0 JavaThread "jar transforms Thread 5" [_thread_blocked, id=14788, stack(0x000000d4c2e00000,0x000000d4c2f00000)]
  0x0000020933a260d0 JavaThread "jar transforms Thread 6" [_thread_blocked, id=14088, stack(0x000000d4c2f00000,0x000000d4c3000000)]
  0x0000020933a22240 JavaThread "jar transforms Thread 7" [_thread_blocked, id=26776, stack(0x000000d4c3000000,0x000000d4c3100000)]
  0x0000020933a213d0 JavaThread "jar transforms Thread 8" [_thread_blocked, id=7380, stack(0x000000d4c3100000,0x000000d4c3200000)]
  0x0000020933a20f00 JavaThread "Cache worker for checksums cache (C:\Users\tynys\AndroidStudioProjects\LoveCalculate522\.gradle\8.0\checksums)" [_thread_blocked, id=25808, stack(0x000000d4c3200000,0x000000d4c3300000)]
  0x0000020933a265a0 JavaThread "Cache worker for cache directory md-rule (C:\Users\tynys\.gradle\caches\8.0\md-rule)" [_thread_blocked, id=16308, stack(0x000000d4c3300000,0x000000d4c3400000)]
  0x0000020933a23580 JavaThread "Cache worker for file content cache (C:\Users\tynys\.gradle\caches\8.0\fileContent)" [_thread_blocked, id=9140, stack(0x000000d4c3400000,0x000000d4c3500000)]
  0x0000020933a24d90 JavaThread "Cache worker for file hash cache (C:\Users\tynys\AndroidStudioProjects\LoveCalculate522\.gradle\8.0\fileHashes)" [_thread_blocked, id=22408, stack(0x000000d4c3500000,0x000000d4c3600000)]
  0x0000020933a20a30 JavaThread "Cache worker for cache directory md-supplier (C:\Users\tynys\.gradle\caches\8.0\md-supplier)" [_thread_blocked, id=26756, stack(0x000000d4c3600000,0x000000d4c3700000)]
  0x0000020933a218a0 JavaThread "Cache worker for execution history cache (C:\Users\tynys\.gradle\caches\8.0\executionHistory)" [_thread_blocked, id=27652, stack(0x000000d4c3700000,0x000000d4c3800000)]

Other Threads:
  0x000002092ed5c6a0 VMThread "VM Thread" [stack: 0x000000d4c0600000,0x000000d4c0700000] [id=7672]
  0x000002092f9bea70 WatcherThread [stack: 0x000000d4c1200000,0x000000d4c1300000] [id=19584]
  0x0000020914f67460 GCTaskThread "GC Thread#0" [stack: 0x000000d4c0100000,0x000000d4c0200000] [id=2632]
  0x00000209303c4c90 GCTaskThread "GC Thread#1" [stack: 0x000000d4c1300000,0x000000d4c1400000] [id=17048]
  0x00000209303f7be0 GCTaskThread "GC Thread#2" [stack: 0x000000d4c1400000,0x000000d4c1500000] [id=19440]
  0x000002093043eea0 GCTaskThread "GC Thread#3" [stack: 0x000000d4c1500000,0x000000d4c1600000] [id=23580]
  0x0000020930816030 GCTaskThread "GC Thread#4" [stack: 0x000000d4c1600000,0x000000d4c1700000] [id=23520]
  0x0000020931c72030 GCTaskThread "GC Thread#5" [stack: 0x000000d4c2100000,0x000000d4c2200000] [id=14276]
  0x0000020931d8a810 GCTaskThread "GC Thread#6" [stack: 0x000000d4c2200000,0x000000d4c2300000] [id=10396]
  0x0000020931c8cf10 GCTaskThread "GC Thread#7" [stack: 0x000000d4c2300000,0x000000d4c2400000] [id=11200]
  0x0000020914f782b0 ConcurrentGCThread "G1 Main Marker" [stack: 0x000000d4c0200000,0x000000d4c0300000] [id=22416]
  0x0000020914f79370 ConcurrentGCThread "G1 Conc#0" [stack: 0x000000d4c0300000,0x000000d4c0400000] [id=21828]
  0x00000209312b1870 ConcurrentGCThread "G1 Conc#1" [stack: 0x000000d4c2400000,0x000000d4c2500000] [id=17256]
  0x000002092eba0490 ConcurrentGCThread "G1 Refine#0" [stack: 0x000000d4c0400000,0x000000d4c0500000] [id=12252]
  0x0000020914fda4d0 ConcurrentGCThread "G1 Service" [stack: 0x000000d4c0500000,0x000000d4c0600000] [id=16584]

Threads with active compile tasks:
C2 CompilerThread0     9940 4055       4       groovy.lang.MetaClassImpl$1MOPIter::methodNameAction (325 bytes)

VM state: not at safepoint (normal execution)

VM Mutex/Monitor currently owned by a thread: None

Heap address: 0x0000000080000000, size: 2048 MB, Compressed Oops mode: 32-bit

CDS archive(s) not mapped
Compressed class space mapped at: 0x0000000100000000-0x0000000140000000, reserved size: 1073741824
Narrow klass base: 0x0000000000000000, Narrow klass shift: 3, Narrow klass range: 0x140000000

GC Precious Log:
 CPUs: 8 total, 8 available
 Memory: 6091M
 Large Page Support: Disabled
 NUMA Support: Disabled
 Compressed Oops: Enabled (32-bit)
 Heap Region Size: 1M
 Heap Min Capacity: 8M
 Heap Initial Capacity: 96M
 Heap Max Capacity: 2G
 Pre-touch: Disabled
 Parallel Workers: 8
 Concurrent Workers: 2
 Concurrent Refinement Workers: 8
 Periodic GC: Disabled

Heap:
 garbage-first heap   total 155648K, used 97385K [0x0000000080000000, 0x0000000100000000)
  region size 1024K, 11 young (11264K), 3 survivors (3072K)
 Metaspace       used 46988K, committed 47488K, reserved 1097728K
  class space    used 6237K, committed 6464K, reserved 1048576K

Heap Regions: E=young(eden), S=young(survivor), O=old, HS=humongous(starts), HC=humongous(continues), CS=collection set, F=free, OA=open archive, CA=closed archive, TAMS=top-at-mark-start (previous, next)
|   0|0x0000000080000000, 0x0000000080100000, 0x0000000080100000|100%|HS|  |TAMS 0x0000000080100000, 0x0000000080000000| Complete 
|   1|0x0000000080100000, 0x0000000080200000, 0x0000000080200000|100%|HC|  |TAMS 0x0000000080200000, 0x0000000080100000| Complete 
|   2|0x0000000080200000, 0x0000000080300000, 0x0000000080300000|100%|HC|  |TAMS 0x0000000080300000, 0x0000000080200000| Complete 
|   3|0x0000000080300000, 0x0000000080400000, 0x0000000080400000|100%|HC|  |TAMS 0x0000000080400000, 0x0000000080300000| Complete 
|   4|0x0000000080400000, 0x0000000080500000, 0x0000000080500000|100%| O|  |TAMS 0x0000000080500000, 0x0000000080400000| Untracked 
|   5|0x0000000080500000, 0x0000000080600000, 0x0000000080600000|100%| O|  |TAMS 0x0000000080600000, 0x0000000080500000| Untracked 
|   6|0x0000000080600000, 0x0000000080700000, 0x0000000080700000|100%| O|  |TAMS 0x0000000080700000, 0x0000000080600000| Untracked 
|   7|0x0000000080700000, 0x0000000080800000, 0x0000000080800000|100%| O|  |TAMS 0x0000000080800000, 0x0000000080700000| Untracked 
|   8|0x0000000080800000, 0x0000000080900000, 0x0000000080900000|100%| O|  |TAMS 0x0000000080900000, 0x0000000080800000| Untracked 
|   9|0x0000000080900000, 0x0000000080a00000, 0x0000000080a00000|100%| O|  |TAMS 0x0000000080a00000, 0x0000000080900000| Untracked 
|  10|0x0000000080a00000, 0x0000000080b00000, 0x0000000080b00000|100%| O|  |TAMS 0x0000000080b00000, 0x0000000080a00000| Untracked 
|  11|0x0000000080b00000, 0x0000000080c00000, 0x0000000080c00000|100%| O|  |TAMS 0x0000000080c00000, 0x0000000080b00000| Untracked 
|  12|0x0000000080c00000, 0x0000000080d00000, 0x0000000080d00000|100%| O|  |TAMS 0x0000000080d00000, 0x0000000080c00000| Untracked 
|  13|0x0000000080d00000, 0x0000000080e00000, 0x0000000080e00000|100%| O|  |TAMS 0x0000000080e00000, 0x0000000080d00000| Untracked 
|  14|0x0000000080e00000, 0x0000000080e08000, 0x0000000080f00000|  3%| O|  |TAMS 0x0000000080e08000, 0x0000000080e00000| Complete 
|  15|0x0000000080f00000, 0x0000000081000000, 0x0000000081000000|100%| O|  |TAMS 0x0000000081000000, 0x0000000080f00000| Untracked 
|  16|0x0000000081000000, 0x0000000081100000, 0x0000000081100000|100%| O|  |TAMS 0x0000000081100000, 0x0000000081000000| Untracked 
|  17|0x0000000081100000, 0x0000000081200000, 0x0000000081200000|100%| O|  |TAMS 0x0000000081200000, 0x0000000081100000| Untracked 
|  18|0x0000000081200000, 0x0000000081300000, 0x0000000081300000|100%| O|  |TAMS 0x0000000081300000, 0x0000000081200000| Untracked 
|  19|0x0000000081300000, 0x0000000081400000, 0x0000000081400000|100%|HS|  |TAMS 0x0000000081400000, 0x0000000081300000| Complete 
|  20|0x0000000081400000, 0x0000000081500000, 0x0000000081500000|100%|HC|  |TAMS 0x0000000081500000, 0x0000000081400000| Complete 
|  21|0x0000000081500000, 0x0000000081600000, 0x0000000081600000|100%|HS|  |TAMS 0x0000000081600000, 0x0000000081500000| Complete 
|  22|0x0000000081600000, 0x0000000081700000, 0x0000000081700000|100%|HC|  |TAMS 0x0000000081700000, 0x0000000081600000| Complete 
|  23|0x0000000081700000, 0x0000000081800000, 0x0000000081800000|100%|HC|  |TAMS 0x0000000081800000, 0x0000000081700000| Complete 
|  24|0x0000000081800000, 0x0000000081900000, 0x0000000081900000|100%|HS|  |TAMS 0x0000000081900000, 0x0000000081800000| Complete 
|  25|0x0000000081900000, 0x0000000081a00000, 0x0000000081a00000|100%|HC|  |TAMS 0x0000000081a00000, 0x0000000081900000| Complete 
|  26|0x0000000081a00000, 0x0000000081b00000, 0x0000000081b00000|100%| O|  |TAMS 0x0000000081b00000, 0x0000000081a00000| Untracked 
|  27|0x0000000081b00000, 0x0000000081c00000, 0x0000000081c00000|100%| O|  |TAMS 0x0000000081c00000, 0x0000000081b00000| Untracked 
|  28|0x0000000081c00000, 0x0000000081d00000, 0x0000000081d00000|100%| O|  |TAMS 0x0000000081d00000, 0x0000000081c00000| Untracked 
|  29|0x0000000081d00000, 0x0000000081e00000, 0x0000000081e00000|100%|HS|  |TAMS 0x0000000081e00000, 0x0000000081d00000| Complete 
|  30|0x0000000081e00000, 0x0000000081f00000, 0x0000000081f00000|100%|HC|  |TAMS 0x0000000081f00000, 0x0000000081e00000| Complete 
|  31|0x0000000081f00000, 0x0000000082000000, 0x0000000082000000|100%|HC|  |TAMS 0x0000000082000000, 0x0000000081f00000| Complete 
|  32|0x0000000082000000, 0x0000000082100000, 0x0000000082100000|100%| O|  |TAMS 0x0000000082100000, 0x0000000082000000| Untracked 
|  33|0x0000000082100000, 0x0000000082200000, 0x0000000082200000|100%| O|  |TAMS 0x0000000082200000, 0x0000000082100000| Untracked 
|  34|0x0000000082200000, 0x0000000082300000, 0x0000000082300000|100%| O|  |TAMS 0x0000000082300000, 0x0000000082200000| Untracked 
|  35|0x0000000082300000, 0x0000000082400000, 0x0000000082400000|100%|HS|  |TAMS 0x0000000082400000, 0x0000000082300000| Complete 
|  36|0x0000000082400000, 0x0000000082500000, 0x0000000082500000|100%|HC|  |TAMS 0x0000000082500000, 0x0000000082400000| Complete 
|  37|0x0000000082500000, 0x0000000082600000, 0x0000000082600000|100%|HC|  |TAMS 0x0000000082600000, 0x0000000082500000| Complete 
|  38|0x0000000082600000, 0x0000000082700000, 0x0000000082700000|100%|HC|  |TAMS 0x0000000082700000, 0x0000000082600000| Complete 
|  39|0x0000000082700000, 0x0000000082800000, 0x0000000082800000|100%|HC|  |TAMS 0x0000000082800000, 0x0000000082700000| Complete 
|  40|0x0000000082800000, 0x0000000082900000, 0x0000000082900000|100%|HC|  |TAMS 0x0000000082900000, 0x0000000082800000| Complete 
|  41|0x0000000082900000, 0x0000000082a00000, 0x0000000082a00000|100%|HC|  |TAMS 0x0000000082a00000, 0x0000000082900000| Complete 
|  42|0x0000000082a00000, 0x0000000082b00000, 0x0000000082b00000|100%|HC|  |TAMS 0x0000000082b00000, 0x0000000082a00000| Complete 
|  43|0x0000000082b00000, 0x0000000082c00000, 0x0000000082c00000|100%|HC|  |TAMS 0x0000000082c00000, 0x0000000082b00000| Complete 
|  44|0x0000000082c00000, 0x0000000082d00000, 0x0000000082d00000|100%|HC|  |TAMS 0x0000000082d00000, 0x0000000082c00000| Complete 
|  45|0x0000000082d00000, 0x0000000082e00000, 0x0000000082e00000|100%| O|  |TAMS 0x0000000082e00000, 0x0000000082d00000| Untracked 
|  46|0x0000000082e00000, 0x0000000082f00000, 0x0000000082f00000|100%|HS|  |TAMS 0x0000000082f00000, 0x0000000082e00000| Complete 
|  47|0x0000000082f00000, 0x0000000083000000, 0x0000000083000000|100%|HC|  |TAMS 0x0000000083000000, 0x0000000082f00000| Complete 
|  48|0x0000000083000000, 0x0000000083100000, 0x0000000083100000|100%|HS|  |TAMS 0x0000000083100000, 0x0000000083000000| Complete 
|  49|0x0000000083100000, 0x0000000083200000, 0x0000000083200000|100%|HC|  |TAMS 0x0000000083200000, 0x0000000083100000| Complete 
|  50|0x0000000083200000, 0x0000000083300000, 0x0000000083300000|100%|HC|  |TAMS 0x0000000083300000, 0x0000000083200000| Complete 
|  51|0x0000000083300000, 0x0000000083400000, 0x0000000083400000|100%|HC|  |TAMS 0x0000000083400000, 0x0000000083300000| Complete 
|  52|0x0000000083400000, 0x0000000083500000, 0x0000000083500000|100%|HC|  |TAMS 0x0000000083500000, 0x0000000083400000| Complete 
|  53|0x0000000083500000, 0x0000000083600000, 0x0000000083600000|100%|HC|  |TAMS 0x0000000083600000, 0x0000000083500000| Complete 
|  54|0x0000000083600000, 0x0000000083700000, 0x0000000083700000|100%|HS|  |TAMS 0x0000000083700000, 0x0000000083600000| Complete 
|  55|0x0000000083700000, 0x0000000083800000, 0x0000000083800000|100%| O|  |TAMS 0x0000000083800000, 0x0000000083700000| Untracked 
|  56|0x0000000083800000, 0x0000000083900000, 0x0000000083900000|100%| O|  |TAMS 0x0000000083900000, 0x0000000083800000| Untracked 
|  57|0x0000000083900000, 0x0000000083a00000, 0x0000000083a00000|100%| O|  |TAMS 0x0000000083a00000, 0x0000000083900000| Untracked 
|  58|0x0000000083a00000, 0x0000000083b00000, 0x0000000083b00000|100%| O|  |TAMS 0x0000000083b00000, 0x0000000083a00000| Untracked 
|  59|0x0000000083b00000, 0x0000000083c00000, 0x0000000083c00000|100%| O|  |TAMS 0x0000000083c00000, 0x0000000083b00000| Untracked 
|  60|0x0000000083c00000, 0x0000000083d00000, 0x0000000083d00000|100%| O|  |TAMS 0x0000000083d00000, 0x0000000083c00000| Untracked 
|  61|0x0000000083d00000, 0x0000000083e00000, 0x0000000083e00000|100%| O|  |TAMS 0x0000000083e00000, 0x0000000083d00000| Untracked 
|  62|0x0000000083e00000, 0x0000000083f00000, 0x0000000083f00000|100%| O|  |TAMS 0x0000000083f00000, 0x0000000083e00000| Untracked 
|  63|0x0000000083f00000, 0x0000000084000000, 0x0000000084000000|100%| O|  |TAMS 0x0000000084000000, 0x0000000083f00000| Untracked 
|  64|0x0000000084000000, 0x0000000084100000, 0x0000000084100000|100%| O|  |TAMS 0x000000008400bc00, 0x0000000084000000| Untracked 
|  65|0x0000000084100000, 0x0000000084200000, 0x0000000084200000|100%|HS|  |TAMS 0x0000000084200000, 0x0000000084100000| Complete 
|  66|0x0000000084200000, 0x0000000084300000, 0x0000000084300000|100%|HC|  |TAMS 0x0000000084300000, 0x0000000084200000| Complete 
|  67|0x0000000084300000, 0x0000000084400000, 0x0000000084400000|100%|HC|  |TAMS 0x0000000084400000, 0x0000000084300000| Complete 
|  68|0x0000000084400000, 0x0000000084500000, 0x0000000084500000|100%|HC|  |TAMS 0x0000000084500000, 0x0000000084400000| Complete 
|  69|0x0000000084500000, 0x0000000084600000, 0x0000000084600000|100%|HC|  |TAMS 0x0000000084600000, 0x0000000084500000| Complete 
|  70|0x0000000084600000, 0x0000000084700000, 0x0000000084700000|100%|HC|  |TAMS 0x0000000084700000, 0x0000000084600000| Complete 
|  71|0x0000000084700000, 0x0000000084800000, 0x0000000084800000|100%|HC|  |TAMS 0x0000000084800000, 0x0000000084700000| Complete 
|  72|0x0000000084800000, 0x0000000084900000, 0x0000000084900000|100%|HC|  |TAMS 0x0000000084900000, 0x0000000084800000| Complete 
|  73|0x0000000084900000, 0x0000000084a00000, 0x0000000084a00000|100%|HC|  |TAMS 0x0000000084a00000, 0x0000000084900000| Complete 
|  74|0x0000000084a00000, 0x0000000084b00000, 0x0000000084b00000|100%|HC|  |TAMS 0x0000000084b00000, 0x0000000084a00000| Complete 
|  75|0x0000000084b00000, 0x0000000084c00000, 0x0000000084c00000|100%|HC|  |TAMS 0x0000000084c00000, 0x0000000084b00000| Complete 
|  76|0x0000000084c00000, 0x0000000084d00000, 0x0000000084d00000|100%|HS|  |TAMS 0x0000000084d00000, 0x0000000084c00000| Complete 
|  77|0x0000000084d00000, 0x0000000084e00000, 0x0000000084e00000|100%|HC|  |TAMS 0x0000000084e00000, 0x0000000084d00000| Complete 
|  78|0x0000000084e00000, 0x0000000084f00000, 0x0000000084f00000|100%| O|  |TAMS 0x0000000084e00000, 0x0000000084e00000| Untracked 
|  79|0x0000000084f00000, 0x0000000085000000, 0x0000000085000000|100%|HS|  |TAMS 0x0000000084f00000, 0x0000000084f00000| Complete 
|  80|0x0000000085000000, 0x0000000085100000, 0x0000000085100000|100%|HC|  |TAMS 0x0000000085000000, 0x0000000085000000| Complete 
|  81|0x0000000085100000, 0x0000000085200000, 0x0000000085200000|100%|HC|  |TAMS 0x0000000085100000, 0x0000000085100000| Complete 
|  82|0x0000000085200000, 0x0000000085300000, 0x0000000085300000|100%|HS|  |TAMS 0x0000000085200000, 0x0000000085200000| Complete 
|  83|0x0000000085300000, 0x0000000085400000, 0x0000000085400000|100%|HC|  |TAMS 0x0000000085300000, 0x0000000085300000| Complete 
|  84|0x0000000085400000, 0x0000000085500000, 0x0000000085500000|100%|HS|  |TAMS 0x0000000085400000, 0x0000000085400000| Complete 
|  85|0x0000000085500000, 0x0000000085600000, 0x0000000085600000|100%|HC|  |TAMS 0x0000000085500000, 0x0000000085500000| Complete 
|  86|0x0000000085600000, 0x0000000085700000, 0x0000000085700000|100%|HC|  |TAMS 0x0000000085600000, 0x0000000085600000| Complete 
|  87|0x0000000085700000, 0x0000000085700000, 0x0000000085800000|  0%| F|  |TAMS 0x0000000085700000, 0x0000000085700000| Untracked 
|  88|0x0000000085800000, 0x0000000085800000, 0x0000000085900000|  0%| F|  |TAMS 0x0000000085800000, 0x0000000085800000| Untracked 
|  89|0x0000000085900000, 0x0000000085900000, 0x0000000085a00000|  0%| F|  |TAMS 0x0000000085900000, 0x0000000085900000| Untracked 
|  90|0x0000000085a00000, 0x0000000085a00000, 0x0000000085b00000|  0%| F|  |TAMS 0x0000000085a00000, 0x0000000085a00000| Untracked 
|  91|0x0000000085b00000, 0x0000000085b00000, 0x0000000085c00000|  0%| F|  |TAMS 0x0000000085b00000, 0x0000000085b00000| Untracked 
|  92|0x0000000085c00000, 0x0000000085c00000, 0x0000000085d00000|  0%| F|  |TAMS 0x0000000085c00000, 0x0000000085c00000| Untracked 
|  93|0x0000000085d00000, 0x0000000085d00000, 0x0000000085e00000|  0%| F|  |TAMS 0x0000000085d00000, 0x0000000085d00000| Untracked 
|  94|0x0000000085e00000, 0x0000000085e00000, 0x0000000085f00000|  0%| F|  |TAMS 0x0000000085e00000, 0x0000000085e00000| Untracked 
|  95|0x0000000085f00000, 0x0000000085f00000, 0x0000000086000000|  0%| F|  |TAMS 0x0000000085f00000, 0x0000000085f00000| Untracked 
|  96|0x0000000086000000, 0x0000000086000000, 0x0000000086100000|  0%| F|  |TAMS 0x0000000086000000, 0x0000000086000000| Untracked 
|  97|0x0000000086100000, 0x0000000086100000, 0x0000000086200000|  0%| F|  |TAMS 0x0000000086100000, 0x0000000086100000| Untracked 
|  98|0x0000000086200000, 0x0000000086200000, 0x0000000086300000|  0%| F|  |TAMS 0x0000000086200000, 0x0000000086200000| Untracked 
|  99|0x0000000086300000, 0x0000000086300000, 0x0000000086400000|  0%| F|  |TAMS 0x0000000086300000, 0x0000000086300000| Untracked 
| 100|0x0000000086400000, 0x0000000086400000, 0x0000000086500000|  0%| F|  |TAMS 0x0000000086400000, 0x0000000086400000| Untracked 
| 101|0x0000000086500000, 0x0000000086500000, 0x0000000086600000|  0%| F|  |TAMS 0x0000000086500000, 0x0000000086500000| Untracked 
| 102|0x0000000086600000, 0x0000000086600000, 0x0000000086700000|  0%| F|  |TAMS 0x0000000086600000, 0x0000000086600000| Untracked 
| 103|0x0000000086700000, 0x0000000086700000, 0x0000000086800000|  0%| F|  |TAMS 0x0000000086700000, 0x0000000086700000| Untracked 
| 104|0x0000000086800000, 0x0000000086800000, 0x0000000086900000|  0%| F|  |TAMS 0x0000000086800000, 0x0000000086800000| Untracked 
| 105|0x0000000086900000, 0x0000000086900000, 0x0000000086a00000|  0%| F|  |TAMS 0x0000000086900000, 0x0000000086900000| Untracked 
| 106|0x0000000086a00000, 0x0000000086a00000, 0x0000000086b00000|  0%| F|  |TAMS 0x0000000086a00000, 0x0000000086a00000| Untracked 
| 107|0x0000000086b00000, 0x0000000086b00000, 0x0000000086c00000|  0%| F|  |TAMS 0x0000000086b00000, 0x0000000086b00000| Untracked 
| 108|0x0000000086c00000, 0x0000000086c00000, 0x0000000086d00000|  0%| F|  |TAMS 0x0000000086c00000, 0x0000000086c00000| Untracked 
| 109|0x0000000086d00000, 0x0000000086d00000, 0x0000000086e00000|  0%| F|  |TAMS 0x0000000086d00000, 0x0000000086d00000| Untracked 
| 110|0x0000000086e00000, 0x0000000086e00000, 0x0000000086f00000|  0%| F|  |TAMS 0x0000000086e00000, 0x0000000086e00000| Untracked 
| 111|0x0000000086f00000, 0x0000000086f00000, 0x0000000087000000|  0%| F|  |TAMS 0x0000000086f00000, 0x0000000086f00000| Untracked 
| 112|0x0000000087000000, 0x0000000087000000, 0x0000000087100000|  0%| F|  |TAMS 0x0000000087000000, 0x0000000087000000| Untracked 
| 113|0x0000000087100000, 0x0000000087100000, 0x0000000087200000|  0%| F|  |TAMS 0x0000000087100000, 0x0000000087100000| Untracked 
| 114|0x0000000087200000, 0x0000000087200000, 0x0000000087300000|  0%| F|  |TAMS 0x0000000087200000, 0x0000000087200000| Untracked 
| 115|0x0000000087300000, 0x0000000087300000, 0x0000000087400000|  0%| F|  |TAMS 0x0000000087300000, 0x0000000087300000| Untracked 
| 116|0x0000000087400000, 0x0000000087400000, 0x0000000087500000|  0%| F|  |TAMS 0x0000000087400000, 0x0000000087400000| Untracked 
| 117|0x0000000087500000, 0x0000000087500000, 0x0000000087600000|  0%| F|  |TAMS 0x0000000087500000, 0x0000000087500000| Untracked 
| 118|0x0000000087600000, 0x0000000087600000, 0x0000000087700000|  0%| F|  |TAMS 0x0000000087600000, 0x0000000087600000| Untracked 
| 119|0x0000000087700000, 0x0000000087700000, 0x0000000087800000|  0%| F|  |TAMS 0x0000000087700000, 0x0000000087700000| Untracked 
| 120|0x0000000087800000, 0x0000000087800000, 0x0000000087900000|  0%| F|  |TAMS 0x0000000087800000, 0x0000000087800000| Untracked 
| 121|0x0000000087900000, 0x0000000087900000, 0x0000000087a00000|  0%| F|  |TAMS 0x0000000087900000, 0x0000000087900000| Untracked 
| 122|0x0000000087a00000, 0x0000000087a00000, 0x0000000087b00000|  0%| F|  |TAMS 0x0000000087a00000, 0x0000000087a00000| Untracked 
| 123|0x0000000087b00000, 0x0000000087b00000, 0x0000000087c00000|  0%| F|  |TAMS 0x0000000087b00000, 0x0000000087b00000| Untracked 
| 124|0x0000000087c00000, 0x0000000087c00000, 0x0000000087d00000|  0%| F|  |TAMS 0x0000000087c00000, 0x0000000087c00000| Untracked 
| 125|0x0000000087d00000, 0x0000000087d00000, 0x0000000087e00000|  0%| F|  |TAMS 0x0000000087d00000, 0x0000000087d00000| Untracked 
| 126|0x0000000087e00000, 0x0000000087e00000, 0x0000000087f00000|  0%| F|  |TAMS 0x0000000087e00000, 0x0000000087e00000| Untracked 
| 127|0x0000000087f00000, 0x0000000087f00000, 0x0000000088000000|  0%| F|  |TAMS 0x0000000087f00000, 0x0000000087f00000| Untracked 
| 128|0x0000000088000000, 0x0000000088000000, 0x0000000088100000|  0%| F|  |TAMS 0x0000000088000000, 0x0000000088000000| Untracked 
| 129|0x0000000088100000, 0x0000000088100000, 0x0000000088200000|  0%| F|  |TAMS 0x0000000088100000, 0x0000000088100000| Untracked 
| 130|0x0000000088200000, 0x0000000088200000, 0x0000000088300000|  0%| F|  |TAMS 0x0000000088200000, 0x0000000088200000| Untracked 
| 131|0x0000000088300000, 0x0000000088400000, 0x0000000088400000|100%| E|CS|TAMS 0x0000000088300000, 0x0000000088300000| Complete 
| 132|0x0000000088400000, 0x0000000088412428, 0x0000000088500000|  7%| S|CS|TAMS 0x0000000088400000, 0x0000000088400000| Complete 
| 133|0x0000000088500000, 0x0000000088600000, 0x0000000088600000|100%| S|CS|TAMS 0x0000000088500000, 0x0000000088500000| Complete 
| 134|0x0000000088600000, 0x0000000088700000, 0x0000000088700000|100%| S|CS|TAMS 0x0000000088600000, 0x0000000088600000| Complete 
| 135|0x0000000088700000, 0x0000000088700000, 0x0000000088800000|  0%| F|  |TAMS 0x0000000088700000, 0x0000000088700000| Untracked 
| 136|0x0000000088800000, 0x0000000088800000, 0x0000000088900000|  0%| F|  |TAMS 0x0000000088800000, 0x0000000088800000| Untracked 
| 137|0x0000000088900000, 0x0000000088900000, 0x0000000088a00000|  0%| F|  |TAMS 0x0000000088900000, 0x0000000088900000| Untracked 
| 138|0x0000000088a00000, 0x0000000088a00000, 0x0000000088b00000|  0%| F|  |TAMS 0x0000000088a00000, 0x0000000088a00000| Untracked 
| 139|0x0000000088b00000, 0x0000000088b00000, 0x0000000088c00000|  0%| F|  |TAMS 0x0000000088b00000, 0x0000000088b00000| Untracked 
| 140|0x0000000088c00000, 0x0000000088c00000, 0x0000000088d00000|  0%| F|  |TAMS 0x0000000088c00000, 0x0000000088c00000| Untracked 
| 141|0x0000000088d00000, 0x0000000088d00000, 0x0000000088e00000|  0%| F|  |TAMS 0x0000000088d00000, 0x0000000088d00000| Untracked 
| 142|0x0000000088e00000, 0x0000000088e00000, 0x0000000088f00000|  0%| F|  |TAMS 0x0000000088e00000, 0x0000000088e00000| Untracked 
| 143|0x0000000088f00000, 0x0000000088f00000, 0x0000000089000000|  0%| F|  |TAMS 0x0000000088f00000, 0x0000000088f00000| Untracked 
| 144|0x0000000089000000, 0x0000000089000000, 0x0000000089100000|  0%| F|  |TAMS 0x0000000089000000, 0x0000000089000000| Untracked 
| 145|0x0000000089100000, 0x0000000089200000, 0x0000000089200000|100%| E|  |TAMS 0x0000000089100000, 0x0000000089100000| Complete 
| 146|0x0000000089200000, 0x0000000089300000, 0x0000000089300000|100%| E|CS|TAMS 0x0000000089200000, 0x0000000089200000| Complete 
| 147|0x0000000089300000, 0x0000000089400000, 0x0000000089400000|100%| E|CS|TAMS 0x0000000089300000, 0x0000000089300000| Complete 
| 148|0x0000000089400000, 0x0000000089500000, 0x0000000089500000|100%| E|CS|TAMS 0x0000000089400000, 0x0000000089400000| Complete 
| 149|0x0000000089500000, 0x0000000089600000, 0x0000000089600000|100%| E|CS|TAMS 0x0000000089500000, 0x0000000089500000| Complete 
| 150|0x0000000089600000, 0x0000000089700000, 0x0000000089700000|100%| E|CS|TAMS 0x0000000089600000, 0x0000000089600000| Complete 
| 151|0x0000000089700000, 0x0000000089800000, 0x0000000089800000|100%| E|CS|TAMS 0x0000000089700000, 0x0000000089700000| Complete 

Card table byte_map: [0x0000020927b10000,0x0000020927f10000] _byte_map_base: 0x0000020927710000

Marking Bits (Prev, Next): (CMBitMap*) 0x0000020914f67980, (CMBitMap*) 0x0000020914f679c0
 Prev Bits: [0x0000020928310000, 0x000002092a310000)
 Next Bits: [0x000002092a310000, 0x000002092c310000)

Polling page: 0x0000020912ed0000

Metaspace:

Usage:
  Non-class:     39.80 MB used.
      Class:      6.09 MB used.
       Both:     45.89 MB used.

Virtual space:
  Non-class space:       48.00 MB reserved,      40.06 MB ( 83%) committed,  6 nodes.
      Class space:        1.00 GB reserved,       6.31 MB ( <1%) committed,  1 nodes.
             Both:        1.05 GB reserved,      46.38 MB (  4%) committed. 

Chunk freelists:
   Non-Class:  3.83 MB
       Class:  1.56 MB
        Both:  5.39 MB

MaxMetaspaceSize: unlimited
CompressedClassSpaceSize: 1.00 GB
Initial GC threshold: 21.00 MB
Current GC threshold: 76.56 MB
CDS: off
MetaspaceReclaimPolicy: balanced
 - commit_granule_bytes: 65536.
 - commit_granule_words: 8192.
 - virtual_space_node_default_size: 1048576.
 - enlarge_chunks_in_place: 1.
 - new_chunks_are_fully_committed: 0.
 - uncommit_free_chunks: 1.
 - use_allocation_guard: 0.
 - handle_deallocations: 1.


Internal statistics:

num_allocs_failed_limit: 3.
num_arena_births: 454.
num_arena_deaths: 0.
num_vsnodes_births: 7.
num_vsnodes_deaths: 0.
num_space_committed: 742.
num_space_uncommitted: 0.
num_chunks_returned_to_freelist: 3.
num_chunks_taken_from_freelist: 1900.
num_chunk_merges: 3.
num_chunk_splits: 1238.
num_chunks_enlarged: 827.
num_purges: 0.
num_inconsistent_stats: 0.

CodeHeap 'non-profiled nmethods': size=120000Kb used=1899Kb max_used=1899Kb free=118100Kb
 bounds [0x000002091feb0000, 0x0000020920120000, 0x00000209273e0000]
CodeHeap 'profiled nmethods': size=120000Kb used=8809Kb max_used=8809Kb free=111190Kb
 bounds [0x00000209183e0000, 0x0000020918c80000, 0x000002091f910000]
CodeHeap 'non-nmethods': size=5760Kb used=2297Kb max_used=2325Kb free=3462Kb
 bounds [0x000002091f910000, 0x000002091fb80000, 0x000002091feb0000]
 total_blobs=4995 nmethods=4189 adapters=717
 compilation: enabled
              stopped_count=0, restarted_count=0
 full_count=0

Compilation events (20 events):
Event: 9.878 Thread 0x000002092f83e020 4211       3       groovyjarjarasm.asm.Frame::pop (44 bytes)
Event: 9.878 Thread 0x000002092f83e020 nmethod 4211 0x0000020918c6a710 code [0x0000020918c6a8a0, 0x0000020918c6aa38]
Event: 9.878 Thread 0x000002092f83e020 4212       3       groovyjarjarasm.asm.Frame::getLocal (46 bytes)
Event: 9.878 Thread 0x000002092f83e020 nmethod 4212 0x0000020918c6ab10 code [0x0000020918c6acc0, 0x0000020918c6aef8]
Event: 9.882 Thread 0x000002092f83e020 4213       3       java.util.stream.SpinedBuffer::ensureCapacity (138 bytes)
Event: 9.883 Thread 0x000002092f83e020 nmethod 4213 0x0000020918c6b010 code [0x0000020918c6b260, 0x0000020918c6c148]
Event: 9.886 Thread 0x000002092f83e020 4214       3       sun.reflect.generics.reflectiveObjects.WildcardTypeImpl::getUpperBounds (34 bytes)
Event: 9.887 Thread 0x000002092f83e020 nmethod 4214 0x0000020918c6c610 code [0x0000020918c6c7e0, 0x0000020918c6ce18]
Event: 9.887 Thread 0x000002092f83e020 4215       3       java.lang.invoke.DirectMethodHandle$Holder::invokeStatic (15 bytes)
Event: 9.887 Thread 0x000002092f83e020 nmethod 4215 0x0000020918c6cf10 code [0x0000020918c6d0e0, 0x0000020918c6d618]
Event: 9.889 Thread 0x000002092f83e020 4216       3       java.util.TimSort::countRunAndMakeAscending (128 bytes)
Event: 9.890 Thread 0x000002092f83e020 nmethod 4216 0x0000020918c6d710 code [0x0000020918c6d920, 0x0000020918c6e038]
Event: 9.890 Thread 0x000002092f83e020 4217       3       groovyjarjarasm.asm.Label::<init> (5 bytes)
Event: 9.890 Thread 0x000002092f83e020 nmethod 4217 0x0000020918c6e290 code [0x0000020918c6e420, 0x0000020918c6e578]
Event: 9.890 Thread 0x000002092f83e020 4219       3       groovyjarjarasm.asm.Label::resolve (219 bytes)
Event: 9.891 Thread 0x000002092f83e020 nmethod 4219 0x0000020918c6e610 code [0x0000020918c6e7e0, 0x0000020918c6ed18]
Event: 9.891 Thread 0x000002092f83e020 4218       3       groovyjarjarasm.asm.MethodWriter::visitVarInsn (302 bytes)
Event: 9.892 Thread 0x000002092f83e020 nmethod 4218 0x0000020918c6f010 code [0x0000020918c6f260, 0x0000020918c6fc68]
Event: 9.893 Thread 0x000002092f83e020 4220       3       java.lang.reflect.Modifier::isSynthetic (14 bytes)
Event: 9.893 Thread 0x000002092f83e020 nmethod 4220 0x0000020918c6ff10 code [0x0000020918c700a0, 0x0000020918c701f8]

GC Heap History (20 events):
Event: 5.850 GC heap before
{Heap before GC invocations=5 (full 0):
 garbage-first heap   total 71680K, used 47720K [0x0000000080000000, 0x0000000100000000)
  region size 1024K, 21 young (21504K), 3 survivors (3072K)
 Metaspace       used 29360K, committed 29696K, reserved 1081344K
  class space    used 3985K, committed 4160K, reserved 1048576K
}
Event: 5.857 GC heap after
{Heap after GC invocations=6 (full 0):
 garbage-first heap   total 71680K, used 35667K [0x0000000080000000, 0x0000000100000000)
  region size 1024K, 4 young (4096K), 4 survivors (4096K)
 Metaspace       used 29360K, committed 29696K, reserved 1081344K
  class space    used 3985K, committed 4160K, reserved 1048576K
}
Event: 5.897 GC heap before
{Heap before GC invocations=7 (full 0):
 garbage-first heap   total 80896K, used 45907K [0x0000000080000000, 0x0000000100000000)
  region size 1024K, 5 young (5120K), 4 survivors (4096K)
 Metaspace       used 29361K, committed 29696K, reserved 1081344K
  class space    used 3985K, committed 4160K, reserved 1048576K
}
Event: 5.901 GC heap after
{Heap after GC invocations=8 (full 0):
 garbage-first heap   total 80896K, used 45823K [0x0000000080000000, 0x0000000100000000)
  region size 1024K, 1 young (1024K), 1 survivors (1024K)
 Metaspace       used 29361K, committed 29696K, reserved 1081344K
  class space    used 3985K, committed 4160K, reserved 1048576K
}
Event: 5.947 GC heap before
{Heap before GC invocations=9 (full 0):
 garbage-first heap   total 86016K, used 54015K [0x0000000080000000, 0x0000000100000000)
  region size 1024K, 2 young (2048K), 1 survivors (1024K)
 Metaspace       used 29377K, committed 29696K, reserved 1081344K
  class space    used 3987K, committed 4160K, reserved 1048576K
}
Event: 5.949 GC heap after
{Heap after GC invocations=10 (full 0):
 garbage-first heap   total 86016K, used 54153K [0x0000000080000000, 0x0000000100000000)
  region size 1024K, 1 young (1024K), 1 survivors (1024K)
 Metaspace       used 29377K, committed 29696K, reserved 1081344K
  class space    used 3987K, committed 4160K, reserved 1048576K
}
Event: 6.398 GC heap before
{Heap before GC invocations=11 (full 0):
 garbage-first heap   total 97280K, used 66441K [0x0000000080000000, 0x0000000100000000)
  region size 1024K, 13 young (13312K), 1 survivors (1024K)
 Metaspace       used 30909K, committed 31296K, reserved 1081344K
  class space    used 4221K, committed 4416K, reserved 1048576K
}
Event: 6.401 GC heap after
{Heap after GC invocations=12 (full 0):
 garbage-first heap   total 116736K, used 56916K [0x0000000080000000, 0x0000000100000000)
  region size 1024K, 2 young (2048K), 2 survivors (2048K)
 Metaspace       used 30909K, committed 31296K, reserved 1081344K
  class space    used 4221K, committed 4416K, reserved 1048576K
}
Event: 7.490 GC heap before
{Heap before GC invocations=12 (full 0):
 garbage-first heap   total 116736K, used 88660K [0x0000000080000000, 0x0000000100000000)
  region size 1024K, 33 young (33792K), 2 survivors (2048K)
 Metaspace       used 35730K, committed 36096K, reserved 1081344K
  class space    used 4963K, committed 5120K, reserved 1048576K
}
Event: 7.495 GC heap after
{Heap after GC invocations=13 (full 0):
 garbage-first heap   total 116736K, used 58566K [0x0000000080000000, 0x0000000100000000)
  region size 1024K, 4 young (4096K), 4 survivors (4096K)
 Metaspace       used 35730K, committed 36096K, reserved 1081344K
  class space    used 4963K, committed 5120K, reserved 1048576K
}
Event: 8.323 GC heap before
{Heap before GC invocations=14 (full 0):
 garbage-first heap   total 116736K, used 89286K [0x0000000080000000, 0x0000000100000000)
  region size 1024K, 35 young (35840K), 4 survivors (4096K)
 Metaspace       used 41724K, committed 42176K, reserved 1089536K
  class space    used 5568K, committed 5760K, reserved 1048576K
}
Event: 8.333 GC heap after
{Heap after GC invocations=15 (full 0):
 garbage-first heap   total 116736K, used 63012K [0x0000000080000000, 0x0000000100000000)
  region size 1024K, 5 young (5120K), 5 survivors (5120K)
 Metaspace       used 41724K, committed 42176K, reserved 1089536K
  class space    used 5568K, committed 5760K, reserved 1048576K
}
Event: 8.493 GC heap before
{Heap before GC invocations=15 (full 0):
 garbage-first heap   total 116736K, used 73252K [0x0000000080000000, 0x0000000100000000)
  region size 1024K, 17 young (17408K), 5 survivors (5120K)
 Metaspace       used 42197K, committed 42624K, reserved 1089536K
  class space    used 5614K, committed 5824K, reserved 1048576K
}
Event: 8.500 GC heap after
{Heap after GC invocations=16 (full 0):
 garbage-first heap   total 116736K, used 65437K [0x0000000080000000, 0x0000000100000000)
  region size 1024K, 3 young (3072K), 3 survivors (3072K)
 Metaspace       used 42197K, committed 42624K, reserved 1089536K
  class space    used 5614K, committed 5824K, reserved 1048576K
}
Event: 9.435 GC heap before
{Heap before GC invocations=17 (full 0):
 garbage-first heap   total 119808K, used 94109K [0x0000000080000000, 0x0000000100000000)
  region size 1024K, 28 young (28672K), 3 survivors (3072K)
 Metaspace       used 46271K, committed 46720K, reserved 1089536K
  class space    used 6129K, committed 6336K, reserved 1048576K
}
Event: 9.440 GC heap after
{Heap after GC invocations=18 (full 0):
 garbage-first heap   total 119808K, used 66539K [0x0000000080000000, 0x0000000100000000)
  region size 1024K, 4 young (4096K), 4 survivors (4096K)
 Metaspace       used 46271K, committed 46720K, reserved 1089536K
  class space    used 6129K, committed 6336K, reserved 1048576K
}
Event: 9.663 GC heap before
{Heap before GC invocations=18 (full 0):
 garbage-first heap   total 119808K, used 72683K [0x0000000080000000, 0x0000000100000000)
  region size 1024K, 11 young (11264K), 4 survivors (4096K)
 Metaspace       used 46619K, committed 47040K, reserved 1089536K
  class space    used 6183K, committed 6400K, reserved 1048576K
}
Event: 9.668 GC heap after
{Heap after GC invocations=19 (full 0):
 garbage-first heap   total 119808K, used 68329K [0x0000000080000000, 0x0000000100000000)
  region size 1024K, 4 young (4096K), 4 survivors (4096K)
 Metaspace       used 46619K, committed 47040K, reserved 1089536K
  class space    used 6183K, committed 6400K, reserved 1048576K
}
Event: 9.731 GC heap before
{Heap before GC invocations=20 (full 0):
 garbage-first heap   total 138240K, used 81641K [0x0000000080000000, 0x0000000100000000)
  region size 1024K, 5 young (5120K), 4 survivors (4096K)
 Metaspace       used 46619K, committed 47040K, reserved 1089536K
  class space    used 6183K, committed 6400K, reserved 1048576K
}
Event: 9.735 GC heap after
{Heap after GC invocations=21 (full 0):
 garbage-first heap   total 138240K, used 82025K [0x0000000080000000, 0x0000000100000000)
  region size 1024K, 3 young (3072K), 3 survivors (3072K)
 Metaspace       used 46619K, committed 47040K, reserved 1089536K
  class space    used 6183K, committed 6400K, reserved 1048576K
}

Dll operation events (2 events):
Event: 0.012 Loaded shared library C:\Program Files\Android\Android Studio\jbr\bin\java.dll
Event: 0.870 Loaded shared library C:\Program Files\Android\Android Studio\jbr\bin\verify.dll

Deoptimization events (20 events):
Event: 9.747 Thread 0x0000020931d5cdb0 DEOPT PACKING pc=0x00000209184a1713 sp=0x000000d4c1df8bb0
Event: 9.747 Thread 0x0000020931d5cdb0 DEOPT UNPACKING pc=0x000002091f967143 sp=0x000000d4c1df8140 mode 0
Event: 9.759 Thread 0x0000020931d5cdb0 DEOPT PACKING pc=0x00000209184a1713 sp=0x000000d4c1df8bb0
Event: 9.759 Thread 0x0000020931d5cdb0 DEOPT UNPACKING pc=0x000002091f967143 sp=0x000000d4c1df8140 mode 0
Event: 9.762 Thread 0x0000020931d5cdb0 DEOPT PACKING pc=0x00000209188181d4 sp=0x000000d4c1df8a00
Event: 9.762 Thread 0x0000020931d5cdb0 DEOPT UNPACKING pc=0x000002091f967143 sp=0x000000d4c1df7f58 mode 0
Event: 9.773 Thread 0x0000020931d5cdb0 DEOPT PACKING pc=0x00000209184a1713 sp=0x000000d4c1df8bb0
Event: 9.773 Thread 0x0000020931d5cdb0 DEOPT UNPACKING pc=0x000002091f967143 sp=0x000000d4c1df8140 mode 0
Event: 9.781 Thread 0x0000020931d5cdb0 Uncommon trap: trap_request=0xffffff45 fr.pc=0x0000020920011630 relative=0x0000000000003e90
Event: 9.781 Thread 0x0000020931d5cdb0 Uncommon trap: reason=unstable_if action=reinterpret pc=0x0000020920011630 method=java.lang.StringLatin1.regionMatchesCI([BI[BII)Z @ 72 c2
Event: 9.781 Thread 0x0000020931d5cdb0 DEOPT PACKING pc=0x0000020920011630 sp=0x000000d4c1df94c0
Event: 9.781 Thread 0x0000020931d5cdb0 DEOPT UNPACKING pc=0x000002091f9669a3 sp=0x000000d4c1df9278 mode 2
Event: 9.781 Thread 0x0000020931d5cdb0 Uncommon trap: trap_request=0xffffff45 fr.pc=0x000002091ff7a98c relative=0x000000000000064c
Event: 9.781 Thread 0x0000020931d5cdb0 Uncommon trap: reason=unstable_if action=reinterpret pc=0x000002091ff7a98c method=java.lang.StringLatin1.regionMatchesCI([BI[BII)Z @ 72 c2
Event: 9.781 Thread 0x0000020931d5cdb0 DEOPT PACKING pc=0x000002091ff7a98c sp=0x000000d4c1df9340
Event: 9.781 Thread 0x0000020931d5cdb0 DEOPT UNPACKING pc=0x000002091f9669a3 sp=0x000000d4c1df9208 mode 2
Event: 9.865 Thread 0x0000020931d5cdb0 Uncommon trap: trap_request=0xffffff45 fr.pc=0x0000020920078014 relative=0x00000000000046d4
Event: 9.865 Thread 0x0000020931d5cdb0 Uncommon trap: reason=unstable_if action=reinterpret pc=0x0000020920078014 method=java.lang.ClassLoader.checkCerts(Ljava/lang/String;Ljava/security/CodeSource;)V @ 30 c2
Event: 9.865 Thread 0x0000020931d5cdb0 DEOPT PACKING pc=0x0000020920078014 sp=0x000000d4c1df88f0
Event: 9.866 Thread 0x0000020931d5cdb0 DEOPT UNPACKING pc=0x000002091f9669a3 sp=0x000000d4c1df8820 mode 2

Classes unloaded (0 events):
No events

Classes redefined (0 events):
No events

Internal exceptions (20 events):
Event: 9.582 Thread 0x0000020931d5cdb0 Exception <a 'java/lang/ClassNotFoundException'{0x00000000871d09d8}: ijinit_6i2592a0w5o3s3tfn4ay7pljm$_run_closure1Customizer> (0x00000000871d09d8) 
thrown [s\src\hotspot\share\classfile\systemDictionary.cpp, line 256]
Event: 9.648 Thread 0x0000020931d5cdb0 Exception <a 'java/lang/ClassNotFoundException'{0x0000000086f767e0}: ijinit_6i2592a0w5o3s3tfn4ay7pljmBeanInfo> (0x0000000086f767e0) 
thrown [s\src\hotspot\share\classfile\systemDictionary.cpp, line 256]
Event: 9.648 Thread 0x0000020931d5cdb0 Exception <a 'java/lang/ClassNotFoundException'{0x0000000086f7d000}: ijinit_6i2592a0w5o3s3tfn4ay7pljmCustomizer> (0x0000000086f7d000) 
thrown [s\src\hotspot\share\classfile\systemDictionary.cpp, line 256]
Event: 9.792 Thread 0x0000020931d5cdb0 Exception <a 'java/lang/ClassNotFoundException'{0x0000000089708a80}: org/gradle/api/internal/plugins/DefaultObjectConfigurationActionBeanInfo> (0x0000000089708a80) 
thrown [s\src\hotspot\share\classfile\systemDictionary.cpp, line 256]
Event: 9.794 Thread 0x0000020931d5cdb0 Exception <a 'java/lang/ClassNotFoundException'{0x000000008971a2f0}: org/gradle/api/internal/plugins/DefaultObjectConfigurationActionCustomizer> (0x000000008971a2f0) 
thrown [s\src\hotspot\share\classfile\systemDictionary.cpp, line 256]
Event: 9.826 Thread 0x0000020931d5cdb0 Exception <a 'java/lang/ClassNotFoundException'{0x00000000897fe810}: JetGradlePluginBeanInfo> (0x00000000897fe810) 
thrown [s\src\hotspot\share\classfile\systemDictionary.cpp, line 256]
Event: 9.827 Thread 0x0000020931d5cdb0 Exception <a 'java/lang/ClassNotFoundException'{0x000000008960b038}: JetGradlePluginCustomizer> (0x000000008960b038) 
thrown [s\src\hotspot\share\classfile\systemDictionary.cpp, line 256]
Event: 9.832 Thread 0x0000020931d5cdb0 Exception <a 'java/lang/ClassNotFoundException'{0x0000000089651060}: groovy/lang/ReferenceBeanInfo> (0x0000000089651060) 
thrown [s\src\hotspot\share\classfile\systemDictionary.cpp, line 256]
Event: 9.833 Thread 0x0000020931d5cdb0 Exception <a 'java/lang/ClassNotFoundException'{0x00000000896782a0}: groovy/lang/ReferenceCustomizer> (0x00000000896782a0) 
thrown [s\src\hotspot\share\classfile\systemDictionary.cpp, line 256]
Event: 9.845 Thread 0x0000020931d5cdb0 Exception <a 'java/lang/ClassNotFoundException'{0x00000000896b9408}: org/jetbrains/plugins/gradle/model/internal/DummyModelBeanInfo> (0x00000000896b9408) 
thrown [s\src\hotspot\share\classfile\systemDictionary.cpp, line 256]
Event: 9.846 Thread 0x0000020931d5cdb0 Exception <a 'java/lang/ClassNotFoundException'{0x00000000896c47d8}: org/jetbrains/plugins/gradle/model/internal/DummyModelCustomizer> (0x00000000896c47d8) 
thrown [s\src\hotspot\share\classfile\systemDictionary.cpp, line 256]
Event: 9.852 Thread 0x0000020931d5cdb0 Exception <a 'java/lang/ClassNotFoundException'{0x00000000896f3a58}: java/lang/ClassBeanInfo> (0x00000000896f3a58) 
thrown [s\src\hotspot\share\classfile\systemDictionary.cpp, line 256]
Event: 9.852 Thread 0x0000020931d5cdb0 Exception <a 'java/lang/ClassNotFoundException'{0x00000000896fbfd0}: java/lang/ClassCustomizer> (0x00000000896fbfd0) 
thrown [s\src\hotspot\share\classfile\systemDictionary.cpp, line 256]
Event: 9.865 Thread 0x0000020931d5cdb0 Implicit null exception at 0x0000020920073d59 to 0x0000020920077fbc
Event: 9.872 Thread 0x0000020931d5cdb0 Exception <a 'java/lang/ClassNotFoundException'{0x00000000895bc380}: org/gradle/tooling/provider/model/internal/DefaultToolingModelBuilderRegistryBeanInfo> (0x00000000895bc380) 
thrown [s\src\hotspot\share\classfile\systemDictionary.cpp, line 256]
Event: 9.873 Thread 0x0000020931d5cdb0 Exception <a 'java/lang/ClassNotFoundException'{0x00000000895d1850}: org/gradle/tooling/provider/model/internal/DefaultToolingModelBuilderRegistryCustomizer> (0x00000000895d1850) 
thrown [s\src\hotspot\share\classfile\systemDictionary.cpp, line 256]
Event: 9.884 Thread 0x0000020931d5cdb0 Exception <a 'java/lang/ClassNotFoundException'{0x0000000089427fe0}: org/gradle/internal/service/scopes/GradleScopeServicesBeanInfo> (0x0000000089427fe0) 
thrown [s\src\hotspot\share\classfile\systemDictionary.cpp, line 256]
Event: 9.885 Thread 0x0000020931d5cdb0 Exception <a 'java/lang/ClassNotFoundException'{0x000000008943cb10}: org/gradle/internal/service/DefaultServiceRegistryBeanInfo> (0x000000008943cb10) 
thrown [s\src\hotspot\share\classfile\systemDictionary.cpp, line 256]
Event: 9.885 Thread 0x0000020931d5cdb0 Exception <a 'java/lang/ClassNotFoundException'{0x0000000089451750}: org/gradle/internal/service/DefaultServiceRegistryCustomizer> (0x0000000089451750) 
thrown [s\src\hotspot\share\classfile\systemDictionary.cpp, line 256]
Event: 9.888 Thread 0x0000020931d5cdb0 Exception <a 'java/lang/ClassNotFoundException'{0x00000000894751e0}: org/gradle/internal/service/scopes/GradleScopeServicesCustomizer> (0x00000000894751e0) 
thrown [s\src\hotspot\share\classfile\systemDictionary.cpp, line 256]

VM Operations (20 events):
Event: 8.949 Executing VM operation: HandshakeAllThreads
Event: 8.949 Executing VM operation: HandshakeAllThreads done
Event: 8.984 Executing VM operation: HandshakeAllThreads
Event: 8.984 Executing VM operation: HandshakeAllThreads done
Event: 8.985 Executing VM operation: HandshakeAllThreads
Event: 8.985 Executing VM operation: HandshakeAllThreads done
Event: 9.435 Executing VM operation: G1CollectForAllocation
Event: 9.440 Executing VM operation: G1CollectForAllocation done
Event: 9.663 Executing VM operation: G1TryInitiateConcMark
Event: 9.668 Executing VM operation: G1TryInitiateConcMark done
Event: 9.708 Executing VM operation: G1Concurrent
Event: 9.711 Executing VM operation: G1Concurrent done
Event: 9.722 Executing VM operation: G1Concurrent
Event: 9.722 Executing VM operation: G1Concurrent done
Event: 9.730 Executing VM operation: G1TryInitiateConcMark
Event: 9.735 Executing VM operation: G1TryInitiateConcMark done
Event: 9.781 Executing VM operation: G1Concurrent
Event: 9.785 Executing VM operation: G1Concurrent done
Event: 9.802 Executing VM operation: G1Concurrent
Event: 9.803 Executing VM operation: G1Concurrent done

Events (20 events):
Event: 8.763 loading class sun/nio/fs/WindowsFileCopy
Event: 8.763 loading class sun/nio/fs/WindowsFileCopy done
Event: 9.388 loading class java/io/DeleteOnExitHook
Event: 9.388 loading class java/io/DeleteOnExitHook done
Event: 9.388 loading class java/io/DeleteOnExitHook$1
Event: 9.388 loading class java/io/DeleteOnExitHook$1 done
Event: 9.851 loading class java/lang/ClassBeanInfo
Event: 9.851 loading class java/lang/ClassBeanInfo done
Event: 9.851 loading class java/lang/ClassBeanInfo
Event: 9.851 loading class java/lang/ClassBeanInfo done
Event: 9.852 loading class java/lang/ClassCustomizer
Event: 9.852 loading class java/lang/ClassCustomizer done
Event: 9.852 loading class java/lang/ClassCustomizer
Event: 9.852 loading class java/lang/ClassCustomizer done
Event: 9.853 loading class sun/reflect/generics/tree/BooleanSignature
Event: 9.853 loading class sun/reflect/generics/tree/BooleanSignature done
Event: 9.854 loading class sun/reflect/generics/reflectiveObjects/GenericArrayTypeImpl
Event: 9.854 loading class sun/reflect/generics/reflectiveObjects/GenericArrayTypeImpl done
Event: 9.859 loading class jdk/internal/vm/annotation/ForceInline
Event: 9.859 loading class jdk/internal/vm/annotation/ForceInline done


Dynamic libraries:
0x00007ff775040000 - 0x00007ff77504a000 	C:\Program Files\Android\Android Studio\jbr\bin\java.exe
0x00007ffacc5b0000 - 0x00007ffacc7a8000 	C:\WINDOWS\SYSTEM32\ntdll.dll
0x00007ffacbd10000 - 0x00007ffacbdcd000 	C:\WINDOWS\System32\KERNEL32.DLL
0x00007ffaca1f0000 - 0x00007ffaca4e6000 	C:\WINDOWS\System32\KERNELBASE.dll
0x00007ffac9ec0000 - 0x00007ffac9fc0000 	C:\WINDOWS\System32\ucrtbase.dll
0x00007ffac7120000 - 0x00007ffac713b000 	C:\Program Files\Android\Android Studio\jbr\bin\VCRUNTIME140.dll
0x00007ffac7100000 - 0x00007ffac7117000 	C:\Program Files\Android\Android Studio\jbr\bin\jli.dll
0x00007ffacb990000 - 0x00007ffacbb2e000 	C:\WINDOWS\System32\USER32.dll
0x00007ffaca1c0000 - 0x00007ffaca1e2000 	C:\WINDOWS\System32\win32u.dll
0x00007ffab9040000 - 0x00007ffab92da000 	C:\WINDOWS\WinSxS\amd64_microsoft.windows.common-controls_6595b64144ccf1df_6.0.19041.3636_none_60b6a03d71f818d5\COMCTL32.dll
0x00007ffaca670000 - 0x00007ffaca69c000 	C:\WINDOWS\System32\GDI32.dll
0x00007ffaca8c0000 - 0x00007ffaca95e000 	C:\WINDOWS\System32\msvcrt.dll
0x00007ffaca4f0000 - 0x00007ffaca60a000 	C:\WINDOWS\System32\gdi32full.dll
0x00007ffaca120000 - 0x00007ffaca1bd000 	C:\WINDOWS\System32\msvcp_win.dll
0x00007ffacbf00000 - 0x00007ffacbf30000 	C:\WINDOWS\System32\IMM32.DLL
0x00007ffac74b0000 - 0x00007ffac74bc000 	C:\Program Files\Android\Android Studio\jbr\bin\vcruntime140_1.dll
0x00007ffaae060000 - 0x00007ffaae0ed000 	C:\Program Files\Android\Android Studio\jbr\bin\msvcp140.dll
0x00007ffa70700000 - 0x00007ffa7136d000 	C:\Program Files\Android\Android Studio\jbr\bin\server\jvm.dll
0x00007ffacb0c0000 - 0x00007ffacb16f000 	C:\WINDOWS\System32\ADVAPI32.dll
0x00007ffacbb30000 - 0x00007ffacbbcc000 	C:\WINDOWS\System32\sechost.dll
0x00007ffaca780000 - 0x00007ffaca8a6000 	C:\WINDOWS\System32\RPCRT4.dll
0x00007ffac7140000 - 0x00007ffac7149000 	C:\WINDOWS\SYSTEM32\WSOCK32.dll
0x00007ffabf530000 - 0x00007ffabf557000 	C:\WINDOWS\SYSTEM32\WINMM.dll
0x00007ffabfdc0000 - 0x00007ffabfdca000 	C:\WINDOWS\SYSTEM32\VERSION.dll
0x00007ffacc500000 - 0x00007ffacc56b000 	C:\WINDOWS\System32\WS2_32.dll
0x00007ffac7a70000 - 0x00007ffac7a82000 	C:\WINDOWS\SYSTEM32\kernel.appcore.dll
0x00007ffac6f50000 - 0x00007ffac6f5a000 	C:\Program Files\Android\Android Studio\jbr\bin\jimage.dll
0x00007ffaac8a0000 - 0x00007ffaaca84000 	C:\WINDOWS\SYSTEM32\DBGHELP.DLL
0x00007ffaacc70000 - 0x00007ffaacca4000 	C:\WINDOWS\SYSTEM32\dbgcore.DLL
0x00007ffac9e30000 - 0x00007ffac9eb2000 	C:\WINDOWS\System32\bcryptPrimitives.dll
0x00007ffab9510000 - 0x00007ffab9535000 	C:\Program Files\Android\Android Studio\jbr\bin\java.dll
0x00007ffac5780000 - 0x00007ffac5798000 	C:\Program Files\Android\Android Studio\jbr\bin\zip.dll
0x00007ffacb170000 - 0x00007ffacb8b4000 	C:\WINDOWS\System32\SHELL32.dll
0x00007ffac7d50000 - 0x00007ffac84eb000 	C:\WINDOWS\SYSTEM32\windows.storage.dll
0x00007ffacbf90000 - 0x00007ffacc2e4000 	C:\WINDOWS\System32\combase.dll
0x00007ffac9600000 - 0x00007ffac962d000 	C:\WINDOWS\SYSTEM32\Wldp.dll
0x00007ffacbe30000 - 0x00007ffacbedd000 	C:\WINDOWS\System32\SHCORE.dll
0x00007ffacbdd0000 - 0x00007ffacbe25000 	C:\WINDOWS\System32\shlwapi.dll
0x00007ffac9bc0000 - 0x00007ffac9be5000 	C:\WINDOWS\SYSTEM32\profapi.dll
0x00007ffac1e30000 - 0x00007ffac1e49000 	C:\Program Files\Android\Android Studio\jbr\bin\net.dll
0x00007ffabf970000 - 0x00007ffabfa7a000 	C:\WINDOWS\SYSTEM32\WINHTTP.dll
0x00007ffac9360000 - 0x00007ffac93ca000 	C:\WINDOWS\system32\mswsock.dll
0x00007ffab71a0000 - 0x00007ffab71b6000 	C:\Program Files\Android\Android Studio\jbr\bin\nio.dll
0x00007ffac4e80000 - 0x00007ffac4e90000 	C:\Program Files\Android\Android Studio\jbr\bin\verify.dll
0x00007ffac41a0000 - 0x00007ffac41c7000 	C:\Users\tynys\.gradle\native\68d5fa5c4cc2d200863cafc0d521ce42e7d3e7ee720ec0a83991735586a16f82\windows-amd64\native-platform.dll
0x00007ffa82b50000 - 0x00007ffa82c94000 	C:\Users\tynys\.gradle\native\e376f236ea51e6404a007f0833ffe2c6e607c4080706a723a18a27aeea778392\windows-amd64\native-platform-file-events.dll
0x00007ffac6ef0000 - 0x00007ffac6ef9000 	C:\Program Files\Android\Android Studio\jbr\bin\management.dll
0x00007ffac5760000 - 0x00007ffac576b000 	C:\Program Files\Android\Android Studio\jbr\bin\management_ext.dll
0x00007ffaca8b0000 - 0x00007ffaca8b8000 	C:\WINDOWS\System32\PSAPI.DLL
0x00007ffac9550000 - 0x00007ffac9568000 	C:\WINDOWS\SYSTEM32\CRYPTSP.dll
0x00007ffac8c90000 - 0x00007ffac8cc4000 	C:\WINDOWS\system32\rsaenh.dll
0x00007ffac9c90000 - 0x00007ffac9cb7000 	C:\WINDOWS\System32\bcrypt.dll
0x00007ffac9b40000 - 0x00007ffac9b6e000 	C:\WINDOWS\SYSTEM32\USERENV.dll
0x00007ffac9570000 - 0x00007ffac957c000 	C:\WINDOWS\SYSTEM32\CRYPTBASE.dll
0x00007ffac9050000 - 0x00007ffac908b000 	C:\WINDOWS\SYSTEM32\IPHLPAPI.DLL
0x00007ffacaa10000 - 0x00007ffacaa18000 	C:\WINDOWS\System32\NSI.dll
0x00007ffabfe80000 - 0x00007ffabfe97000 	C:\WINDOWS\SYSTEM32\dhcpcsvc6.DLL
0x00007ffac0830000 - 0x00007ffac084d000 	C:\WINDOWS\SYSTEM32\dhcpcsvc.DLL
0x00007ffac9090000 - 0x00007ffac915a000 	C:\WINDOWS\SYSTEM32\DNSAPI.dll
0x00007ffac2170000 - 0x00007ffac2177000 	C:\WINDOWS\system32\wshunix.dll

dbghelp: loaded successfully - version: 4.0.5 - missing functions: none
symbol engine: initialized successfully - sym options: 0x614 - pdb path: .;C:\Program Files\Android\Android Studio\jbr\bin;C:\WINDOWS\SYSTEM32;C:\WINDOWS\WinSxS\amd64_microsoft.windows.common-controls_6595b64144ccf1df_6.0.19041.3636_none_60b6a03d71f818d5;C:\Program Files\Android\Android Studio\jbr\bin\server;C:\Users\tynys\.gradle\native\68d5fa5c4cc2d200863cafc0d521ce42e7d3e7ee720ec0a83991735586a16f82\windows-amd64;C:\Users\tynys\.gradle\native\e376f236ea51e6404a007f0833ffe2c6e607c4080706a723a18a27aeea778392\windows-amd64

VM Arguments:
jvm_args: --add-opens=java.base/java.util=ALL-UNNAMED --add-opens=java.base/java.lang=ALL-UNNAMED --add-opens=java.base/java.lang.invoke=ALL-UNNAMED --add-opens=java.prefs/java.util.prefs=ALL-UNNAMED --add-opens=java.base/java.nio.charset=ALL-UNNAMED --add-opens=java.base/java.net=ALL-UNNAMED --add-opens=java.base/java.util.concurrent.atomic=ALL-UNNAMED -Xmx2048m -Dfile.encoding=UTF-8 -Duser.country=RU -Duser.language=ru -Duser.variant 
java_command: org.gradle.launcher.daemon.bootstrap.GradleDaemon 8.0
java_class_path (initial): C:\Users\tynys\.gradle\wrapper\dists\gradle-8.0-bin\ca5e32bp14vu59qr306oxotwh\gradle-8.0\lib\gradle-launcher-8.0.jar
Launcher Type: SUN_STANDARD

[Global flags]
     intx CICompilerCount                          = 4                                         {product} {ergonomic}
     uint ConcGCThreads                            = 2                                         {product} {ergonomic}
     uint G1ConcRefinementThreads                  = 8                                         {product} {ergonomic}
   size_t G1HeapRegionSize                         = 1048576                                   {product} {ergonomic}
    uintx GCDrainStackTargetSize                   = 64                                        {product} {ergonomic}
   size_t InitialHeapSize                          = 100663296                                 {product} {ergonomic}
   size_t MarkStackSize                            = 4194304                                   {product} {ergonomic}
   size_t MaxHeapSize                              = 2147483648                                {product} {command line}
   size_t MaxNewSize                               = 1287651328                                {product} {ergonomic}
   size_t MinHeapDeltaBytes                        = 1048576                                   {product} {ergonomic}
   size_t MinHeapSize                              = 8388608                                   {product} {ergonomic}
    uintx NonNMethodCodeHeapSize                   = 5839372                                {pd product} {ergonomic}
    uintx NonProfiledCodeHeapSize                  = 122909434                              {pd product} {ergonomic}
    uintx ProfiledCodeHeapSize                     = 122909434                              {pd product} {ergonomic}
    uintx ReservedCodeCacheSize                    = 251658240                              {pd product} {ergonomic}
     bool SegmentedCodeCache                       = true                                      {product} {ergonomic}
   size_t SoftMaxHeapSize                          = 2147483648                             {manageable} {ergonomic}
     bool UseCompressedClassPointers               = true                           {product lp64_product} {ergonomic}
     bool UseCompressedOops                        = true                           {product lp64_product} {ergonomic}
     bool UseG1GC                                  = true                                      {product} {ergonomic}
     bool UseLargePagesIndividualAllocation        = false                                  {pd product} {ergonomic}

Logging:
Log output configuration:
 #0: stdout all=warning uptime,level,tags
 #1: stderr all=off uptime,level,tags

Environment Variables:
PATH=C:\WINDOWS\system32;C:\WINDOWS;C:\WINDOWS\System32\Wbem;C:\WINDOWS\System32\WindowsPowerShell\v1.0\;C:\WINDOWS\System32\OpenSSH\;C:\Program Files\Git\cmd;C:\Users\tynys\AppData\Local\Microsoft\WindowsApps;
USERNAME=KamazBratan
OS=Windows_NT
PROCESSOR_IDENTIFIER=AMD64 Family 23 Model 24 Stepping 1, AuthenticAMD
TMP=C:\Users\tynys\AppData\Local\Temp
TEMP=C:\Users\tynys\AppData\Local\Temp



---------------  S Y S T E M  ---------------

OS:
 Windows 10 , 64 bit Build 19041 (10.0.19041.3636)
OS uptime: 11 days 21:42 hours

CPU: total 8 (initial active 8) (8 cores per cpu, 2 threads per core) family 23 model 24 stepping 1 microcode 0x0, cx8, cmov, fxsr, ht, mmx, 3dnowpref, sse, sse2, sse3, ssse3, sse4a, sse4.1, sse4.2, popcnt, lzcnt, tsc, tscinvbit, avx, avx2, aes, clmul, bmi1, bmi2, adx, sha, fma, vzeroupper, clflush, clflushopt

Memory: 4k page, system-wide physical 6091M (244M free)
TotalPageFile size 24523M (AvailPageFile size 5M)
current process WorkingSet (physical memory assigned to process): 272M, peak: 272M
current process commit charge ("private bytes"): 335M, peak: 336M

vm_info: OpenJDK 64-Bit Server VM (17.0.6+0-b2043.56-9586694) for windows-amd64 JRE (17.0.6+0-b2043.56-9586694), built on Feb  9 2023 20:06:20 by "androidbuild" with MS VC++ 16.10 / 16.11 (VS2019)

END.
